<?xml version="1.0" encoding="UTF-8"?>
<robot generator="Robot 7.0 (Python 3.12.3 on linux)" generated="2024-05-11T19:42:26.438400" rpa="false" schemaversion="5">
<suite id="s1" name="Tests" source="/home/sami/academy/FRONTacademy/tests">
<suite id="s1-s1" name="Login" source="/home/sami/academy/FRONTacademy/tests/login.robot">
<test id="s1-s1-t1" name="CT01: Login de acesso" line="9">
<kw name="Abrir o navegador" owner="FRONT" type="SETUP">
<kw name="Open Browser" owner="SeleniumLibrary">
<msg time="2024-05-11T19:42:26.553953" level="INFO">Opening browser 'headlesschrome' to base url 'None'.</msg>
<arg>browser=headlesschrome</arg>
<doc>Opens a new browser instance to the optional ``url``.</doc>
<status status="PASS" start="2024-05-11T19:42:26.553751" elapsed="0.330100"/>
</kw>
<kw name="Maximize Browser Window" owner="SeleniumLibrary">
<doc>Maximizes current browser window.</doc>
<status status="PASS" start="2024-05-11T19:42:26.884038" elapsed="0.014982"/>
</kw>
<status status="PASS" start="2024-05-11T19:42:26.553154" elapsed="0.345979"/>
</kw>
<kw name="Passo 1 - Acessar a página de login do academy" owner="FRONT">
<kw name="Go To" owner="SeleniumLibrary">
<msg time="2024-05-11T19:42:26.899860" level="INFO">Opening url 'https://automacao.qacoders-academy.com.br/login'</msg>
<arg>url=${URL}</arg>
<doc>Navigates the current browser window to the provided ``url``.</doc>
<status status="PASS" start="2024-05-11T19:42:26.899712" elapsed="0.348487"/>
</kw>
<status status="PASS" start="2024-05-11T19:42:26.899404" elapsed="0.348955"/>
</kw>
<kw name="Passo 2 - Digitar mail" owner="FRONT">
<kw name="Wait Until Element Is Visible" owner="SeleniumLibrary">
<arg>locator=${mailInput}</arg>
<doc>Waits until the element ``locator`` is visible.</doc>
<status status="PASS" start="2024-05-11T19:42:27.249036" elapsed="0.043333"/>
</kw>
<kw name="Input Text" owner="SeleniumLibrary">
<msg time="2024-05-11T19:42:27.292804" level="INFO">Typing text 'sysadmin@qacoders.com' into text field '//input[contains(@type,'text')]'.</msg>
<arg>locator=${mailInput}</arg>
<arg>text=${mailLogin}</arg>
<doc>Types the given ``text`` into the text field identified by ``locator``.</doc>
<status status="PASS" start="2024-05-11T19:42:27.292550" elapsed="0.107387"/>
</kw>
<status status="PASS" start="2024-05-11T19:42:27.248677" elapsed="0.151363"/>
</kw>
<kw name="Passo 3 - Digitar uma senha" owner="FRONT">
<kw name="Wait Until Element Is Visible" owner="SeleniumLibrary">
<arg>locator=${passwordinput}</arg>
<doc>Waits until the element ``locator`` is visible.</doc>
<status status="PASS" start="2024-05-11T19:42:27.400475" elapsed="0.028460"/>
</kw>
<kw name="Input Password" owner="SeleniumLibrary">
<msg time="2024-05-11T19:42:27.429603" level="INFO">Typing password into text field '//input[contains(@type,'password')]'.</msg>
<msg time="2024-05-11T19:42:27.479563" level="INFO">Temporally setting log level to: NONE</msg>
<arg>locator=${passwordinput}</arg>
<arg>password=${password}</arg>
<doc>Types the given password into the text field identified by ``locator``.</doc>
<status status="PASS" start="2024-05-11T19:42:27.429215" elapsed="0.080727"/>
</kw>
<status status="PASS" start="2024-05-11T19:42:27.400232" elapsed="0.109859"/>
</kw>
<kw name="Passo 4 - Clicar em entrar" owner="FRONT">
<kw name="Wait Until Element Is Visible" owner="SeleniumLibrary">
<arg>locator=${buttomentrar}</arg>
<doc>Waits until the element ``locator`` is visible.</doc>
<status status="PASS" start="2024-05-11T19:42:27.510693" elapsed="0.019001"/>
</kw>
<kw name="Click Button" owner="SeleniumLibrary">
<msg time="2024-05-11T19:42:27.530956" level="INFO">Clicking button '//button[@class='MuiButtonBase-root MuiButton-root MuiButton-contained MuiButton-containedOrange MuiButton-sizeMedium MuiButton-containedSizeMedium MuiButton-root MuiButton-contained MuiButton-containedOrange MuiButton-sizeMedium MuiButton-containedSizeMedium css-ojf4v2'][contains(.,'Entrar')]'.</msg>
<arg>locator=${buttomentrar}</arg>
<doc>Clicks the button identified by ``locator``.</doc>
<status status="PASS" start="2024-05-11T19:42:27.530535" elapsed="0.056411"/>
</kw>
<status status="PASS" start="2024-05-11T19:42:27.510380" elapsed="0.076667"/>
</kw>
<kw name="Fechar o navegador" owner="FRONT" type="TEARDOWN">
<kw name="Close Browser" owner="SeleniumLibrary">
<doc>Closes the current browser.</doc>
<status status="PASS" start="2024-05-11T19:42:27.587589" elapsed="0.067170"/>
</kw>
<status status="PASS" start="2024-05-11T19:42:27.587327" elapsed="0.067555"/>
</kw>
<status status="PASS" start="2024-05-11T19:42:26.552724" elapsed="1.102260"/>
</test>
<test id="s1-s1-t2" name="CT02 - Digitar email inválido" line="15">
<kw name="Abrir o navegador" owner="FRONT" type="SETUP">
<kw name="Open Browser" owner="SeleniumLibrary">
<msg time="2024-05-11T19:42:27.656017" level="INFO">Opening browser 'headlesschrome' to base url 'None'.</msg>
<arg>browser=headlesschrome</arg>
<doc>Opens a new browser instance to the optional ``url``.</doc>
<status status="PASS" start="2024-05-11T19:42:27.655865" elapsed="0.394242"/>
</kw>
<kw name="Maximize Browser Window" owner="SeleniumLibrary">
<doc>Maximizes current browser window.</doc>
<status status="PASS" start="2024-05-11T19:42:28.050265" elapsed="0.017647"/>
</kw>
<status status="PASS" start="2024-05-11T19:42:27.655620" elapsed="0.412438"/>
</kw>
<kw name="Passo 1 - Acessar a página de login do academy" owner="FRONT">
<kw name="Go To" owner="SeleniumLibrary">
<msg time="2024-05-11T19:42:28.068636" level="INFO">Opening url 'https://automacao.qacoders-academy.com.br/login'</msg>
<arg>url=${URL}</arg>
<doc>Navigates the current browser window to the provided ``url``.</doc>
<status status="PASS" start="2024-05-11T19:42:28.068504" elapsed="0.279036"/>
</kw>
<status status="PASS" start="2024-05-11T19:42:28.068285" elapsed="0.279360"/>
</kw>
<kw name="Digitar email inválido de login" owner="FRONT">
<kw name="Wait Until Element Is Visible" owner="SeleniumLibrary">
<arg>locator=${mailInput}</arg>
<doc>Waits until the element ``locator`` is visible.</doc>
<status status="PASS" start="2024-05-11T19:42:28.348143" elapsed="0.033071"/>
</kw>
<kw name="Input Text" owner="SeleniumLibrary">
<msg time="2024-05-11T19:42:28.381666" level="INFO">Typing text '' into text field '//input[contains(@type,'text')]'.</msg>
<arg>locator=${mailInput}</arg>
<arg>text=</arg>
<doc>Types the given ``text`` into the text field identified by ``locator``.</doc>
<status status="PASS" start="2024-05-11T19:42:28.381417" elapsed="0.060243"/>
</kw>
<kw name="Wait Until Element Is Visible" owner="SeleniumLibrary">
<arg>locator=${passwordinput}</arg>
<doc>Waits until the element ``locator`` is visible.</doc>
<status status="PASS" start="2024-05-11T19:42:28.441837" elapsed="0.012205"/>
</kw>
<kw name="Input Password" owner="SeleniumLibrary">
<msg time="2024-05-11T19:42:28.454438" level="INFO">Typing password into text field '//input[contains(@type,'password')]'.</msg>
<msg time="2024-05-11T19:42:28.473062" level="INFO">Temporally setting log level to: NONE</msg>
<arg>locator=${passwordinput}</arg>
<arg>password=${password}</arg>
<doc>Types the given password into the text field identified by ``locator``.</doc>
<status status="PASS" start="2024-05-11T19:42:28.454209" elapsed="0.061506"/>
</kw>
<kw name="Capture Element Screenshot" owner="SeleniumLibrary">
<msg time="2024-05-11T19:42:28.605065" level="INFO" html="true">&lt;/td&gt;&lt;/tr&gt;&lt;tr&gt;&lt;td colspan="3"&gt;&lt;a href="selenium-element-screenshot-14.png"&gt;&lt;img src="selenium-element-screenshot-14.png" width="400px"&gt;&lt;/a&gt;</msg>
<arg>locator=${telalogin}</arg>
<doc>Captures a screenshot from the element identified by ``locator`` and embeds it into log file.</doc>
<status status="PASS" start="2024-05-11T19:42:28.515915" elapsed="0.089293"/>
</kw>
<status status="PASS" start="2024-05-11T19:42:28.347862" elapsed="0.257476"/>
</kw>
<kw name="Passo 3 - Digitar uma senha" owner="FRONT">
<kw name="Wait Until Element Is Visible" owner="SeleniumLibrary">
<arg>locator=${passwordinput}</arg>
<doc>Waits until the element ``locator`` is visible.</doc>
<status status="PASS" start="2024-05-11T19:42:28.605882" elapsed="0.009928"/>
</kw>
<kw name="Input Password" owner="SeleniumLibrary">
<msg time="2024-05-11T19:42:28.616533" level="INFO">Typing password into text field '//input[contains(@type,'password')]'.</msg>
<msg time="2024-05-11T19:42:28.659205" level="INFO">Temporally setting log level to: NONE</msg>
<arg>locator=${passwordinput}</arg>
<arg>password=${password}</arg>
<doc>Types the given password into the text field identified by ``locator``.</doc>
<status status="PASS" start="2024-05-11T19:42:28.616208" elapsed="0.073657"/>
</kw>
<status status="PASS" start="2024-05-11T19:42:28.605631" elapsed="0.084330"/>
</kw>
<kw name="Passo 4 - Clicar em entrar" owner="FRONT">
<kw name="Wait Until Element Is Visible" owner="SeleniumLibrary">
<arg>locator=${buttomentrar}</arg>
<doc>Waits until the element ``locator`` is visible.</doc>
<status status="PASS" start="2024-05-11T19:42:28.690423" elapsed="0.013467"/>
</kw>
<kw name="Click Button" owner="SeleniumLibrary">
<msg time="2024-05-11T19:42:28.704262" level="INFO">Clicking button '//button[@class='MuiButtonBase-root MuiButton-root MuiButton-contained MuiButton-containedOrange MuiButton-sizeMedium MuiButton-containedSizeMedium MuiButton-root MuiButton-contained MuiButton-containedOrange MuiButton-sizeMedium MuiButton-containedSizeMedium css-ojf4v2'][contains(.,'Entrar')]'.</msg>
<arg>locator=${buttomentrar}</arg>
<doc>Clicks the button identified by ``locator``.</doc>
<status status="PASS" start="2024-05-11T19:42:28.704051" elapsed="0.051860"/>
</kw>
<status status="PASS" start="2024-05-11T19:42:28.690159" elapsed="0.065868"/>
</kw>
<kw name="Fechar o navegador" owner="FRONT" type="TEARDOWN">
<kw name="Close Browser" owner="SeleniumLibrary">
<doc>Closes the current browser.</doc>
<status status="PASS" start="2024-05-11T19:42:28.756521" elapsed="0.066494"/>
</kw>
<status status="PASS" start="2024-05-11T19:42:28.756308" elapsed="0.066827"/>
</kw>
<status status="PASS" start="2024-05-11T19:42:27.655300" elapsed="1.167929"/>
</test>
<status status="PASS" start="2024-05-11T19:42:26.453966" elapsed="2.369760"/>
</suite>
<suite id="s1-s2" name="Logout" source="/home/sami/academy/FRONTacademy/tests/logout.robot">
<test id="s1-s2-t1" name="CT01: Login de acesso" line="9">
<kw name="Abrir o navegador" owner="FRONT" type="SETUP">
<kw name="Open Browser" owner="SeleniumLibrary">
<msg time="2024-05-11T19:42:28.828752" level="INFO">Opening browser 'headlesschrome' to base url 'None'.</msg>
<arg>browser=headlesschrome</arg>
<doc>Opens a new browser instance to the optional ``url``.</doc>
<status status="PASS" start="2024-05-11T19:42:28.828514" elapsed="0.317848"/>
</kw>
<kw name="Maximize Browser Window" owner="SeleniumLibrary">
<doc>Maximizes current browser window.</doc>
<status status="PASS" start="2024-05-11T19:42:29.146522" elapsed="0.013701"/>
</kw>
<status status="PASS" start="2024-05-11T19:42:28.828186" elapsed="0.332131"/>
</kw>
<kw name="Passo 1 - Acessar a página de login do academy" owner="FRONT">
<kw name="Go To" owner="SeleniumLibrary">
<msg time="2024-05-11T19:42:29.160842" level="INFO">Opening url 'https://automacao.qacoders-academy.com.br/login'</msg>
<arg>url=${URL}</arg>
<doc>Navigates the current browser window to the provided ``url``.</doc>
<status status="PASS" start="2024-05-11T19:42:29.160725" elapsed="0.295608"/>
</kw>
<status status="PASS" start="2024-05-11T19:42:29.160514" elapsed="0.295920"/>
</kw>
<kw name="Passo 2 - Digitar mail" owner="FRONT">
<kw name="Wait Until Element Is Visible" owner="SeleniumLibrary">
<arg>locator=${mailInput}</arg>
<doc>Waits until the element ``locator`` is visible.</doc>
<status status="PASS" start="2024-05-11T19:42:29.456824" elapsed="0.040408"/>
</kw>
<kw name="Input Text" owner="SeleniumLibrary">
<msg time="2024-05-11T19:42:29.497635" level="INFO">Typing text 'sysadmin@qacoders.com' into text field '//input[contains(@type,'text')]'.</msg>
<arg>locator=${mailInput}</arg>
<arg>text=${mailLogin}</arg>
<doc>Types the given ``text`` into the text field identified by ``locator``.</doc>
<status status="PASS" start="2024-05-11T19:42:29.497404" elapsed="0.102142"/>
</kw>
<status status="PASS" start="2024-05-11T19:42:29.456620" elapsed="0.143027"/>
</kw>
<kw name="Passo 3 - Digitar uma senha" owner="FRONT">
<kw name="Wait Until Element Is Visible" owner="SeleniumLibrary">
<arg>locator=${passwordinput}</arg>
<doc>Waits until the element ``locator`` is visible.</doc>
<status status="PASS" start="2024-05-11T19:42:29.600063" elapsed="0.018141"/>
</kw>
<kw name="Input Password" owner="SeleniumLibrary">
<msg time="2024-05-11T19:42:29.620835" level="INFO">Typing password into text field '//input[contains(@type,'password')]'.</msg>
<msg time="2024-05-11T19:42:29.648496" level="INFO">Temporally setting log level to: NONE</msg>
<arg>locator=${passwordinput}</arg>
<arg>password=${password}</arg>
<doc>Types the given password into the text field identified by ``locator``.</doc>
<status status="PASS" start="2024-05-11T19:42:29.618913" elapsed="0.058448"/>
</kw>
<status status="PASS" start="2024-05-11T19:42:29.599845" elapsed="0.077615"/>
</kw>
<kw name="Passo 4 - Clicar em entrar" owner="FRONT">
<kw name="Wait Until Element Is Visible" owner="SeleniumLibrary">
<arg>locator=${buttomentrar}</arg>
<doc>Waits until the element ``locator`` is visible.</doc>
<status status="PASS" start="2024-05-11T19:42:29.677880" elapsed="0.019413"/>
</kw>
<kw name="Click Button" owner="SeleniumLibrary">
<msg time="2024-05-11T19:42:29.698204" level="INFO">Clicking button '//button[@class='MuiButtonBase-root MuiButton-root MuiButton-contained MuiButton-containedOrange MuiButton-sizeMedium MuiButton-containedSizeMedium MuiButton-root MuiButton-contained MuiButton-containedOrange MuiButton-sizeMedium MuiButton-containedSizeMedium css-ojf4v2'][contains(.,'Entrar')]'.</msg>
<arg>locator=${buttomentrar}</arg>
<doc>Clicks the button identified by ``locator``.</doc>
<status status="PASS" start="2024-05-11T19:42:29.697831" elapsed="0.050041"/>
</kw>
<status status="PASS" start="2024-05-11T19:42:29.677659" elapsed="0.070341"/>
</kw>
<kw name="Clicar no botão Logout" owner="FRONT">
<kw name="Wait Until Element Is Visible" owner="SeleniumLibrary">
<arg>locator=${buttonLogout}</arg>
<doc>Waits until the element ``locator`` is visible.</doc>
<status status="PASS" start="2024-05-11T19:42:29.748449" elapsed="0.430025"/>
</kw>
<kw name="Click Button" owner="SeleniumLibrary">
<msg time="2024-05-11T19:42:30.178902" level="INFO">Clicking button '//button[@class='css-1nvbq2d'][contains(.,'Logout')]'.</msg>
<arg>locator=${buttonLogout}</arg>
<doc>Clicks the button identified by ``locator``.</doc>
<status status="PASS" start="2024-05-11T19:42:30.178634" elapsed="0.031828"/>
</kw>
<status status="PASS" start="2024-05-11T19:42:29.748228" elapsed="0.462333"/>
</kw>
<kw name="Fechar o navegador" owner="FRONT" type="TEARDOWN">
<kw name="Close Browser" owner="SeleniumLibrary">
<doc>Closes the current browser.</doc>
<status status="PASS" start="2024-05-11T19:42:30.211035" elapsed="0.061667"/>
</kw>
<status status="PASS" start="2024-05-11T19:42:30.210820" elapsed="0.062019"/>
</kw>
<status status="PASS" start="2024-05-11T19:42:28.827654" elapsed="1.445294"/>
</test>
<status status="PASS" start="2024-05-11T19:42:28.824176" elapsed="1.449138"/>
</suite>
<suite id="s1-s3" name="Usuario&amp;Diretoria" source="/home/sami/academy/FRONTacademy/tests/usuario&amp;diretoria.robot">
<test id="s1-s3-t1" name="CT01: cadastro de usuário" line="8">
<kw name="Abrir o navegador" owner="FRONT" type="SETUP">
<kw name="Open Browser" owner="SeleniumLibrary">
<msg time="2024-05-11T19:42:30.280158" level="INFO">Opening browser 'headlesschrome' to base url 'None'.</msg>
<arg>browser=headlesschrome</arg>
<doc>Opens a new browser instance to the optional ``url``.</doc>
<status status="PASS" start="2024-05-11T19:42:30.279792" elapsed="0.381513"/>
</kw>
<kw name="Maximize Browser Window" owner="SeleniumLibrary">
<doc>Maximizes current browser window.</doc>
<status status="PASS" start="2024-05-11T19:42:30.661465" elapsed="0.014968"/>
</kw>
<status status="PASS" start="2024-05-11T19:42:30.279085" elapsed="0.397446"/>
</kw>
<kw name="Passo 1 - Acessar a página de login do academy" owner="FRONT">
<kw name="Go To" owner="SeleniumLibrary">
<msg time="2024-05-11T19:42:30.677159" level="INFO">Opening url 'https://automacao.qacoders-academy.com.br/login'</msg>
<arg>url=${URL}</arg>
<doc>Navigates the current browser window to the provided ``url``.</doc>
<status status="PASS" start="2024-05-11T19:42:30.677036" elapsed="0.392219"/>
</kw>
<status status="PASS" start="2024-05-11T19:42:30.676816" elapsed="0.392541"/>
</kw>
<kw name="Passo 2 - Digitar mail" owner="FRONT">
<kw name="Wait Until Element Is Visible" owner="SeleniumLibrary">
<arg>locator=${mailInput}</arg>
<doc>Waits until the element ``locator`` is visible.</doc>
<status status="PASS" start="2024-05-11T19:42:31.069815" elapsed="0.038785"/>
</kw>
<kw name="Input Text" owner="SeleniumLibrary">
<msg time="2024-05-11T19:42:31.109016" level="INFO">Typing text 'sysadmin@qacoders.com' into text field '//input[contains(@type,'text')]'.</msg>
<arg>locator=${mailInput}</arg>
<arg>text=${mailLogin}</arg>
<doc>Types the given ``text`` into the text field identified by ``locator``.</doc>
<status status="PASS" start="2024-05-11T19:42:31.108771" elapsed="0.092694"/>
</kw>
<status status="PASS" start="2024-05-11T19:42:31.069582" elapsed="0.132047"/>
</kw>
<kw name="Passo 3 - Digitar uma senha" owner="FRONT">
<kw name="Wait Until Element Is Visible" owner="SeleniumLibrary">
<arg>locator=${passwordinput}</arg>
<doc>Waits until the element ``locator`` is visible.</doc>
<status status="PASS" start="2024-05-11T19:42:31.202318" elapsed="0.024525"/>
</kw>
<kw name="Input Password" owner="SeleniumLibrary">
<msg time="2024-05-11T19:42:31.227247" level="INFO">Typing password into text field '//input[contains(@type,'password')]'.</msg>
<msg time="2024-05-11T19:42:31.251927" level="INFO">Temporally setting log level to: NONE</msg>
<arg>locator=${passwordinput}</arg>
<arg>password=${password}</arg>
<doc>Types the given password into the text field identified by ``locator``.</doc>
<status status="PASS" start="2024-05-11T19:42:31.227009" elapsed="0.055222"/>
</kw>
<status status="PASS" start="2024-05-11T19:42:31.201948" elapsed="0.080385"/>
</kw>
<kw name="Passo 4 - Clicar em entrar" owner="FRONT">
<kw name="Wait Until Element Is Visible" owner="SeleniumLibrary">
<arg>locator=${buttomentrar}</arg>
<doc>Waits until the element ``locator`` is visible.</doc>
<status status="PASS" start="2024-05-11T19:42:31.282726" elapsed="0.013064"/>
</kw>
<kw name="Click Button" owner="SeleniumLibrary">
<msg time="2024-05-11T19:42:31.296354" level="INFO">Clicking button '//button[@class='MuiButtonBase-root MuiButton-root MuiButton-contained MuiButton-containedOrange MuiButton-sizeMedium MuiButton-containedSizeMedium MuiButton-root MuiButton-contained MuiButton-containedOrange MuiButton-sizeMedium MuiButton-containedSizeMedium css-ojf4v2'][contains(.,'Entrar')]'.</msg>
<arg>locator=${buttomentrar}</arg>
<doc>Clicks the button identified by ``locator``.</doc>
<status status="PASS" start="2024-05-11T19:42:31.296071" elapsed="0.062650"/>
</kw>
<status status="PASS" start="2024-05-11T19:42:31.282521" elapsed="0.076303"/>
</kw>
<kw name="Passo 5 - Clicar em Cadastros" owner="FRONT">
<kw name="Wait Until Element Is Visible" owner="SeleniumLibrary">
<arg>locator=${cadastro}</arg>
<doc>Waits until the element ``locator`` is visible.</doc>
<status status="PASS" start="2024-05-11T19:42:31.359241" elapsed="0.441133"/>
</kw>
<kw name="Click Element" owner="SeleniumLibrary">
<msg time="2024-05-11T19:42:31.801228" level="INFO">Clicking element '//div[contains(@id,'Cadastros')]'.</msg>
<arg>locator=${cadastro}</arg>
<doc>Click the element identified by ``locator``.</doc>
<status status="PASS" start="2024-05-11T19:42:31.800740" elapsed="0.042152"/>
</kw>
<status status="PASS" start="2024-05-11T19:42:31.359020" elapsed="0.483978"/>
</kw>
<kw name="Passo 6 - Clicar em Usuários" owner="FRONT">
<kw name="Wait Until Element Is Visible" owner="SeleniumLibrary">
<arg>locator=${usuario}</arg>
<doc>Waits until the element ``locator`` is visible.</doc>
<status status="PASS" start="2024-05-11T19:42:31.843471" elapsed="0.016035"/>
</kw>
<kw name="Click Element" owner="SeleniumLibrary">
<msg time="2024-05-11T19:42:31.861738" level="INFO">Clicking element '//div[contains(@id,'Usuários')]'.</msg>
<arg>locator=${usuario}</arg>
<doc>Click the element identified by ``locator``.</doc>
<status status="PASS" start="2024-05-11T19:42:31.860466" elapsed="0.039074"/>
</kw>
<status status="PASS" start="2024-05-11T19:42:31.843208" elapsed="0.056502"/>
</kw>
<kw name="Passo 7 - Clicar no botão novo cadastro" owner="FRONT">
<kw name="Wait Until Element Is Visible" owner="SeleniumLibrary">
<arg>locator=${buttomnovocadastro}</arg>
<doc>Waits until the element ``locator`` is visible.</doc>
<status status="PASS" start="2024-05-11T19:42:31.900348" elapsed="0.047422"/>
</kw>
<kw name="Click Button" owner="SeleniumLibrary">
<msg time="2024-05-11T19:42:31.948153" level="INFO">Clicking button 'Novo Cadastro'.</msg>
<arg>locator=${buttomnovocadastro}</arg>
<doc>Clicks the button identified by ``locator``.</doc>
<status status="PASS" start="2024-05-11T19:42:31.947930" elapsed="0.046471"/>
</kw>
<status status="PASS" start="2024-05-11T19:42:31.900030" elapsed="0.094535"/>
</kw>
<kw name="Passo 8 - Digitar nome completo" owner="FRONT">
<kw name="Wait Until Element Is Visible" owner="SeleniumLibrary">
<arg>locator=${fullnameImput}</arg>
<doc>Waits until the element ``locator`` is visible.</doc>
<status status="PASS" start="2024-05-11T19:42:31.995283" elapsed="0.017728"/>
</kw>
<kw name="Input Text" owner="SeleniumLibrary">
<msg time="2024-05-11T19:42:32.013490" level="INFO">Typing text 'Jussara Park' into text field 'fullName'.</msg>
<arg>locator=${fullnameImput}</arg>
<arg>text=${nomeesobrenome}</arg>
<doc>Types the given ``text`` into the text field identified by ``locator``.</doc>
<status status="PASS" start="2024-05-11T19:42:32.013181" elapsed="0.088125"/>
</kw>
<status status="PASS" start="2024-05-11T19:42:31.994877" elapsed="0.106574"/>
</kw>
<kw name="Passo 9 - Digitar e-mail" owner="FRONT">
<kw name="Generate Random String" owner="String">
<msg time="2024-05-11T19:42:32.102371" level="INFO">${palavra_randomica} = SYlkpZCP</msg>
<var>${palavra_randomica}</var>
<arg>8</arg>
<arg>chars=[LETTERS]</arg>
<doc>Generates a string with a desired ``length`` from the given ``chars``.</doc>
<status status="PASS" start="2024-05-11T19:42:32.102076" elapsed="0.000326"/>
</kw>
<kw name="Convert To Lower Case" owner="String">
<msg time="2024-05-11T19:42:32.102689" level="INFO">${palavra_randomica} = sylkpzcp</msg>
<var>${palavra_randomica}</var>
<arg>${palavra_randomica}</arg>
<doc>Converts string to lower case.</doc>
<status status="PASS" start="2024-05-11T19:42:32.102537" elapsed="0.000175"/>
</kw>
<kw name="Set Test Variable" owner="BuiltIn">
<msg time="2024-05-11T19:42:32.104041" level="INFO">${EMAIL_TEST} = sylkpzcp@hotmail.com</msg>
<arg>${EMAIL_TEST}</arg>
<arg>${palavra_randomica}@hotmail.com</arg>
<doc>Makes a variable available everywhere within the scope of the current test.</doc>
<status status="PASS" start="2024-05-11T19:42:32.102834" elapsed="0.001265"/>
</kw>
<kw name="Log" owner="BuiltIn">
<msg time="2024-05-11T19:42:32.104371" level="INFO">sylkpzcp@hotmail.com</msg>
<arg>${EMAIL_TEST}</arg>
<doc>Logs the given message with the given level.</doc>
<status status="PASS" start="2024-05-11T19:42:32.104241" elapsed="0.000168"/>
</kw>
<kw name="Wait Until Element Is Visible" owner="SeleniumLibrary">
<arg>locator=${mailcadastroInput}</arg>
<doc>Waits until the element ``locator`` is visible.</doc>
<status status="PASS" start="2024-05-11T19:42:32.104517" elapsed="0.022390"/>
</kw>
<kw name="Input Text" owner="SeleniumLibrary">
<msg time="2024-05-11T19:42:32.127341" level="INFO">Typing text 'sylkpzcp@hotmail.com' into text field 'mail'.</msg>
<arg>locator=${mailcadastroInput}</arg>
<arg>text=${EMAIL_TEST}</arg>
<doc>Types the given ``text`` into the text field identified by ``locator``.</doc>
<status status="PASS" start="2024-05-11T19:42:32.127078" elapsed="0.066034"/>
</kw>
<status status="PASS" start="2024-05-11T19:42:32.101757" elapsed="0.091627"/>
</kw>
<kw name="Passo 10 - Digitar perfil de acesso" owner="FRONT">
<kw name="Wait Until Element Is Visible" owner="SeleniumLibrary">
<arg>locator=${accesprofileInput}</arg>
<doc>Waits until the element ``locator`` is visible.</doc>
<status status="PASS" start="2024-05-11T19:42:32.194273" elapsed="0.025215"/>
</kw>
<kw name="Input Text" owner="SeleniumLibrary">
<msg time="2024-05-11T19:42:32.220057" level="INFO">Typing text 'ADMIN' into text field 'accessProfile'.</msg>
<arg>locator=${accesprofileInput}</arg>
<arg>text=${administrador}</arg>
<doc>Types the given ``text`` into the text field identified by ``locator``.</doc>
<status status="PASS" start="2024-05-11T19:42:32.219722" elapsed="0.050839"/>
</kw>
<status status="PASS" start="2024-05-11T19:42:32.193745" elapsed="0.076953"/>
</kw>
<kw name="Passo 11 - Digitar CPF" owner="FRONT">
<kw name="Generate Random String" owner="String">
<msg time="2024-05-11T19:42:32.271559" level="INFO">${cpf_randomico} = 66586763789</msg>
<var>${cpf_randomico}</var>
<arg>11</arg>
<arg>chars=[NUMBERS]</arg>
<doc>Generates a string with a desired ``length`` from the given ``chars``.</doc>
<status status="PASS" start="2024-05-11T19:42:32.271292" elapsed="0.000297"/>
</kw>
<kw name="Set Test Variable" owner="BuiltIn">
<msg time="2024-05-11T19:42:32.272638" level="INFO">${CPF} = 66586763789</msg>
<arg>${CPF}</arg>
<arg>${cpf_randomico}</arg>
<doc>Makes a variable available everywhere within the scope of the current test.</doc>
<status status="PASS" start="2024-05-11T19:42:32.271737" elapsed="0.000959"/>
</kw>
<kw name="Log" owner="BuiltIn">
<msg time="2024-05-11T19:42:32.272940" level="INFO">66586763789</msg>
<arg>${CPF}</arg>
<doc>Logs the given message with the given level.</doc>
<status status="PASS" start="2024-05-11T19:42:32.272823" elapsed="0.000155"/>
</kw>
<kw name="Wait Until Element Is Visible" owner="SeleniumLibrary">
<arg>locator=${cpfinput}</arg>
<doc>Waits until the element ``locator`` is visible.</doc>
<status status="PASS" start="2024-05-11T19:42:32.273084" elapsed="0.025294"/>
</kw>
<kw name="Input Text" owner="SeleniumLibrary">
<msg time="2024-05-11T19:42:32.300761" level="INFO">Typing text '66586763789' into text field 'cpf'.</msg>
<arg>locator=${cpfinput}</arg>
<arg>text=${CPF}</arg>
<doc>Types the given ``text`` into the text field identified by ``locator``.</doc>
<status status="PASS" start="2024-05-11T19:42:32.299542" elapsed="0.087425"/>
</kw>
<status status="PASS" start="2024-05-11T19:42:32.270972" elapsed="0.116105"/>
</kw>
<kw name="Passo 12 - Digitar senha" owner="FRONT">
<kw name="Wait Until Element Is Visible" owner="SeleniumLibrary">
<arg>locator=${passwordcadastroInput}</arg>
<doc>Waits until the element ``locator`` is visible.</doc>
<status status="PASS" start="2024-05-11T19:42:32.387600" elapsed="0.016371"/>
</kw>
<kw name="Input Password" owner="SeleniumLibrary">
<msg time="2024-05-11T19:42:32.404517" level="INFO">Typing password into text field 'password'.</msg>
<msg time="2024-05-11T19:42:32.434934" level="INFO">Temporally setting log level to: NONE</msg>
<arg>locator=${passwordcadastroInput}</arg>
<arg>password=${password}</arg>
<doc>Types the given password into the text field identified by ``locator``.</doc>
<status status="PASS" start="2024-05-11T19:42:32.404199" elapsed="0.069368"/>
</kw>
<status status="PASS" start="2024-05-11T19:42:32.387318" elapsed="0.086344"/>
</kw>
<kw name="Passo 13 - Digitar confirmar senha" owner="FRONT">
<kw name="Wait Until Element Is Visible" owner="SeleniumLibrary">
<arg>locator=${confirmpassword}</arg>
<doc>Waits until the element ``locator`` is visible.</doc>
<status status="PASS" start="2024-05-11T19:42:32.474066" elapsed="0.015620"/>
</kw>
<kw name="Input Password" owner="SeleniumLibrary">
<msg time="2024-05-11T19:42:32.491923" level="INFO">Typing password into text field 'confirmPassword'.</msg>
<msg time="2024-05-11T19:42:32.522812" level="INFO">Temporally setting log level to: NONE</msg>
<arg>locator=${confirmpassword}</arg>
<arg>password=${password}</arg>
<doc>Types the given password into the text field identified by ``locator``.</doc>
<status status="PASS" start="2024-05-11T19:42:32.490551" elapsed="0.062669"/>
</kw>
<status status="PASS" start="2024-05-11T19:42:32.473848" elapsed="0.079478"/>
</kw>
<kw name="Passo 14 - Clicar no Salvar Novo" owner="FRONT">
<kw name="Wait Until Element Is Visible" owner="SeleniumLibrary">
<arg>locator=${buttonsave}</arg>
<doc>Waits until the element ``locator`` is visible.</doc>
<status status="PASS" start="2024-05-11T19:42:32.553771" elapsed="0.024436"/>
</kw>
<kw name="Click Button" owner="SeleniumLibrary">
<msg time="2024-05-11T19:42:32.578587" level="INFO">Clicking button 'save'.</msg>
<arg>locator=${buttonsave}</arg>
<doc>Clicks the button identified by ``locator``.</doc>
<status status="PASS" start="2024-05-11T19:42:32.578375" elapsed="0.051113"/>
</kw>
<status status="PASS" start="2024-05-11T19:42:32.553546" elapsed="0.076045"/>
</kw>
<kw name="Fechar o navegador" owner="FRONT" type="TEARDOWN">
<kw name="Close Browser" owner="SeleniumLibrary">
<doc>Closes the current browser.</doc>
<status status="PASS" start="2024-05-11T19:42:32.630109" elapsed="0.063744"/>
</kw>
<status status="PASS" start="2024-05-11T19:42:32.629858" elapsed="0.064220"/>
</kw>
<status status="PASS" start="2024-05-11T19:42:30.278296" elapsed="2.415976"/>
</test>
<test id="s1-s3-t2" name="CT02 - preencher o campo fullname invalido" line="23">
<kw name="Abrir o navegador" owner="FRONT" type="SETUP">
<kw name="Open Browser" owner="SeleniumLibrary">
<msg time="2024-05-11T19:42:32.696382" level="INFO">Opening browser 'headlesschrome' to base url 'None'.</msg>
<arg>browser=headlesschrome</arg>
<doc>Opens a new browser instance to the optional ``url``.</doc>
<status status="PASS" start="2024-05-11T19:42:32.696075" elapsed="0.355335"/>
</kw>
<kw name="Maximize Browser Window" owner="SeleniumLibrary">
<doc>Maximizes current browser window.</doc>
<status status="PASS" start="2024-05-11T19:42:33.051565" elapsed="0.021020"/>
</kw>
<status status="PASS" start="2024-05-11T19:42:32.695530" elapsed="0.377156"/>
</kw>
<kw name="Passo 1 - Acessar a página de login do academy" owner="FRONT">
<kw name="Go To" owner="SeleniumLibrary">
<msg time="2024-05-11T19:42:33.073256" level="INFO">Opening url 'https://automacao.qacoders-academy.com.br/login'</msg>
<arg>url=${URL}</arg>
<doc>Navigates the current browser window to the provided ``url``.</doc>
<status status="PASS" start="2024-05-11T19:42:33.073124" elapsed="0.293451"/>
</kw>
<status status="PASS" start="2024-05-11T19:42:33.072908" elapsed="0.293770"/>
</kw>
<kw name="Passo 2 - Digitar mail" owner="FRONT">
<kw name="Wait Until Element Is Visible" owner="SeleniumLibrary">
<arg>locator=${mailInput}</arg>
<doc>Waits until the element ``locator`` is visible.</doc>
<status status="PASS" start="2024-05-11T19:42:33.367109" elapsed="0.040742"/>
</kw>
<kw name="Input Text" owner="SeleniumLibrary">
<msg time="2024-05-11T19:42:33.408290" level="INFO">Typing text 'sysadmin@qacoders.com' into text field '//input[contains(@type,'text')]'.</msg>
<arg>locator=${mailInput}</arg>
<arg>text=${mailLogin}</arg>
<doc>Types the given ``text`` into the text field identified by ``locator``.</doc>
<status status="PASS" start="2024-05-11T19:42:33.408047" elapsed="0.098476"/>
</kw>
<status status="PASS" start="2024-05-11T19:42:33.366881" elapsed="0.139756"/>
</kw>
<kw name="Passo 3 - Digitar uma senha" owner="FRONT">
<kw name="Wait Until Element Is Visible" owner="SeleniumLibrary">
<arg>locator=${passwordinput}</arg>
<doc>Waits until the element ``locator`` is visible.</doc>
<status status="PASS" start="2024-05-11T19:42:33.507067" elapsed="0.017186"/>
</kw>
<kw name="Input Password" owner="SeleniumLibrary">
<msg time="2024-05-11T19:42:33.526671" level="INFO">Typing password into text field '//input[contains(@type,'password')]'.</msg>
<msg time="2024-05-11T19:42:33.554452" level="INFO">Temporally setting log level to: NONE</msg>
<arg>locator=${passwordinput}</arg>
<arg>password=${password}</arg>
<doc>Types the given password into the text field identified by ``locator``.</doc>
<status status="PASS" start="2024-05-11T19:42:33.525384" elapsed="0.067274"/>
</kw>
<status status="PASS" start="2024-05-11T19:42:33.506842" elapsed="0.085979"/>
</kw>
<kw name="Passo 4 - Clicar em entrar" owner="FRONT">
<kw name="Wait Until Element Is Visible" owner="SeleniumLibrary">
<arg>locator=${buttomentrar}</arg>
<doc>Waits until the element ``locator`` is visible.</doc>
<status status="PASS" start="2024-05-11T19:42:33.593227" elapsed="0.019356"/>
</kw>
<kw name="Click Button" owner="SeleniumLibrary">
<msg time="2024-05-11T19:42:33.615023" level="INFO">Clicking button '//button[@class='MuiButtonBase-root MuiButton-root MuiButton-contained MuiButton-containedOrange MuiButton-sizeMedium MuiButton-containedSizeMedium MuiButton-root MuiButton-contained MuiButton-containedOrange MuiButton-sizeMedium MuiButton-containedSizeMedium css-ojf4v2'][contains(.,'Entrar')]'.</msg>
<arg>locator=${buttomentrar}</arg>
<doc>Clicks the button identified by ``locator``.</doc>
<status status="PASS" start="2024-05-11T19:42:33.614061" elapsed="0.052105"/>
</kw>
<status status="PASS" start="2024-05-11T19:42:33.593018" elapsed="0.073303"/>
</kw>
<kw name="Passo 5 - Clicar em Cadastros" owner="FRONT">
<kw name="Wait Until Element Is Visible" owner="SeleniumLibrary">
<arg>locator=${cadastro}</arg>
<doc>Waits until the element ``locator`` is visible.</doc>
<status status="PASS" start="2024-05-11T19:42:33.666906" elapsed="0.446760"/>
</kw>
<kw name="Click Element" owner="SeleniumLibrary">
<msg time="2024-05-11T19:42:34.114518" level="INFO">Clicking element '//div[contains(@id,'Cadastros')]'.</msg>
<arg>locator=${cadastro}</arg>
<doc>Click the element identified by ``locator``.</doc>
<status status="PASS" start="2024-05-11T19:42:34.114047" elapsed="0.041967"/>
</kw>
<status status="PASS" start="2024-05-11T19:42:33.666662" elapsed="0.489452"/>
</kw>
<kw name="Passo 6 - Clicar em Usuários" owner="FRONT">
<kw name="Wait Until Element Is Visible" owner="SeleniumLibrary">
<arg>locator=${usuario}</arg>
<doc>Waits until the element ``locator`` is visible.</doc>
<status status="PASS" start="2024-05-11T19:42:34.156556" elapsed="0.014545"/>
</kw>
<kw name="Click Element" owner="SeleniumLibrary">
<msg time="2024-05-11T19:42:34.171522" level="INFO">Clicking element '//div[contains(@id,'Usuários')]'.</msg>
<arg>locator=${usuario}</arg>
<doc>Click the element identified by ``locator``.</doc>
<status status="PASS" start="2024-05-11T19:42:34.171271" elapsed="0.041745"/>
</kw>
<status status="PASS" start="2024-05-11T19:42:34.156327" elapsed="0.056885"/>
</kw>
<kw name="Passo 7 - Clicar no botão novo cadastro" owner="FRONT">
<kw name="Wait Until Element Is Visible" owner="SeleniumLibrary">
<arg>locator=${buttomnovocadastro}</arg>
<doc>Waits until the element ``locator`` is visible.</doc>
<status status="PASS" start="2024-05-11T19:42:34.213917" elapsed="0.233705"/>
</kw>
<kw name="Click Button" owner="SeleniumLibrary">
<msg time="2024-05-11T19:42:34.448506" level="INFO">Clicking button 'Novo Cadastro'.</msg>
<arg>locator=${buttomnovocadastro}</arg>
<doc>Clicks the button identified by ``locator``.</doc>
<status status="PASS" start="2024-05-11T19:42:34.448013" elapsed="0.061572"/>
</kw>
<status status="PASS" start="2024-05-11T19:42:34.213628" elapsed="0.296130"/>
</kw>
<kw name="Campo FullName inválido" owner="FRONT">
<kw name="Wait Until Element Is Visible" owner="SeleniumLibrary">
<arg>locator=${fullnameImput}</arg>
<doc>Waits until the element ``locator`` is visible.</doc>
<status status="PASS" start="2024-05-11T19:42:34.510416" elapsed="0.016410"/>
</kw>
<kw name="Input Text" owner="SeleniumLibrary">
<msg time="2024-05-11T19:42:34.527866" level="INFO">Typing text 'saa saa' into text field 'fullName'.</msg>
<arg>locator=${fullnameImput}</arg>
<arg>text=${fullnameinvalido}</arg>
<doc>Types the given ``text`` into the text field identified by ``locator``.</doc>
<status status="PASS" start="2024-05-11T19:42:34.527470" elapsed="0.074668"/>
</kw>
<status status="PASS" start="2024-05-11T19:42:34.510080" elapsed="0.092162"/>
</kw>
<kw name="Passo 9 - Digitar e-mail" owner="FRONT">
<kw name="Generate Random String" owner="String">
<msg time="2024-05-11T19:42:34.602990" level="INFO">${palavra_randomica} = CJQhwFPQ</msg>
<var>${palavra_randomica}</var>
<arg>8</arg>
<arg>chars=[LETTERS]</arg>
<doc>Generates a string with a desired ``length`` from the given ``chars``.</doc>
<status status="PASS" start="2024-05-11T19:42:34.602795" elapsed="0.000217"/>
</kw>
<kw name="Convert To Lower Case" owner="String">
<msg time="2024-05-11T19:42:34.603293" level="INFO">${palavra_randomica} = cjqhwfpq</msg>
<var>${palavra_randomica}</var>
<arg>${palavra_randomica}</arg>
<doc>Converts string to lower case.</doc>
<status status="PASS" start="2024-05-11T19:42:34.603109" elapsed="0.000208"/>
</kw>
<kw name="Set Test Variable" owner="BuiltIn">
<msg time="2024-05-11T19:42:34.604210" level="INFO">${EMAIL_TEST} = cjqhwfpq@hotmail.com</msg>
<arg>${EMAIL_TEST}</arg>
<arg>${palavra_randomica}@hotmail.com</arg>
<doc>Makes a variable available everywhere within the scope of the current test.</doc>
<status status="PASS" start="2024-05-11T19:42:34.603465" elapsed="0.000782"/>
</kw>
<kw name="Log" owner="BuiltIn">
<msg time="2024-05-11T19:42:34.604427" level="INFO">cjqhwfpq@hotmail.com</msg>
<arg>${EMAIL_TEST}</arg>
<doc>Logs the given message with the given level.</doc>
<status status="PASS" start="2024-05-11T19:42:34.604336" elapsed="0.000122"/>
</kw>
<kw name="Wait Until Element Is Visible" owner="SeleniumLibrary">
<arg>locator=${mailcadastroInput}</arg>
<doc>Waits until the element ``locator`` is visible.</doc>
<status status="PASS" start="2024-05-11T19:42:34.604534" elapsed="0.016634"/>
</kw>
<kw name="Input Text" owner="SeleniumLibrary">
<msg time="2024-05-11T19:42:34.621615" level="INFO">Typing text 'cjqhwfpq@hotmail.com' into text field 'mail'.</msg>
<arg>locator=${mailcadastroInput}</arg>
<arg>text=${EMAIL_TEST}</arg>
<doc>Types the given ``text`` into the text field identified by ``locator``.</doc>
<status status="PASS" start="2024-05-11T19:42:34.621350" elapsed="0.089541"/>
</kw>
<status status="PASS" start="2024-05-11T19:42:34.602508" elapsed="0.108522"/>
</kw>
<kw name="Passo 10 - Digitar perfil de acesso" owner="FRONT">
<kw name="Wait Until Element Is Visible" owner="SeleniumLibrary">
<arg>locator=${accesprofileInput}</arg>
<doc>Waits until the element ``locator`` is visible.</doc>
<status status="PASS" start="2024-05-11T19:42:34.711795" elapsed="0.018554"/>
</kw>
<kw name="Input Text" owner="SeleniumLibrary">
<msg time="2024-05-11T19:42:34.732963" level="INFO">Typing text 'ADMIN' into text field 'accessProfile'.</msg>
<arg>locator=${accesprofileInput}</arg>
<arg>text=${administrador}</arg>
<doc>Types the given ``text`` into the text field identified by ``locator``.</doc>
<status status="PASS" start="2024-05-11T19:42:34.731617" elapsed="0.059312"/>
</kw>
<status status="PASS" start="2024-05-11T19:42:34.711388" elapsed="0.079664"/>
</kw>
<kw name="Passo 11 - Digitar CPF" owner="FRONT">
<kw name="Generate Random String" owner="String">
<msg time="2024-05-11T19:42:34.791943" level="INFO">${cpf_randomico} = 83608185993</msg>
<var>${cpf_randomico}</var>
<arg>11</arg>
<arg>chars=[NUMBERS]</arg>
<doc>Generates a string with a desired ``length`` from the given ``chars``.</doc>
<status status="PASS" start="2024-05-11T19:42:34.791760" elapsed="0.000208"/>
</kw>
<kw name="Set Test Variable" owner="BuiltIn">
<msg time="2024-05-11T19:42:34.792622" level="INFO">${CPF} = 83608185993</msg>
<arg>${CPF}</arg>
<arg>${cpf_randomico}</arg>
<doc>Makes a variable available everywhere within the scope of the current test.</doc>
<status status="PASS" start="2024-05-11T19:42:34.792062" elapsed="0.000592"/>
</kw>
<kw name="Log" owner="BuiltIn">
<msg time="2024-05-11T19:42:34.792819" level="INFO">83608185993</msg>
<arg>${CPF}</arg>
<doc>Logs the given message with the given level.</doc>
<status status="PASS" start="2024-05-11T19:42:34.792734" elapsed="0.000111"/>
</kw>
<kw name="Wait Until Element Is Visible" owner="SeleniumLibrary">
<arg>locator=${cpfinput}</arg>
<doc>Waits until the element ``locator`` is visible.</doc>
<status status="PASS" start="2024-05-11T19:42:34.792922" elapsed="0.015724"/>
</kw>
<kw name="Input Text" owner="SeleniumLibrary">
<msg time="2024-05-11T19:42:34.810117" level="INFO">Typing text '83608185993' into text field 'cpf'.</msg>
<arg>locator=${cpfinput}</arg>
<arg>text=${CPF}</arg>
<doc>Types the given ``text`` into the text field identified by ``locator``.</doc>
<status status="PASS" start="2024-05-11T19:42:34.809363" elapsed="0.079461"/>
</kw>
<status status="PASS" start="2024-05-11T19:42:34.791394" elapsed="0.097599"/>
</kw>
<kw name="Passo 12 - Digitar senha" owner="FRONT">
<kw name="Wait Until Element Is Visible" owner="SeleniumLibrary">
<arg>locator=${passwordcadastroInput}</arg>
<doc>Waits until the element ``locator`` is visible.</doc>
<status status="PASS" start="2024-05-11T19:42:34.889543" elapsed="0.022003"/>
</kw>
<kw name="Input Password" owner="SeleniumLibrary">
<msg time="2024-05-11T19:42:34.914372" level="INFO">Typing password into text field 'password'.</msg>
<msg time="2024-05-11T19:42:34.941184" level="INFO">Temporally setting log level to: NONE</msg>
<arg>locator=${passwordcadastroInput}</arg>
<arg>password=${password}</arg>
<doc>Types the given password into the text field identified by ``locator``.</doc>
<status status="PASS" start="2024-05-11T19:42:34.913033" elapsed="0.059271"/>
</kw>
<status status="PASS" start="2024-05-11T19:42:34.889265" elapsed="0.083138"/>
</kw>
<kw name="Passo 13 - Digitar confirmar senha" owner="FRONT">
<kw name="Wait Until Element Is Visible" owner="SeleniumLibrary">
<arg>locator=${confirmpassword}</arg>
<doc>Waits until the element ``locator`` is visible.</doc>
<status status="PASS" start="2024-05-11T19:42:34.972853" elapsed="0.016018"/>
</kw>
<kw name="Input Password" owner="SeleniumLibrary">
<msg time="2024-05-11T19:42:34.991461" level="INFO">Typing password into text field 'confirmPassword'.</msg>
<msg time="2024-05-11T19:42:35.027570" level="INFO">Temporally setting log level to: NONE</msg>
<arg>locator=${confirmpassword}</arg>
<arg>password=${password}</arg>
<doc>Types the given password into the text field identified by ``locator``.</doc>
<status status="PASS" start="2024-05-11T19:42:34.990060" elapsed="0.069416"/>
</kw>
<status status="PASS" start="2024-05-11T19:42:34.972591" elapsed="0.086993"/>
</kw>
<kw name="Passo 14 - Clicar no Salvar Novo" owner="FRONT">
<kw name="Wait Until Element Is Visible" owner="SeleniumLibrary">
<arg>locator=${buttonsave}</arg>
<doc>Waits until the element ``locator`` is visible.</doc>
<status status="PASS" start="2024-05-11T19:42:35.060033" elapsed="0.025802"/>
</kw>
<kw name="Click Button" owner="SeleniumLibrary">
<msg time="2024-05-11T19:42:35.086210" level="INFO">Clicking button 'save'.</msg>
<arg>locator=${buttonsave}</arg>
<doc>Clicks the button identified by ``locator``.</doc>
<status status="PASS" start="2024-05-11T19:42:35.086003" elapsed="0.052165"/>
</kw>
<status status="PASS" start="2024-05-11T19:42:35.059797" elapsed="0.078474"/>
</kw>
<kw name="Fechar o navegador" owner="FRONT" type="TEARDOWN">
<kw name="Close Browser" owner="SeleniumLibrary">
<doc>Closes the current browser.</doc>
<status status="PASS" start="2024-05-11T19:42:35.138800" elapsed="0.056095"/>
</kw>
<status status="PASS" start="2024-05-11T19:42:35.138557" elapsed="0.056442"/>
</kw>
<status status="PASS" start="2024-05-11T19:42:32.694815" elapsed="2.500265"/>
</test>
<test id="s1-s3-t3" name="CT03 - preencher o campo email com email invalido" line="38">
<kw name="Abrir o navegador" owner="FRONT" type="SETUP">
<kw name="Open Browser" owner="SeleniumLibrary">
<msg time="2024-05-11T19:42:35.195927" level="INFO">Opening browser 'headlesschrome' to base url 'None'.</msg>
<arg>browser=headlesschrome</arg>
<doc>Opens a new browser instance to the optional ``url``.</doc>
<status status="PASS" start="2024-05-11T19:42:35.195802" elapsed="0.353087"/>
</kw>
<kw name="Maximize Browser Window" owner="SeleniumLibrary">
<doc>Maximizes current browser window.</doc>
<status status="PASS" start="2024-05-11T19:42:35.549049" elapsed="0.012662"/>
</kw>
<status status="PASS" start="2024-05-11T19:42:35.195577" elapsed="0.366227"/>
</kw>
<kw name="Passo 1 - Acessar a página de login do academy" owner="FRONT">
<kw name="Go To" owner="SeleniumLibrary">
<msg time="2024-05-11T19:42:35.562690" level="INFO">Opening url 'https://automacao.qacoders-academy.com.br/login'</msg>
<arg>url=${URL}</arg>
<doc>Navigates the current browser window to the provided ``url``.</doc>
<status status="PASS" start="2024-05-11T19:42:35.562398" elapsed="0.300803"/>
</kw>
<status status="PASS" start="2024-05-11T19:42:35.562108" elapsed="0.301270"/>
</kw>
<kw name="Passo 2 - Digitar mail" owner="FRONT">
<kw name="Wait Until Element Is Visible" owner="SeleniumLibrary">
<arg>locator=${mailInput}</arg>
<doc>Waits until the element ``locator`` is visible.</doc>
<status status="PASS" start="2024-05-11T19:42:35.864043" elapsed="0.026694"/>
</kw>
<kw name="Input Text" owner="SeleniumLibrary">
<msg time="2024-05-11T19:42:35.891140" level="INFO">Typing text 'sysadmin@qacoders.com' into text field '//input[contains(@type,'text')]'.</msg>
<arg>locator=${mailInput}</arg>
<arg>text=${mailLogin}</arg>
<doc>Types the given ``text`` into the text field identified by ``locator``.</doc>
<status status="PASS" start="2024-05-11T19:42:35.890906" elapsed="0.102746"/>
</kw>
<status status="PASS" start="2024-05-11T19:42:35.863764" elapsed="0.129993"/>
</kw>
<kw name="Passo 3 - Digitar uma senha" owner="FRONT">
<kw name="Wait Until Element Is Visible" owner="SeleniumLibrary">
<arg>locator=${passwordinput}</arg>
<doc>Waits until the element ``locator`` is visible.</doc>
<status status="PASS" start="2024-05-11T19:42:35.994160" elapsed="0.015150"/>
</kw>
<kw name="Input Password" owner="SeleniumLibrary">
<msg time="2024-05-11T19:42:36.009734" level="INFO">Typing password into text field '//input[contains(@type,'password')]'.</msg>
<msg time="2024-05-11T19:42:36.033972" level="INFO">Temporally setting log level to: NONE</msg>
<arg>locator=${passwordinput}</arg>
<arg>password=${password}</arg>
<doc>Types the given password into the text field identified by ``locator``.</doc>
<status status="PASS" start="2024-05-11T19:42:36.009492" elapsed="0.052981"/>
</kw>
<status status="PASS" start="2024-05-11T19:42:35.993942" elapsed="0.068702"/>
</kw>
<kw name="Passo 4 - Clicar em entrar" owner="FRONT">
<kw name="Wait Until Element Is Visible" owner="SeleniumLibrary">
<arg>locator=${buttomentrar}</arg>
<doc>Waits until the element ``locator`` is visible.</doc>
<status status="PASS" start="2024-05-11T19:42:36.065183" elapsed="0.034156"/>
</kw>
<kw name="Click Button" owner="SeleniumLibrary">
<msg time="2024-05-11T19:42:36.102464" level="INFO">Clicking button '//button[@class='MuiButtonBase-root MuiButton-root MuiButton-contained MuiButton-containedOrange MuiButton-sizeMedium MuiButton-containedSizeMedium MuiButton-root MuiButton-contained MuiButton-containedOrange MuiButton-sizeMedium MuiButton-containedSizeMedium css-ojf4v2'][contains(.,'Entrar')]'.</msg>
<arg>locator=${buttomentrar}</arg>
<doc>Clicks the button identified by ``locator``.</doc>
<status status="PASS" start="2024-05-11T19:42:36.100735" elapsed="0.043366"/>
</kw>
<status status="PASS" start="2024-05-11T19:42:36.063517" elapsed="0.080686"/>
</kw>
<kw name="Passo 5 - Clicar em Cadastros" owner="FRONT">
<kw name="Wait Until Element Is Visible" owner="SeleniumLibrary">
<arg>locator=${cadastro}</arg>
<doc>Waits until the element ``locator`` is visible.</doc>
<status status="PASS" start="2024-05-11T19:42:36.144638" elapsed="0.447250"/>
</kw>
<kw name="Click Element" owner="SeleniumLibrary">
<msg time="2024-05-11T19:42:36.592657" level="INFO">Clicking element '//div[contains(@id,'Cadastros')]'.</msg>
<arg>locator=${cadastro}</arg>
<doc>Click the element identified by ``locator``.</doc>
<status status="PASS" start="2024-05-11T19:42:36.592219" elapsed="0.033505"/>
</kw>
<status status="PASS" start="2024-05-11T19:42:36.144404" elapsed="0.481483"/>
</kw>
<kw name="Passo 6 - Clicar em Usuários" owner="FRONT">
<kw name="Wait Until Element Is Visible" owner="SeleniumLibrary">
<arg>locator=${usuario}</arg>
<doc>Waits until the element ``locator`` is visible.</doc>
<status status="PASS" start="2024-05-11T19:42:36.626706" elapsed="0.019292"/>
</kw>
<kw name="Click Element" owner="SeleniumLibrary">
<msg time="2024-05-11T19:42:36.646937" level="INFO">Clicking element '//div[contains(@id,'Usuários')]'.</msg>
<arg>locator=${usuario}</arg>
<doc>Click the element identified by ``locator``.</doc>
<status status="PASS" start="2024-05-11T19:42:36.646558" elapsed="0.036773"/>
</kw>
<status status="PASS" start="2024-05-11T19:42:36.626323" elapsed="0.057121"/>
</kw>
<kw name="Passo 7 - Clicar no botão novo cadastro" owner="FRONT">
<kw name="Wait Until Element Is Visible" owner="SeleniumLibrary">
<arg>locator=${buttomnovocadastro}</arg>
<doc>Waits until the element ``locator`` is visible.</doc>
<status status="PASS" start="2024-05-11T19:42:36.683963" elapsed="0.049585"/>
</kw>
<kw name="Click Button" owner="SeleniumLibrary">
<msg time="2024-05-11T19:42:36.733917" level="INFO">Clicking button 'Novo Cadastro'.</msg>
<arg>locator=${buttomnovocadastro}</arg>
<doc>Clicks the button identified by ``locator``.</doc>
<status status="PASS" start="2024-05-11T19:42:36.733708" elapsed="0.044430"/>
</kw>
<status status="PASS" start="2024-05-11T19:42:36.683689" elapsed="0.094596"/>
</kw>
<kw name="Passo 8 - Digitar nome completo" owner="FRONT">
<kw name="Wait Until Element Is Visible" owner="SeleniumLibrary">
<arg>locator=${fullnameImput}</arg>
<doc>Waits until the element ``locator`` is visible.</doc>
<status status="PASS" start="2024-05-11T19:42:36.778975" elapsed="0.029592"/>
</kw>
<kw name="Input Text" owner="SeleniumLibrary">
<msg time="2024-05-11T19:42:36.809902" level="INFO">Typing text 'Jussara Park' into text field 'fullName'.</msg>
<arg>locator=${fullnameImput}</arg>
<arg>text=${nomeesobrenome}</arg>
<doc>Types the given ``text`` into the text field identified by ``locator``.</doc>
<status status="PASS" start="2024-05-11T19:42:36.809284" elapsed="0.079704"/>
</kw>
<status status="PASS" start="2024-05-11T19:42:36.778579" elapsed="0.110510"/>
</kw>
<kw name="Digitar email invalido do usuário" owner="FRONT">
<kw name="Wait Until Element Is Visible" owner="SeleniumLibrary">
<arg>locator=${mailcadastroInput}</arg>
<doc>Waits until the element ``locator`` is visible.</doc>
<status status="PASS" start="2024-05-11T19:42:36.889521" elapsed="0.012963"/>
</kw>
<kw name="Input Text" owner="SeleniumLibrary">
<msg time="2024-05-11T19:42:36.903092" level="INFO">Typing text 'sasa.com' into text field 'mail'.</msg>
<arg>locator=${mailcadastroInput}</arg>
<arg>text=${emailinvalidousu}</arg>
<doc>Types the given ``text`` into the text field identified by ``locator``.</doc>
<status status="PASS" start="2024-05-11T19:42:36.902717" elapsed="0.065636"/>
</kw>
<status status="PASS" start="2024-05-11T19:42:36.889306" elapsed="0.079152"/>
</kw>
<kw name="Passo 10 - Digitar perfil de acesso" owner="FRONT">
<kw name="Wait Until Element Is Visible" owner="SeleniumLibrary">
<arg>locator=${accesprofileInput}</arg>
<doc>Waits until the element ``locator`` is visible.</doc>
<status status="PASS" start="2024-05-11T19:42:36.968893" elapsed="0.014936"/>
</kw>
<kw name="Input Text" owner="SeleniumLibrary">
<msg time="2024-05-11T19:42:36.985071" level="INFO">Typing text 'ADMIN' into text field 'accessProfile'.</msg>
<arg>locator=${accesprofileInput}</arg>
<arg>text=${administrador}</arg>
<doc>Types the given ``text`` into the text field identified by ``locator``.</doc>
<status status="PASS" start="2024-05-11T19:42:36.984453" elapsed="0.066133"/>
</kw>
<status status="PASS" start="2024-05-11T19:42:36.968655" elapsed="0.082076"/>
</kw>
<kw name="Passo 11 - Digitar CPF" owner="FRONT">
<kw name="Generate Random String" owner="String">
<msg time="2024-05-11T19:42:37.051377" level="INFO">${cpf_randomico} = 36530989494</msg>
<var>${cpf_randomico}</var>
<arg>11</arg>
<arg>chars=[NUMBERS]</arg>
<doc>Generates a string with a desired ``length`` from the given ``chars``.</doc>
<status status="PASS" start="2024-05-11T19:42:37.051162" elapsed="0.000239"/>
</kw>
<kw name="Set Test Variable" owner="BuiltIn">
<msg time="2024-05-11T19:42:37.052059" level="INFO">${CPF} = 36530989494</msg>
<arg>${CPF}</arg>
<arg>${cpf_randomico}</arg>
<doc>Makes a variable available everywhere within the scope of the current test.</doc>
<status status="PASS" start="2024-05-11T19:42:37.051500" elapsed="0.000589"/>
</kw>
<kw name="Log" owner="BuiltIn">
<msg time="2024-05-11T19:42:37.052263" level="INFO">36530989494</msg>
<arg>${CPF}</arg>
<doc>Logs the given message with the given level.</doc>
<status status="PASS" start="2024-05-11T19:42:37.052174" elapsed="0.000118"/>
</kw>
<kw name="Wait Until Element Is Visible" owner="SeleniumLibrary">
<arg>locator=${cpfinput}</arg>
<doc>Waits until the element ``locator`` is visible.</doc>
<status status="PASS" start="2024-05-11T19:42:37.052373" elapsed="0.050618"/>
</kw>
<kw name="Input Text" owner="SeleniumLibrary">
<msg time="2024-05-11T19:42:37.103595" level="INFO">Typing text '36530989494' into text field 'cpf'.</msg>
<arg>locator=${cpfinput}</arg>
<arg>text=${CPF}</arg>
<doc>Types the given ``text`` into the text field identified by ``locator``.</doc>
<status status="PASS" start="2024-05-11T19:42:37.103235" elapsed="0.049014"/>
</kw>
<status status="PASS" start="2024-05-11T19:42:37.050939" elapsed="0.101407"/>
</kw>
<kw name="Passo 12 - Digitar senha" owner="FRONT">
<kw name="Wait Until Element Is Visible" owner="SeleniumLibrary">
<arg>locator=${passwordcadastroInput}</arg>
<doc>Waits until the element ``locator`` is visible.</doc>
<status status="PASS" start="2024-05-11T19:42:37.152758" elapsed="0.017980"/>
</kw>
<kw name="Input Password" owner="SeleniumLibrary">
<msg time="2024-05-11T19:42:37.171613" level="INFO">Typing password into text field 'password'.</msg>
<msg time="2024-05-11T19:42:37.210590" level="INFO">Temporally setting log level to: NONE</msg>
<arg>locator=${passwordcadastroInput}</arg>
<arg>password=${password}</arg>
<doc>Types the given password into the text field identified by ``locator``.</doc>
<status status="PASS" start="2024-05-11T19:42:37.171081" elapsed="0.070158"/>
</kw>
<status status="PASS" start="2024-05-11T19:42:37.152535" elapsed="0.088867"/>
</kw>
<kw name="Passo 13 - Digitar confirmar senha" owner="FRONT">
<kw name="Wait Until Element Is Visible" owner="SeleniumLibrary">
<arg>locator=${confirmpassword}</arg>
<doc>Waits until the element ``locator`` is visible.</doc>
<status status="PASS" start="2024-05-11T19:42:37.242089" elapsed="0.012470"/>
</kw>
<kw name="Input Password" owner="SeleniumLibrary">
<msg time="2024-05-11T19:42:37.255494" level="INFO">Typing password into text field 'confirmPassword'.</msg>
<msg time="2024-05-11T19:42:37.288751" level="INFO">Temporally setting log level to: NONE</msg>
<arg>locator=${confirmpassword}</arg>
<arg>password=${password}</arg>
<doc>Types the given password into the text field identified by ``locator``.</doc>
<status status="PASS" start="2024-05-11T19:42:37.254813" elapsed="0.078053"/>
</kw>
<status status="PASS" start="2024-05-11T19:42:37.241747" elapsed="0.091215"/>
</kw>
<kw name="Clicar no botão salvar novo usuario" owner="FRONT">
<kw name="Wait Until Element Is Visible" owner="SeleniumLibrary">
<arg>locator=${buttonsave}</arg>
<doc>Waits until the element ``locator`` is visible.</doc>
<status status="PASS" start="2024-05-11T19:42:37.333473" elapsed="0.017392"/>
</kw>
<kw name="Click Button" owner="SeleniumLibrary">
<msg time="2024-05-11T19:42:37.352060" level="INFO">Clicking button 'save'.</msg>
<arg>locator=${buttonsave}</arg>
<doc>Clicks the button identified by ``locator``.</doc>
<status status="PASS" start="2024-05-11T19:42:37.351428" elapsed="0.048320"/>
</kw>
<kw name="Capture Element Screenshot" owner="SeleniumLibrary">
<msg time="2024-05-11T19:42:37.476637" level="INFO" html="true">&lt;/td&gt;&lt;/tr&gt;&lt;tr&gt;&lt;td colspan="3"&gt;&lt;a href="selenium-element-screenshot-15.png"&gt;&lt;img src="selenium-element-screenshot-15.png" width="400px"&gt;&lt;/a&gt;</msg>
<arg>locator=${teladocadastrodousuario}</arg>
<doc>Captures a screenshot from the element identified by ``locator`` and embeds it into log file.</doc>
<status status="PASS" start="2024-05-11T19:42:37.399924" elapsed="0.076935"/>
</kw>
<status status="PASS" start="2024-05-11T19:42:37.333155" elapsed="0.143847"/>
</kw>
<kw name="Fechar o navegador" owner="FRONT" type="TEARDOWN">
<kw name="Close Browser" owner="SeleniumLibrary">
<doc>Closes the current browser.</doc>
<status status="PASS" start="2024-05-11T19:42:37.477531" elapsed="0.059831"/>
</kw>
<status status="PASS" start="2024-05-11T19:42:37.477307" elapsed="0.060201"/>
</kw>
<status status="PASS" start="2024-05-11T19:42:35.195289" elapsed="2.342334"/>
</test>
<test id="s1-s3-t4" name="CT04 - campos obrigatorios em branco" line="54">
<kw name="Abrir o navegador" owner="FRONT" type="SETUP">
<kw name="Open Browser" owner="SeleniumLibrary">
<msg time="2024-05-11T19:42:37.538895" level="INFO">Opening browser 'headlesschrome' to base url 'None'.</msg>
<arg>browser=headlesschrome</arg>
<doc>Opens a new browser instance to the optional ``url``.</doc>
<status status="PASS" start="2024-05-11T19:42:37.538703" elapsed="0.311166"/>
</kw>
<kw name="Maximize Browser Window" owner="SeleniumLibrary">
<doc>Maximizes current browser window.</doc>
<status status="PASS" start="2024-05-11T19:42:37.850020" elapsed="0.014553"/>
</kw>
<status status="PASS" start="2024-05-11T19:42:37.538364" elapsed="0.326325"/>
</kw>
<kw name="Passo 1 - Acessar a página de login do academy" owner="FRONT">
<kw name="Go To" owner="SeleniumLibrary">
<msg time="2024-05-11T19:42:37.865248" level="INFO">Opening url 'https://automacao.qacoders-academy.com.br/login'</msg>
<arg>url=${URL}</arg>
<doc>Navigates the current browser window to the provided ``url``.</doc>
<status status="PASS" start="2024-05-11T19:42:37.865121" elapsed="0.446434"/>
</kw>
<status status="PASS" start="2024-05-11T19:42:37.864903" elapsed="0.446776"/>
</kw>
<kw name="Passo 2 - Digitar mail" owner="FRONT">
<kw name="Wait Until Element Is Visible" owner="SeleniumLibrary">
<arg>locator=${mailInput}</arg>
<doc>Waits until the element ``locator`` is visible.</doc>
<status status="PASS" start="2024-05-11T19:42:38.312212" elapsed="0.035219"/>
</kw>
<kw name="Input Text" owner="SeleniumLibrary">
<msg time="2024-05-11T19:42:38.349284" level="INFO">Typing text 'sysadmin@qacoders.com' into text field '//input[contains(@type,'text')]'.</msg>
<arg>locator=${mailInput}</arg>
<arg>text=${mailLogin}</arg>
<doc>Types the given ``text`` into the text field identified by ``locator``.</doc>
<status status="PASS" start="2024-05-11T19:42:38.348297" elapsed="0.105635"/>
</kw>
<status status="PASS" start="2024-05-11T19:42:38.311964" elapsed="0.142068"/>
</kw>
<kw name="Passo 3 - Digitar uma senha" owner="FRONT">
<kw name="Wait Until Element Is Visible" owner="SeleniumLibrary">
<arg>locator=${passwordinput}</arg>
<doc>Waits until the element ``locator`` is visible.</doc>
<status status="PASS" start="2024-05-11T19:42:38.454456" elapsed="0.015605"/>
</kw>
<kw name="Input Password" owner="SeleniumLibrary">
<msg time="2024-05-11T19:42:38.470464" level="INFO">Typing password into text field '//input[contains(@type,'password')]'.</msg>
<msg time="2024-05-11T19:42:38.500065" level="INFO">Temporally setting log level to: NONE</msg>
<arg>locator=${passwordinput}</arg>
<arg>password=${password}</arg>
<doc>Types the given password into the text field identified by ``locator``.</doc>
<status status="PASS" start="2024-05-11T19:42:38.470225" elapsed="0.058759"/>
</kw>
<status status="PASS" start="2024-05-11T19:42:38.454217" elapsed="0.074921"/>
</kw>
<kw name="Passo 4 - Clicar em entrar" owner="FRONT">
<kw name="Wait Until Element Is Visible" owner="SeleniumLibrary">
<arg>locator=${buttomentrar}</arg>
<doc>Waits until the element ``locator`` is visible.</doc>
<status status="PASS" start="2024-05-11T19:42:38.529830" elapsed="0.013856"/>
</kw>
<kw name="Click Button" owner="SeleniumLibrary">
<msg time="2024-05-11T19:42:38.544069" level="INFO">Clicking button '//button[@class='MuiButtonBase-root MuiButton-root MuiButton-contained MuiButton-containedOrange MuiButton-sizeMedium MuiButton-containedSizeMedium MuiButton-root MuiButton-contained MuiButton-containedOrange MuiButton-sizeMedium MuiButton-containedSizeMedium css-ojf4v2'][contains(.,'Entrar')]'.</msg>
<arg>locator=${buttomentrar}</arg>
<doc>Clicks the button identified by ``locator``.</doc>
<status status="PASS" start="2024-05-11T19:42:38.543858" elapsed="0.065299"/>
</kw>
<status status="PASS" start="2024-05-11T19:42:38.529466" elapsed="0.079795"/>
</kw>
<kw name="Passo 5 - Clicar em Cadastros" owner="FRONT">
<kw name="Wait Until Element Is Visible" owner="SeleniumLibrary">
<arg>locator=${cadastro}</arg>
<doc>Waits until the element ``locator`` is visible.</doc>
<status status="PASS" start="2024-05-11T19:42:38.609685" elapsed="0.432716"/>
</kw>
<kw name="Click Element" owner="SeleniumLibrary">
<msg time="2024-05-11T19:42:39.042771" level="INFO">Clicking element '//div[contains(@id,'Cadastros')]'.</msg>
<arg>locator=${cadastro}</arg>
<doc>Click the element identified by ``locator``.</doc>
<status status="PASS" start="2024-05-11T19:42:39.042568" elapsed="0.038646"/>
</kw>
<status status="PASS" start="2024-05-11T19:42:38.609459" elapsed="0.471937"/>
</kw>
<kw name="Passo 6 - Clicar em Usuários" owner="FRONT">
<kw name="Wait Until Element Is Visible" owner="SeleniumLibrary">
<arg>locator=${usuario}</arg>
<doc>Waits until the element ``locator`` is visible.</doc>
<status status="PASS" start="2024-05-11T19:42:39.082035" elapsed="0.014962"/>
</kw>
<kw name="Click Element" owner="SeleniumLibrary">
<msg time="2024-05-11T19:42:39.098046" level="INFO">Clicking element '//div[contains(@id,'Usuários')]'.</msg>
<arg>locator=${usuario}</arg>
<doc>Click the element identified by ``locator``.</doc>
<status status="PASS" start="2024-05-11T19:42:39.097295" elapsed="0.039349"/>
</kw>
<status status="PASS" start="2024-05-11T19:42:39.081697" elapsed="0.055054"/>
</kw>
<kw name="Passo 7 - Clicar no botão novo cadastro" owner="FRONT">
<kw name="Wait Until Element Is Visible" owner="SeleniumLibrary">
<arg>locator=${buttomnovocadastro}</arg>
<doc>Waits until the element ``locator`` is visible.</doc>
<status status="PASS" start="2024-05-11T19:42:39.137296" elapsed="0.233369"/>
</kw>
<kw name="Click Button" owner="SeleniumLibrary">
<msg time="2024-05-11T19:42:39.371547" level="INFO">Clicking button 'Novo Cadastro'.</msg>
<arg>locator=${buttomnovocadastro}</arg>
<doc>Clicks the button identified by ``locator``.</doc>
<status status="PASS" start="2024-05-11T19:42:39.371036" elapsed="0.050075"/>
</kw>
<status status="PASS" start="2024-05-11T19:42:39.136975" elapsed="0.284263"/>
</kw>
<kw name="FullName em branco" owner="FRONT">
<kw name="Wait Until Element Is Visible" owner="SeleniumLibrary">
<arg>locator=${fullnameImput}</arg>
<doc>Waits until the element ``locator`` is visible.</doc>
<status status="PASS" start="2024-05-11T19:42:39.421758" elapsed="0.029861"/>
</kw>
<kw name="Input Text" owner="SeleniumLibrary">
<msg time="2024-05-11T19:42:39.452237" level="INFO">Typing text '' into text field 'fullName'.</msg>
<arg>locator=${fullnameImput}</arg>
<arg>text=</arg>
<doc>Types the given ``text`` into the text field identified by ``locator``.</doc>
<status status="PASS" start="2024-05-11T19:42:39.451869" elapsed="0.070024"/>
</kw>
<status status="PASS" start="2024-05-11T19:42:39.421497" elapsed="0.100558"/>
</kw>
<kw name=" Email em branco" owner="FRONT">
<kw name="Wait Until Element Is Visible" owner="SeleniumLibrary">
<arg>locator=${mailcadastroInput}</arg>
<doc>Waits until the element ``locator`` is visible.</doc>
<status status="PASS" start="2024-05-11T19:42:39.522615" elapsed="0.023119"/>
</kw>
<kw name="Input Text" owner="SeleniumLibrary">
<msg time="2024-05-11T19:42:39.548045" level="INFO">Typing text '' into text field 'mail'.</msg>
<arg>locator=${mailcadastroInput}</arg>
<arg>text=</arg>
<doc>Types the given ``text`` into the text field identified by ``locator``.</doc>
<status status="PASS" start="2024-05-11T19:42:39.546836" elapsed="0.071952"/>
</kw>
<status status="PASS" start="2024-05-11T19:42:39.522371" elapsed="0.096607"/>
</kw>
<kw name="Perfil de acesso em branco" owner="FRONT">
<kw name="Wait Until Element Is Visible" owner="SeleniumLibrary">
<arg>locator=${accesprofileInput}</arg>
<doc>Waits until the element ``locator`` is visible.</doc>
<status status="PASS" start="2024-05-11T19:42:39.619493" elapsed="0.014894"/>
</kw>
<kw name="Input Text" owner="SeleniumLibrary">
<msg time="2024-05-11T19:42:39.635274" level="INFO">Typing text '' into text field 'accessProfile'.</msg>
<arg>locator=${accesprofileInput}</arg>
<arg>text=</arg>
<doc>Types the given ``text`` into the text field identified by ``locator``.</doc>
<status status="PASS" start="2024-05-11T19:42:39.634797" elapsed="0.048776"/>
</kw>
<status status="PASS" start="2024-05-11T19:42:39.619252" elapsed="0.064471"/>
</kw>
<kw name="CPF em branco" owner="FRONT">
<kw name="Wait Until Element Is Visible" owner="SeleniumLibrary">
<arg>locator=${cpfinput}</arg>
<doc>Waits until the element ``locator`` is visible.</doc>
<status status="PASS" start="2024-05-11T19:42:39.684334" elapsed="0.018734"/>
</kw>
<kw name="Input Text" owner="SeleniumLibrary">
<msg time="2024-05-11T19:42:39.703624" level="INFO">Typing text '' into text field 'cpf'.</msg>
<arg>locator=${cpfinput}</arg>
<arg>text=</arg>
<doc>Types the given ``text`` into the text field identified by ``locator``.</doc>
<status status="PASS" start="2024-05-11T19:42:39.703375" elapsed="0.047337"/>
</kw>
<status status="PASS" start="2024-05-11T19:42:39.684029" elapsed="0.066848"/>
</kw>
<kw name="Senha em branco" owner="FRONT">
<kw name="Wait Until Element Is Visible" owner="SeleniumLibrary">
<arg>locator=${passwordcadastroInput}</arg>
<doc>Waits until the element ``locator`` is visible.</doc>
<status status="PASS" start="2024-05-11T19:42:39.751669" elapsed="0.020455"/>
</kw>
<kw name="Input Password" owner="SeleniumLibrary">
<msg time="2024-05-11T19:42:39.772753" level="INFO">Typing password into text field 'password'.</msg>
<msg time="2024-05-11T19:42:39.799757" level="INFO">Temporally setting log level to: NONE</msg>
<arg>locator=${passwordcadastroInput}</arg>
<arg>password=</arg>
<doc>Types the given password into the text field identified by ``locator``.</doc>
<status status="PASS" start="2024-05-11T19:42:39.772322" elapsed="0.056232"/>
</kw>
<status status="PASS" start="2024-05-11T19:42:39.751176" elapsed="0.077476"/>
</kw>
<kw name="Confimar senha branco" owner="FRONT">
<kw name="Wait Until Element Is Visible" owner="SeleniumLibrary">
<arg>locator=${confirmpassword}</arg>
<doc>Waits until the element ``locator`` is visible.</doc>
<status status="PASS" start="2024-05-11T19:42:39.829053" elapsed="0.015713"/>
</kw>
<kw name="Input Password" owner="SeleniumLibrary">
<msg time="2024-05-11T19:42:39.845228" level="INFO">Typing password into text field 'confirmPassword'.</msg>
<msg time="2024-05-11T19:42:39.878294" level="INFO">Temporally setting log level to: NONE</msg>
<arg>locator=${confirmpassword}</arg>
<arg>password=</arg>
<doc>Types the given password into the text field identified by ``locator``.</doc>
<status status="PASS" start="2024-05-11T19:42:39.844991" elapsed="0.057034"/>
</kw>
<status status="PASS" start="2024-05-11T19:42:39.828853" elapsed="0.073274"/>
</kw>
<kw name="Clicar no botão salvar novo usuario" owner="FRONT">
<kw name="Wait Until Element Is Visible" owner="SeleniumLibrary">
<arg>locator=${buttonsave}</arg>
<doc>Waits until the element ``locator`` is visible.</doc>
<status status="PASS" start="2024-05-11T19:42:39.902576" elapsed="0.015578"/>
</kw>
<kw name="Click Button" owner="SeleniumLibrary">
<msg time="2024-05-11T19:42:39.918562" level="INFO">Clicking button 'save'.</msg>
<arg>locator=${buttonsave}</arg>
<doc>Clicks the button identified by ``locator``.</doc>
<status status="PASS" start="2024-05-11T19:42:39.918340" elapsed="0.054898"/>
</kw>
<kw name="Capture Element Screenshot" owner="SeleniumLibrary">
<msg time="2024-05-11T19:42:40.116447" level="INFO" html="true">&lt;/td&gt;&lt;/tr&gt;&lt;tr&gt;&lt;td colspan="3"&gt;&lt;a href="selenium-element-screenshot-16.png"&gt;&lt;img src="selenium-element-screenshot-16.png" width="400px"&gt;&lt;/a&gt;</msg>
<arg>locator=${teladocadastrodousuario}</arg>
<doc>Captures a screenshot from the element identified by ``locator`` and embeds it into log file.</doc>
<status status="PASS" start="2024-05-11T19:42:39.973415" elapsed="0.143132"/>
</kw>
<status status="PASS" start="2024-05-11T19:42:39.902349" elapsed="0.214311"/>
</kw>
<kw name="Fechar o navegador" owner="FRONT" type="TEARDOWN">
<kw name="Close Browser" owner="SeleniumLibrary">
<doc>Closes the current browser.</doc>
<status status="PASS" start="2024-05-11T19:42:40.117257" elapsed="0.055926"/>
</kw>
<status status="PASS" start="2024-05-11T19:42:40.117007" elapsed="0.056291"/>
</kw>
<status status="PASS" start="2024-05-11T19:42:37.537932" elapsed="2.635453"/>
</test>
<test id="s1-s3-t5" name="CT05 - cadastrar diretoria" line="69">
<kw name="Abrir o navegador" owner="FRONT" type="SETUP">
<kw name="Open Browser" owner="SeleniumLibrary">
<msg time="2024-05-11T19:42:40.174245" level="INFO">Opening browser 'headlesschrome' to base url 'None'.</msg>
<arg>browser=headlesschrome</arg>
<doc>Opens a new browser instance to the optional ``url``.</doc>
<status status="PASS" start="2024-05-11T19:42:40.174114" elapsed="0.327739"/>
</kw>
<kw name="Maximize Browser Window" owner="SeleniumLibrary">
<doc>Maximizes current browser window.</doc>
<status status="PASS" start="2024-05-11T19:42:40.502012" elapsed="0.014837"/>
</kw>
<status status="PASS" start="2024-05-11T19:42:40.173887" elapsed="0.343070"/>
</kw>
<kw name="Passo 1 - Acessar a página de login do academy" owner="FRONT">
<kw name="Go To" owner="SeleniumLibrary">
<msg time="2024-05-11T19:42:40.517540" level="INFO">Opening url 'https://automacao.qacoders-academy.com.br/login'</msg>
<arg>url=${URL}</arg>
<doc>Navigates the current browser window to the provided ``url``.</doc>
<status status="PASS" start="2024-05-11T19:42:40.517404" elapsed="0.297175"/>
</kw>
<status status="PASS" start="2024-05-11T19:42:40.517171" elapsed="0.297619"/>
</kw>
<kw name="Passo 2 - Digitar mail" owner="FRONT">
<kw name="Wait Until Element Is Visible" owner="SeleniumLibrary">
<arg>locator=${mailInput}</arg>
<doc>Waits until the element ``locator`` is visible.</doc>
<status status="PASS" start="2024-05-11T19:42:40.815441" elapsed="0.045179"/>
</kw>
<kw name="Input Text" owner="SeleniumLibrary">
<msg time="2024-05-11T19:42:40.861025" level="INFO">Typing text 'sysadmin@qacoders.com' into text field '//input[contains(@type,'text')]'.</msg>
<arg>locator=${mailInput}</arg>
<arg>text=${mailLogin}</arg>
<doc>Types the given ``text`` into the text field identified by ``locator``.</doc>
<status status="PASS" start="2024-05-11T19:42:40.860788" elapsed="0.096897"/>
</kw>
<status status="PASS" start="2024-05-11T19:42:40.815093" elapsed="0.142694"/>
</kw>
<kw name="Passo 3 - Digitar uma senha" owner="FRONT">
<kw name="Wait Until Element Is Visible" owner="SeleniumLibrary">
<arg>locator=${passwordinput}</arg>
<doc>Waits until the element ``locator`` is visible.</doc>
<status status="PASS" start="2024-05-11T19:42:40.958277" elapsed="0.017324"/>
</kw>
<kw name="Input Password" owner="SeleniumLibrary">
<msg time="2024-05-11T19:42:40.977706" level="INFO">Typing password into text field '//input[contains(@type,'password')]'.</msg>
<msg time="2024-05-11T19:42:41.005648" level="INFO">Temporally setting log level to: NONE</msg>
<arg>locator=${passwordinput}</arg>
<arg>password=${password}</arg>
<doc>Types the given password into the text field identified by ``locator``.</doc>
<status status="PASS" start="2024-05-11T19:42:40.976354" elapsed="0.060171"/>
</kw>
<status status="PASS" start="2024-05-11T19:42:40.958009" elapsed="0.078615"/>
</kw>
<kw name="Passo 4 - Clicar em entrar" owner="FRONT">
<kw name="Wait Until Element Is Visible" owner="SeleniumLibrary">
<arg>locator=${buttomentrar}</arg>
<doc>Waits until the element ``locator`` is visible.</doc>
<status status="PASS" start="2024-05-11T19:42:41.037074" elapsed="0.015160"/>
</kw>
<kw name="Click Button" owner="SeleniumLibrary">
<msg time="2024-05-11T19:42:41.052866" level="INFO">Clicking button '//button[@class='MuiButtonBase-root MuiButton-root MuiButton-contained MuiButton-containedOrange MuiButton-sizeMedium MuiButton-containedSizeMedium MuiButton-root MuiButton-contained MuiButton-containedOrange MuiButton-sizeMedium MuiButton-containedSizeMedium css-ojf4v2'][contains(.,'Entrar')]'.</msg>
<arg>locator=${buttomentrar}</arg>
<doc>Clicks the button identified by ``locator``.</doc>
<status status="PASS" start="2024-05-11T19:42:41.052635" elapsed="0.057448"/>
</kw>
<status status="PASS" start="2024-05-11T19:42:41.036831" elapsed="0.073350"/>
</kw>
<kw name="Passo 5 - Clicar em Cadastros" owner="FRONT">
<kw name="Wait Until Element Is Visible" owner="SeleniumLibrary">
<arg>locator=${cadastro}</arg>
<doc>Waits until the element ``locator`` is visible.</doc>
<status status="PASS" start="2024-05-11T19:42:41.110668" elapsed="0.447642"/>
</kw>
<kw name="Click Element" owner="SeleniumLibrary">
<msg time="2024-05-11T19:42:41.559190" level="INFO">Clicking element '//div[contains(@id,'Cadastros')]'.</msg>
<arg>locator=${cadastro}</arg>
<doc>Click the element identified by ``locator``.</doc>
<status status="PASS" start="2024-05-11T19:42:41.558683" elapsed="0.041649"/>
</kw>
<status status="PASS" start="2024-05-11T19:42:41.110402" elapsed="0.490038"/>
</kw>
<kw name="Clicar em diretorias" owner="FRONT">
<kw name="Wait Until Element Is Visible" owner="SeleniumLibrary">
<arg>locator=${diretoria}</arg>
<doc>Waits until the element ``locator`` is visible.</doc>
<status status="PASS" start="2024-05-11T19:42:41.600962" elapsed="0.021079"/>
</kw>
<kw name="Click Element" owner="SeleniumLibrary">
<msg time="2024-05-11T19:42:41.622874" level="INFO">Clicking element '//span[@class='MuiTypography-root MuiTypography-body1 MuiListItemText-primary css-yb0lig'][contains(.,'Diretorias')]'.</msg>
<arg>locator=${diretoria}</arg>
<doc>Click the element identified by ``locator``.</doc>
<status status="PASS" start="2024-05-11T19:42:41.622520" elapsed="0.034976"/>
</kw>
<status status="PASS" start="2024-05-11T19:42:41.600650" elapsed="0.056951"/>
</kw>
<kw name="Clicar em novo cadastro" owner="FRONT">
<kw name="Wait Until Element Is Visible" owner="SeleniumLibrary">
<arg>locator=${novocadastrobuttomdire}</arg>
<doc>Waits until the element ``locator`` is visible.</doc>
<status status="PASS" start="2024-05-11T19:42:41.658030" elapsed="0.232557"/>
</kw>
<kw name="Click Button" owner="SeleniumLibrary">
<msg time="2024-05-11T19:42:41.891387" level="INFO">Clicking button 'Novo Cadastro'.</msg>
<arg>locator=${novocadastrobuttomdire}</arg>
<doc>Clicks the button identified by ``locator``.</doc>
<status status="PASS" start="2024-05-11T19:42:41.890919" elapsed="0.061436"/>
</kw>
<status status="PASS" start="2024-05-11T19:42:41.657795" elapsed="0.294682"/>
</kw>
<kw name="digitar dados da diretoria" owner="FRONT">
<kw name="Generate Random String" owner="String">
<msg time="2024-05-11T19:42:41.953252" level="INFO">${board_randomica} = URCGzqQf</msg>
<var>${board_randomica}</var>
<arg>8</arg>
<arg>chars=[LETTERS]</arg>
<doc>Generates a string with a desired ``length`` from the given ``chars``.</doc>
<status status="PASS" start="2024-05-11T19:42:41.953054" elapsed="0.000222"/>
</kw>
<kw name="Convert To Lower Case" owner="String">
<msg time="2024-05-11T19:42:41.953478" level="INFO">${board_randomica} = urcgzqqf</msg>
<var>${board_randomica}</var>
<arg>${board_randomica}</arg>
<doc>Converts string to lower case.</doc>
<status status="PASS" start="2024-05-11T19:42:41.953374" elapsed="0.000121"/>
</kw>
<kw name="Set Test Variable" owner="BuiltIn">
<msg time="2024-05-11T19:42:41.954359" level="INFO">${nomedoboard} = urcgzqqf</msg>
<arg>${nomedoboard}</arg>
<arg>${board_randomica}</arg>
<doc>Makes a variable available everywhere within the scope of the current test.</doc>
<status status="PASS" start="2024-05-11T19:42:41.953577" elapsed="0.000839"/>
</kw>
<kw name="Log" owner="BuiltIn">
<msg time="2024-05-11T19:42:41.954724" level="INFO">urcgzqqf</msg>
<arg>${nomedoboard}</arg>
<doc>Logs the given message with the given level.</doc>
<status status="PASS" start="2024-05-11T19:42:41.954551" elapsed="0.000224"/>
</kw>
<kw name="Wait Until Element Is Visible" owner="SeleniumLibrary">
<arg>locator=${boardname}</arg>
<doc>Waits until the element ``locator`` is visible.</doc>
<status status="PASS" start="2024-05-11T19:42:41.954928" elapsed="0.068362"/>
</kw>
<kw name="Input Text" owner="SeleniumLibrary">
<msg time="2024-05-11T19:42:42.024088" level="INFO">Typing text 'urcgzqqf' into text field 'boardName'.</msg>
<arg>locator=${boardname}</arg>
<arg>text=${nomedoboard}</arg>
<doc>Types the given ``text`` into the text field identified by ``locator``.</doc>
<status status="PASS" start="2024-05-11T19:42:42.023667" elapsed="0.069663"/>
</kw>
<status status="PASS" start="2024-05-11T19:42:41.952764" elapsed="0.140672"/>
</kw>
<kw name="Clicar no botão salvar novo" owner="FRONT">
<kw name="Wait Until Element Is Visible" owner="SeleniumLibrary">
<arg>locator=${bottonsalvarnovo}</arg>
<doc>Waits until the element ``locator`` is visible.</doc>
<status status="PASS" start="2024-05-11T19:42:42.093915" elapsed="0.016161"/>
</kw>
<kw name="Click Button" owner="SeleniumLibrary">
<msg time="2024-05-11T19:42:42.110767" level="INFO">Clicking button 'save'.</msg>
<arg>locator=${bottonsalvarnovo}</arg>
<doc>Clicks the button identified by ``locator``.</doc>
<status status="PASS" start="2024-05-11T19:42:42.110274" elapsed="0.044357"/>
</kw>
<status status="PASS" start="2024-05-11T19:42:42.093678" elapsed="0.061110"/>
</kw>
<kw name="Fechar o navegador" owner="FRONT" type="TEARDOWN">
<kw name="Close Browser" owner="SeleniumLibrary">
<doc>Closes the current browser.</doc>
<status status="PASS" start="2024-05-11T19:42:42.155309" elapsed="0.060510"/>
</kw>
<status status="PASS" start="2024-05-11T19:42:42.155068" elapsed="0.060906"/>
</kw>
<status status="PASS" start="2024-05-11T19:42:40.173606" elapsed="2.042493"/>
</test>
<test id="s1-s3-t6" name="CT06 - Editar diretorias" line="79">
<kw name="Abrir o navegador" owner="FRONT" type="SETUP">
<kw name="Open Browser" owner="SeleniumLibrary">
<msg time="2024-05-11T19:42:42.217383" level="INFO">Opening browser 'headlesschrome' to base url 'None'.</msg>
<arg>browser=headlesschrome</arg>
<doc>Opens a new browser instance to the optional ``url``.</doc>
<status status="PASS" start="2024-05-11T19:42:42.217191" elapsed="0.282198"/>
</kw>
<kw name="Maximize Browser Window" owner="SeleniumLibrary">
<doc>Maximizes current browser window.</doc>
<status status="PASS" start="2024-05-11T19:42:42.499545" elapsed="0.014937"/>
</kw>
<status status="PASS" start="2024-05-11T19:42:42.216850" elapsed="0.297739"/>
</kw>
<kw name="Passo 1 - Acessar a página de login do academy" owner="FRONT">
<kw name="Go To" owner="SeleniumLibrary">
<msg time="2024-05-11T19:42:42.515240" level="INFO">Opening url 'https://automacao.qacoders-academy.com.br/login'</msg>
<arg>url=${URL}</arg>
<doc>Navigates the current browser window to the provided ``url``.</doc>
<status status="PASS" start="2024-05-11T19:42:42.515112" elapsed="0.273301"/>
</kw>
<status status="PASS" start="2024-05-11T19:42:42.514869" elapsed="0.273682"/>
</kw>
<kw name="Passo 2 - Digitar mail" owner="FRONT">
<kw name="Wait Until Element Is Visible" owner="SeleniumLibrary">
<arg>locator=${mailInput}</arg>
<doc>Waits until the element ``locator`` is visible.</doc>
<status status="PASS" start="2024-05-11T19:42:42.789027" elapsed="0.029087"/>
</kw>
<kw name="Input Text" owner="SeleniumLibrary">
<msg time="2024-05-11T19:42:42.825758" level="INFO">Typing text 'sysadmin@qacoders.com' into text field '//input[contains(@type,'text')]'.</msg>
<arg>locator=${mailInput}</arg>
<arg>text=${mailLogin}</arg>
<doc>Types the given ``text`` into the text field identified by ``locator``.</doc>
<status status="PASS" start="2024-05-11T19:42:42.820705" elapsed="0.109541"/>
</kw>
<status status="PASS" start="2024-05-11T19:42:42.788761" elapsed="0.141594"/>
</kw>
<kw name="Passo 3 - Digitar uma senha" owner="FRONT">
<kw name="Wait Until Element Is Visible" owner="SeleniumLibrary">
<arg>locator=${passwordinput}</arg>
<doc>Waits until the element ``locator`` is visible.</doc>
<status status="PASS" start="2024-05-11T19:42:42.930908" elapsed="0.015899"/>
</kw>
<kw name="Input Password" owner="SeleniumLibrary">
<msg time="2024-05-11T19:42:42.947730" level="INFO">Typing password into text field '//input[contains(@type,'password')]'.</msg>
<msg time="2024-05-11T19:42:42.977325" level="INFO">Temporally setting log level to: NONE</msg>
<arg>locator=${passwordinput}</arg>
<arg>password=${password}</arg>
<doc>Types the given password into the text field identified by ``locator``.</doc>
<status status="PASS" start="2024-05-11T19:42:42.947017" elapsed="0.061872"/>
</kw>
<status status="PASS" start="2024-05-11T19:42:42.930644" elapsed="0.078347"/>
</kw>
<kw name="Passo 4 - Clicar em entrar" owner="FRONT">
<kw name="Wait Until Element Is Visible" owner="SeleniumLibrary">
<arg>locator=${buttomentrar}</arg>
<doc>Waits until the element ``locator`` is visible.</doc>
<status status="PASS" start="2024-05-11T19:42:43.009411" elapsed="0.016514"/>
</kw>
<kw name="Click Button" owner="SeleniumLibrary">
<msg time="2024-05-11T19:42:43.028331" level="INFO">Clicking button '//button[@class='MuiButtonBase-root MuiButton-root MuiButton-contained MuiButton-containedOrange MuiButton-sizeMedium MuiButton-containedSizeMedium MuiButton-root MuiButton-contained MuiButton-containedOrange MuiButton-sizeMedium MuiButton-containedSizeMedium css-ojf4v2'][contains(.,'Entrar')]'.</msg>
<arg>locator=${buttomentrar}</arg>
<doc>Clicks the button identified by ``locator``.</doc>
<status status="PASS" start="2024-05-11T19:42:43.026677" elapsed="0.061518"/>
</kw>
<status status="PASS" start="2024-05-11T19:42:43.009197" elapsed="0.079130"/>
</kw>
<kw name="Passo 5 - Clicar em Cadastros" owner="FRONT">
<kw name="Wait Until Element Is Visible" owner="SeleniumLibrary">
<msg time="2024-05-11T19:42:43.534236" level="INFO">Suppressing StaleElementReferenceException from Selenium.</msg>
<arg>locator=${cadastro}</arg>
<doc>Waits until the element ``locator`` is visible.</doc>
<status status="PASS" start="2024-05-11T19:42:43.088834" elapsed="0.664046"/>
</kw>
<kw name="Click Element" owner="SeleniumLibrary">
<msg time="2024-05-11T19:42:43.753696" level="INFO">Clicking element '//div[contains(@id,'Cadastros')]'.</msg>
<arg>locator=${cadastro}</arg>
<doc>Click the element identified by ``locator``.</doc>
<status status="PASS" start="2024-05-11T19:42:43.753242" elapsed="0.037794"/>
</kw>
<status status="PASS" start="2024-05-11T19:42:43.088577" elapsed="0.702567"/>
</kw>
<kw name="Clicar em diretorias" owner="FRONT">
<kw name="Wait Until Element Is Visible" owner="SeleniumLibrary">
<arg>locator=${diretoria}</arg>
<doc>Waits until the element ``locator`` is visible.</doc>
<status status="PASS" start="2024-05-11T19:42:43.791613" elapsed="0.014080"/>
</kw>
<kw name="Click Element" owner="SeleniumLibrary">
<msg time="2024-05-11T19:42:43.807439" level="INFO">Clicking element '//span[@class='MuiTypography-root MuiTypography-body1 MuiListItemText-primary css-yb0lig'][contains(.,'Diretorias')]'.</msg>
<arg>locator=${diretoria}</arg>
<doc>Click the element identified by ``locator``.</doc>
<status status="PASS" start="2024-05-11T19:42:43.806713" elapsed="0.050386"/>
</kw>
<status status="PASS" start="2024-05-11T19:42:43.791363" elapsed="0.065909"/>
</kw>
<kw name="Clicar no editar" owner="FRONT">
<kw name="Wait Until Element Is Visible" owner="SeleniumLibrary">
<arg>locator=${buttoneditar}</arg>
<doc>Waits until the element ``locator`` is visible.</doc>
<status status="PASS" start="2024-05-11T19:42:43.858017" elapsed="0.261172"/>
</kw>
<kw name="Click Button" owner="SeleniumLibrary">
<msg time="2024-05-11T19:42:44.119558" level="INFO">Clicking button '(//button[contains(@id,'edit')])[1]'.</msg>
<arg>locator=${buttoneditar}</arg>
<doc>Clicks the button identified by ``locator``.</doc>
<status status="PASS" start="2024-05-11T19:42:44.119354" elapsed="0.051971"/>
</kw>
<status status="PASS" start="2024-05-11T19:42:43.857645" elapsed="0.313818"/>
</kw>
<kw name="Alterar o dado do cadastro" owner="FRONT">
<kw name="Generate Random String" owner="String">
<msg time="2024-05-11T19:42:44.172336" level="INFO">${editar_randomica} = DoZEmXNJ</msg>
<var>${editar_randomica}</var>
<arg>8</arg>
<arg>chars=[LETTERS]</arg>
<doc>Generates a string with a desired ``length`` from the given ``chars``.</doc>
<status status="PASS" start="2024-05-11T19:42:44.172103" elapsed="0.000256"/>
</kw>
<kw name="Convert To Lower Case" owner="String">
<msg time="2024-05-11T19:42:44.172580" level="INFO">${editar_randomica} = dozemxnj</msg>
<var>${editar_randomica}</var>
<arg>${editar_randomica}</arg>
<doc>Converts string to lower case.</doc>
<status status="PASS" start="2024-05-11T19:42:44.172452" elapsed="0.000146"/>
</kw>
<kw name="Set Test Variable" owner="BuiltIn">
<msg time="2024-05-11T19:42:44.173409" level="INFO">${editardoboard} = dozemxnj</msg>
<arg>${editardoboard}</arg>
<arg>${editar_randomica}</arg>
<doc>Makes a variable available everywhere within the scope of the current test.</doc>
<status status="PASS" start="2024-05-11T19:42:44.172695" elapsed="0.000756"/>
</kw>
<kw name="Log" owner="BuiltIn">
<msg time="2024-05-11T19:42:44.173657" level="INFO">dozemxnj</msg>
<arg>${editardoboard}</arg>
<doc>Logs the given message with the given level.</doc>
<status status="PASS" start="2024-05-11T19:42:44.173556" elapsed="0.000132"/>
</kw>
<kw name="Wait Until Element Is Visible" owner="SeleniumLibrary">
<arg>locator=${editardiretoria}</arg>
<doc>Waits until the element ``locator`` is visible.</doc>
<status status="PASS" start="2024-05-11T19:42:44.173775" elapsed="0.017649"/>
</kw>
<kw name="Input Text" owner="SeleniumLibrary">
<msg time="2024-05-11T19:42:44.193427" level="INFO">Typing text 'dozemxnj' into text field 'boardName'.</msg>
<arg>locator=${editardiretoria}</arg>
<arg>text=${editardoboard}</arg>
<doc>Types the given ``text`` into the text field identified by ``locator``.</doc>
<status status="PASS" start="2024-05-11T19:42:44.192510" elapsed="0.074088"/>
</kw>
<kw name="Wait Until Element Is Visible" owner="SeleniumLibrary">
<arg>locator=${editardiretoria}</arg>
<doc>Waits until the element ``locator`` is visible.</doc>
<status status="PASS" start="2024-05-11T19:42:44.266765" elapsed="0.007899"/>
</kw>
<kw name="Input Text" owner="SeleniumLibrary">
<msg time="2024-05-11T19:42:44.275112" level="INFO">Typing text 'dozemxnj' into text field 'boardName'.</msg>
<arg>locator=${editardiretoria}</arg>
<arg>text=${editardoboard}</arg>
<doc>Types the given ``text`` into the text field identified by ``locator``.</doc>
<status status="PASS" start="2024-05-11T19:42:44.274830" elapsed="0.064203"/>
</kw>
<status status="PASS" start="2024-05-11T19:42:44.171764" elapsed="0.167405"/>
</kw>
<kw name="Clicar em salvar alterações" owner="FRONT">
<kw name="Wait Until Element Is Visible" owner="SeleniumLibrary">
<arg>locator=${buttomsalvaralteracao}</arg>
<doc>Waits until the element ``locator`` is visible.</doc>
<status status="PASS" start="2024-05-11T19:42:44.339730" elapsed="0.014671"/>
</kw>
<kw name="Click Button" owner="SeleniumLibrary">
<msg time="2024-05-11T19:42:44.355324" level="INFO">Clicking button 'save'.</msg>
<arg>locator=${buttomsalvaralteracao}</arg>
<doc>Clicks the button identified by ``locator``.</doc>
<status status="PASS" start="2024-05-11T19:42:44.354836" elapsed="0.062455"/>
</kw>
<status status="PASS" start="2024-05-11T19:42:44.339466" elapsed="0.077932"/>
</kw>
<kw name="Fechar o navegador" owner="FRONT" type="TEARDOWN">
<kw name="Close Browser" owner="SeleniumLibrary">
<doc>Closes the current browser.</doc>
<status status="PASS" start="2024-05-11T19:42:44.417915" elapsed="0.061971"/>
</kw>
<status status="PASS" start="2024-05-11T19:42:44.417681" elapsed="0.062383"/>
</kw>
<status status="PASS" start="2024-05-11T19:42:42.216428" elapsed="2.263785"/>
</test>
<status status="PASS" start="2024-05-11T19:42:30.273754" elapsed="14.206944"/>
</suite>
<status status="PASS" start="2024-05-11T19:42:26.438962" elapsed="18.042628"/>
</suite>
<statistics>
<total>
<stat pass="9" fail="0" skip="0">All Tests</stat>
</total>
<tag>
</tag>
<suite>
<stat pass="9" fail="0" skip="0" id="s1" name="Tests">Tests</stat>
<stat pass="2" fail="0" skip="0" id="s1-s1" name="Login">Tests.Login</stat>
<stat pass="1" fail="0" skip="0" id="s1-s2" name="Logout">Tests.Logout</stat>
<stat pass="6" fail="0" skip="0" id="s1-s3" name="Usuario&amp;Diretoria">Tests.Usuario&amp;Diretoria</stat>
</suite>
</statistics>
<errors>
</errors>
</robot>
