<?xml version="1.0" encoding="UTF-8"?>
<robot generator="Robot 7.0 (Python 3.12.3 on linux)" generated="2024-05-13T16:22:24.349883" rpa="false" schemaversion="5">
<suite id="s1" name="Tests" source="/home/sami/academy/FRONTacademy/tests">
<suite id="s1-s1" name="Login" source="/home/sami/academy/FRONTacademy/tests/login.robot">
<test id="s1-s1-t1" name="CT01: Login de acesso" line="9">
<kw name="Abrir o navegador" owner="FRONT" type="SETUP">
<kw name="Open Browser" owner="SeleniumLibrary">
<msg time="2024-05-13T16:22:24.468244" level="INFO">Opening browser 'headlesschrome' to base url 'None'.</msg>
<arg>browser=headlesschrome</arg>
<doc>Opens a new browser instance to the optional ``url``.</doc>
<status status="PASS" start="2024-05-13T16:22:24.468097" elapsed="0.355203"/>
</kw>
<kw name="Maximize Browser Window" owner="SeleniumLibrary">
<doc>Maximizes current browser window.</doc>
<status status="PASS" start="2024-05-13T16:22:24.823488" elapsed="0.012875"/>
</kw>
<status status="PASS" start="2024-05-13T16:22:24.467564" elapsed="0.368933"/>
</kw>
<kw name="Passo 1 - Acessar a página de login do academy" owner="FRONT">
<kw name="Go To" owner="SeleniumLibrary">
<msg time="2024-05-13T16:22:24.837132" level="INFO">Opening url 'https://automacao.qacoders-academy.com.br/login'</msg>
<arg>url=${URL}</arg>
<doc>Navigates the current browser window to the provided ``url``.</doc>
<status status="PASS" start="2024-05-13T16:22:24.836985" elapsed="0.287231"/>
</kw>
<status status="PASS" start="2024-05-13T16:22:24.836738" elapsed="0.287593"/>
</kw>
<kw name="Passo 2 - Digitar mail" owner="FRONT">
<kw name="Wait Until Element Is Visible" owner="SeleniumLibrary">
<arg>locator=${mailInput}</arg>
<doc>Waits until the element ``locator`` is visible.</doc>
<status status="PASS" start="2024-05-13T16:22:25.124760" elapsed="0.031739"/>
</kw>
<kw name="Input Text" owner="SeleniumLibrary">
<msg time="2024-05-13T16:22:25.159021" level="INFO">Typing text 'sysadmin@qacoders.com' into text field '//input[contains(@type,'text')]'.</msg>
<arg>locator=${mailInput}</arg>
<arg>text=${mailLogin}</arg>
<doc>Types the given ``text`` into the text field identified by ``locator``.</doc>
<status status="PASS" start="2024-05-13T16:22:25.157481" elapsed="0.107638"/>
</kw>
<status status="PASS" start="2024-05-13T16:22:25.124538" elapsed="0.140707"/>
</kw>
<kw name="Passo 3 - Digitar uma senha" owner="FRONT">
<kw name="Wait Until Element Is Visible" owner="SeleniumLibrary">
<arg>locator=${passwordinput}</arg>
<doc>Waits until the element ``locator`` is visible.</doc>
<status status="PASS" start="2024-05-13T16:22:25.265689" elapsed="0.014740"/>
</kw>
<kw name="Input Password" owner="SeleniumLibrary">
<msg time="2024-05-13T16:22:25.282879" level="INFO">Typing password into text field '//input[contains(@type,'password')]'.</msg>
<msg time="2024-05-13T16:22:25.306015" level="INFO">Temporally setting log level to: NONE</msg>
<arg>locator=${passwordinput}</arg>
<arg>password=${password}</arg>
<doc>Types the given password into the text field identified by ``locator``.</doc>
<status status="PASS" start="2024-05-13T16:22:25.281484" elapsed="0.056619"/>
</kw>
<status status="PASS" start="2024-05-13T16:22:25.265455" elapsed="0.072746"/>
</kw>
<kw name="Passo 4 - Clicar em entrar" owner="FRONT">
<kw name="Wait Until Element Is Visible" owner="SeleniumLibrary">
<arg>locator=${buttomentrar}</arg>
<doc>Waits until the element ``locator`` is visible.</doc>
<status status="PASS" start="2024-05-13T16:22:25.338629" elapsed="0.015686"/>
</kw>
<kw name="Click Button" owner="SeleniumLibrary">
<msg time="2024-05-13T16:22:25.356881" level="INFO">Clicking button '//button[@class='MuiButtonBase-root MuiButton-root MuiButton-contained MuiButton-containedOrange MuiButton-sizeMedium MuiButton-containedSizeMedium MuiButton-root MuiButton-contained MuiButton-containedOrange MuiButton-sizeMedium MuiButton-containedSizeMedium css-ojf4v2'][contains(.,'Entrar')]'.</msg>
<arg>locator=${buttomentrar}</arg>
<doc>Clicks the button identified by ``locator``.</doc>
<status status="PASS" start="2024-05-13T16:22:25.355677" elapsed="0.053199"/>
</kw>
<kw name="Sleep" owner="BuiltIn">
<msg time="2024-05-13T16:22:28.409439" level="INFO">Slept 3 seconds.</msg>
<arg>3s</arg>
<doc>Pauses the test executed for the given time.</doc>
<status status="PASS" start="2024-05-13T16:22:25.409076" elapsed="3.000573"/>
</kw>
<status status="PASS" start="2024-05-13T16:22:25.338397" elapsed="3.071459"/>
</kw>
<kw name="Fechar o navegador" owner="FRONT" type="TEARDOWN">
<kw name="Close Browser" owner="SeleniumLibrary">
<doc>Closes the current browser.</doc>
<status status="PASS" start="2024-05-13T16:22:28.410966" elapsed="0.065036"/>
</kw>
<status status="PASS" start="2024-05-13T16:22:28.410434" elapsed="0.065672"/>
</kw>
<status status="PASS" start="2024-05-13T16:22:24.467047" elapsed="4.009144"/>
</test>
<test id="s1-s1-t2" name="CT02 - Digitar email inválido" line="15">
<kw name="Abrir o navegador" owner="FRONT" type="SETUP">
<kw name="Open Browser" owner="SeleniumLibrary">
<msg time="2024-05-13T16:22:28.477125" level="INFO">Opening browser 'headlesschrome' to base url 'None'.</msg>
<arg>browser=headlesschrome</arg>
<doc>Opens a new browser instance to the optional ``url``.</doc>
<status status="PASS" start="2024-05-13T16:22:28.476995" elapsed="0.315279"/>
</kw>
<kw name="Maximize Browser Window" owner="SeleniumLibrary">
<doc>Maximizes current browser window.</doc>
<status status="PASS" start="2024-05-13T16:22:28.792464" elapsed="0.017031"/>
</kw>
<status status="PASS" start="2024-05-13T16:22:28.476778" elapsed="0.333196"/>
</kw>
<kw name="Passo 1 - Acessar a página de login do academy" owner="FRONT">
<kw name="Go To" owner="SeleniumLibrary">
<msg time="2024-05-13T16:22:28.813083" level="INFO">Opening url 'https://automacao.qacoders-academy.com.br/login'</msg>
<arg>url=${URL}</arg>
<doc>Navigates the current browser window to the provided ``url``.</doc>
<status status="PASS" start="2024-05-13T16:22:28.812482" elapsed="0.267489"/>
</kw>
<status status="PASS" start="2024-05-13T16:22:28.811113" elapsed="0.268970"/>
</kw>
<kw name="Digitar email inválido de login" owner="FRONT">
<kw name="Wait Until Element Is Visible" owner="SeleniumLibrary">
<arg>locator=${mailInput}</arg>
<doc>Waits until the element ``locator`` is visible.</doc>
<status status="PASS" start="2024-05-13T16:22:29.080553" elapsed="0.028241"/>
</kw>
<kw name="Input Text" owner="SeleniumLibrary">
<msg time="2024-05-13T16:22:29.109352" level="INFO">Typing text '' into text field '//input[contains(@type,'text')]'.</msg>
<arg>locator=${mailInput}</arg>
<arg>text=</arg>
<doc>Types the given ``text`` into the text field identified by ``locator``.</doc>
<status status="PASS" start="2024-05-13T16:22:29.109008" elapsed="0.060899"/>
</kw>
<kw name="Wait Until Element Is Visible" owner="SeleniumLibrary">
<arg>locator=${passwordinput}</arg>
<doc>Waits until the element ``locator`` is visible.</doc>
<status status="PASS" start="2024-05-13T16:22:29.170118" elapsed="0.012651"/>
</kw>
<kw name="Input Password" owner="SeleniumLibrary">
<msg time="2024-05-13T16:22:29.183375" level="INFO">Typing password into text field '//input[contains(@type,'password')]'.</msg>
<msg time="2024-05-13T16:22:29.199663" level="INFO">Temporally setting log level to: NONE</msg>
<arg>locator=${passwordinput}</arg>
<arg>password=${password}</arg>
<doc>Types the given password into the text field identified by ``locator``.</doc>
<status status="PASS" start="2024-05-13T16:22:29.183008" elapsed="0.058356"/>
</kw>
<kw name="Capture Element Screenshot" owner="SeleniumLibrary">
<msg time="2024-05-13T16:22:29.323813" level="INFO" html="true">&lt;/td&gt;&lt;/tr&gt;&lt;tr&gt;&lt;td colspan="3"&gt;&lt;a href="selenium-element-screenshot-62.png"&gt;&lt;img src="selenium-element-screenshot-62.png" width="400px"&gt;&lt;/a&gt;</msg>
<arg>locator=${telalogin}</arg>
<doc>Captures a screenshot from the element identified by ``locator`` and embeds it into log file.</doc>
<status status="PASS" start="2024-05-13T16:22:29.241543" elapsed="0.082436"/>
</kw>
<status status="PASS" start="2024-05-13T16:22:29.080301" elapsed="0.243832"/>
</kw>
<kw name="Passo 3 - Digitar uma senha" owner="FRONT">
<kw name="Wait Until Element Is Visible" owner="SeleniumLibrary">
<arg>locator=${passwordinput}</arg>
<doc>Waits until the element ``locator`` is visible.</doc>
<status status="PASS" start="2024-05-13T16:22:29.324775" elapsed="0.013035"/>
</kw>
<kw name="Input Password" owner="SeleniumLibrary">
<msg time="2024-05-13T16:22:29.338262" level="INFO">Typing password into text field '//input[contains(@type,'password')]'.</msg>
<msg time="2024-05-13T16:22:29.384230" level="INFO">Temporally setting log level to: NONE</msg>
<arg>locator=${passwordinput}</arg>
<arg>password=${password}</arg>
<doc>Types the given password into the text field identified by ``locator``.</doc>
<status status="PASS" start="2024-05-13T16:22:29.338007" elapsed="0.088091"/>
</kw>
<status status="PASS" start="2024-05-13T16:22:29.324500" elapsed="0.101709"/>
</kw>
<kw name="Passo 4 - Clicar em entrar" owner="FRONT">
<kw name="Wait Until Element Is Visible" owner="SeleniumLibrary">
<arg>locator=${buttomentrar}</arg>
<doc>Waits until the element ``locator`` is visible.</doc>
<status status="PASS" start="2024-05-13T16:22:29.426672" elapsed="0.014557"/>
</kw>
<kw name="Click Button" owner="SeleniumLibrary">
<msg time="2024-05-13T16:22:29.441685" level="INFO">Clicking button '//button[@class='MuiButtonBase-root MuiButton-root MuiButton-contained MuiButton-containedOrange MuiButton-sizeMedium MuiButton-containedSizeMedium MuiButton-root MuiButton-contained MuiButton-containedOrange MuiButton-sizeMedium MuiButton-containedSizeMedium css-ojf4v2'][contains(.,'Entrar')]'.</msg>
<arg>locator=${buttomentrar}</arg>
<doc>Clicks the button identified by ``locator``.</doc>
<status status="PASS" start="2024-05-13T16:22:29.441435" elapsed="0.052764"/>
</kw>
<kw name="Sleep" owner="BuiltIn">
<msg time="2024-05-13T16:22:32.494740" level="INFO">Slept 3 seconds.</msg>
<arg>3s</arg>
<doc>Pauses the test executed for the given time.</doc>
<status status="PASS" start="2024-05-13T16:22:29.494364" elapsed="3.000595"/>
</kw>
<status status="PASS" start="2024-05-13T16:22:29.426451" elapsed="3.068723"/>
</kw>
<kw name="Fechar o navegador" owner="FRONT" type="TEARDOWN">
<kw name="Close Browser" owner="SeleniumLibrary">
<doc>Closes the current browser.</doc>
<status status="PASS" start="2024-05-13T16:22:32.496482" elapsed="0.073037"/>
</kw>
<status status="PASS" start="2024-05-13T16:22:32.495864" elapsed="0.073910"/>
</kw>
<status status="PASS" start="2024-05-13T16:22:28.476440" elapsed="4.093546"/>
</test>
<test id="s1-s1-t3" name="CT03 - Senha inválida" line="21">
<kw name="Abrir o navegador" owner="FRONT" type="SETUP">
<kw name="Open Browser" owner="SeleniumLibrary">
<msg time="2024-05-13T16:22:32.572325" level="INFO">Opening browser 'headlesschrome' to base url 'None'.</msg>
<arg>browser=headlesschrome</arg>
<doc>Opens a new browser instance to the optional ``url``.</doc>
<status status="PASS" start="2024-05-13T16:22:32.571997" elapsed="0.348659"/>
</kw>
<kw name="Maximize Browser Window" owner="SeleniumLibrary">
<doc>Maximizes current browser window.</doc>
<status status="PASS" start="2024-05-13T16:22:32.920813" elapsed="0.013715"/>
</kw>
<status status="PASS" start="2024-05-13T16:22:32.571370" elapsed="0.363277"/>
</kw>
<kw name="Passo 1 - Acessar a página de login do academy" owner="FRONT">
<kw name="Go To" owner="SeleniumLibrary">
<msg time="2024-05-13T16:22:32.935291" level="INFO">Opening url 'https://automacao.qacoders-academy.com.br/login'</msg>
<arg>url=${URL}</arg>
<doc>Navigates the current browser window to the provided ``url``.</doc>
<status status="PASS" start="2024-05-13T16:22:32.935135" elapsed="0.272521"/>
</kw>
<status status="PASS" start="2024-05-13T16:22:32.934892" elapsed="0.272862"/>
</kw>
<kw name="Passo 2 - Digitar mail" owner="FRONT">
<kw name="Wait Until Element Is Visible" owner="SeleniumLibrary">
<arg>locator=${mailInput}</arg>
<doc>Waits until the element ``locator`` is visible.</doc>
<status status="PASS" start="2024-05-13T16:22:33.208178" elapsed="0.041744"/>
</kw>
<kw name="Input Text" owner="SeleniumLibrary">
<msg time="2024-05-13T16:22:33.250327" level="INFO">Typing text 'sysadmin@qacoders.com' into text field '//input[contains(@type,'text')]'.</msg>
<arg>locator=${mailInput}</arg>
<arg>text=${mailLogin}</arg>
<doc>Types the given ``text`` into the text field identified by ``locator``.</doc>
<status status="PASS" start="2024-05-13T16:22:33.250092" elapsed="0.100883"/>
</kw>
<status status="PASS" start="2024-05-13T16:22:33.207953" elapsed="0.143126"/>
</kw>
<kw name="Senha inválida do login" owner="FRONT">
<kw name="Wait Until Element Is Visible" owner="SeleniumLibrary">
<arg>locator=${passwordinput}</arg>
<doc>Waits until the element ``locator`` is visible.</doc>
<status status="PASS" start="2024-05-13T16:22:33.351608" elapsed="0.015154"/>
</kw>
<kw name="Input Password" owner="SeleniumLibrary">
<msg time="2024-05-13T16:22:33.367160" level="INFO">Typing password into text field '//input[contains(@type,'password')]'.</msg>
<msg time="2024-05-13T16:22:33.400444" level="INFO">Temporally setting log level to: NONE</msg>
<arg>locator=${passwordinput}</arg>
<arg>password=123teste</arg>
<doc>Types the given password into the text field identified by ``locator``.</doc>
<status status="PASS" start="2024-05-13T16:22:33.366935" elapsed="0.064276"/>
</kw>
<kw name="Capture Element Screenshot" owner="SeleniumLibrary">
<msg time="2024-05-13T16:22:33.529202" level="INFO" html="true">&lt;/td&gt;&lt;/tr&gt;&lt;tr&gt;&lt;td colspan="3"&gt;&lt;a href="selenium-element-screenshot-63.png"&gt;&lt;img src="selenium-element-screenshot-63.png" width="400px"&gt;&lt;/a&gt;</msg>
<arg>locator=${telalogin}</arg>
<doc>Captures a screenshot from the element identified by ``locator`` and embeds it into log file.</doc>
<status status="PASS" start="2024-05-13T16:22:33.431569" elapsed="0.097727"/>
</kw>
<status status="PASS" start="2024-05-13T16:22:33.351310" elapsed="0.178079"/>
</kw>
<kw name="Passo 4 - Clicar em entrar" owner="FRONT">
<kw name="Wait Until Element Is Visible" owner="SeleniumLibrary">
<arg>locator=${buttomentrar}</arg>
<doc>Waits until the element ``locator`` is visible.</doc>
<status status="PASS" start="2024-05-13T16:22:33.529883" elapsed="0.015815"/>
</kw>
<kw name="Click Button" owner="SeleniumLibrary">
<msg time="2024-05-13T16:22:33.547110" level="INFO">Clicking button '//button[@class='MuiButtonBase-root MuiButton-root MuiButton-contained MuiButton-containedOrange MuiButton-sizeMedium MuiButton-containedSizeMedium MuiButton-root MuiButton-contained MuiButton-containedOrange MuiButton-sizeMedium MuiButton-containedSizeMedium css-ojf4v2'][contains(.,'Entrar')]'.</msg>
<arg>locator=${buttomentrar}</arg>
<doc>Clicks the button identified by ``locator``.</doc>
<status status="PASS" start="2024-05-13T16:22:33.546085" elapsed="0.064152"/>
</kw>
<kw name="Sleep" owner="BuiltIn">
<msg time="2024-05-13T16:22:36.610846" level="INFO">Slept 3 seconds.</msg>
<arg>3s</arg>
<doc>Pauses the test executed for the given time.</doc>
<status status="PASS" start="2024-05-13T16:22:33.610458" elapsed="3.000608"/>
</kw>
<status status="PASS" start="2024-05-13T16:22:33.529588" elapsed="3.081682"/>
</kw>
<kw name="Fechar o navegador" owner="FRONT" type="TEARDOWN">
<kw name="Close Browser" owner="SeleniumLibrary">
<doc>Closes the current browser.</doc>
<status status="PASS" start="2024-05-13T16:22:36.612670" elapsed="0.057873"/>
</kw>
<status status="PASS" start="2024-05-13T16:22:36.611968" elapsed="0.058677"/>
</kw>
<status status="PASS" start="2024-05-13T16:22:32.570590" elapsed="4.100134"/>
</test>
<status status="PASS" start="2024-05-13T16:22:24.366566" elapsed="12.304566"/>
</suite>
<suite id="s1-s2" name="Logout" source="/home/sami/academy/FRONTacademy/tests/logout.robot">
<test id="s1-s2-t1" name="CT01: Login de acesso" line="9">
<kw name="Abrir o navegador" owner="FRONT" type="SETUP">
<kw name="Open Browser" owner="SeleniumLibrary">
<msg time="2024-05-13T16:22:36.674529" level="INFO">Opening browser 'headlesschrome' to base url 'None'.</msg>
<arg>browser=headlesschrome</arg>
<doc>Opens a new browser instance to the optional ``url``.</doc>
<status status="PASS" start="2024-05-13T16:22:36.674419" elapsed="0.334546"/>
</kw>
<kw name="Maximize Browser Window" owner="SeleniumLibrary">
<doc>Maximizes current browser window.</doc>
<status status="PASS" start="2024-05-13T16:22:37.009216" elapsed="0.012934"/>
</kw>
<status status="PASS" start="2024-05-13T16:22:36.674213" elapsed="0.348036"/>
</kw>
<kw name="Passo 1 - Acessar a página de login do academy" owner="FRONT">
<kw name="Go To" owner="SeleniumLibrary">
<msg time="2024-05-13T16:22:37.022817" level="INFO">Opening url 'https://automacao.qacoders-academy.com.br/login'</msg>
<arg>url=${URL}</arg>
<doc>Navigates the current browser window to the provided ``url``.</doc>
<status status="PASS" start="2024-05-13T16:22:37.022690" elapsed="0.295967"/>
</kw>
<status status="PASS" start="2024-05-13T16:22:37.022471" elapsed="0.296288"/>
</kw>
<kw name="Passo 2 - Digitar mail" owner="FRONT">
<kw name="Wait Until Element Is Visible" owner="SeleniumLibrary">
<arg>locator=${mailInput}</arg>
<doc>Waits until the element ``locator`` is visible.</doc>
<status status="PASS" start="2024-05-13T16:22:37.319174" elapsed="0.047271"/>
</kw>
<kw name="Input Text" owner="SeleniumLibrary">
<msg time="2024-05-13T16:22:37.366867" level="INFO">Typing text 'sysadmin@qacoders.com' into text field '//input[contains(@type,'text')]'.</msg>
<arg>locator=${mailInput}</arg>
<arg>text=${mailLogin}</arg>
<doc>Types the given ``text`` into the text field identified by ``locator``.</doc>
<status status="PASS" start="2024-05-13T16:22:37.366623" elapsed="0.095996"/>
</kw>
<status status="PASS" start="2024-05-13T16:22:37.318948" elapsed="0.143786"/>
</kw>
<kw name="Passo 3 - Digitar uma senha" owner="FRONT">
<kw name="Wait Until Element Is Visible" owner="SeleniumLibrary">
<arg>locator=${passwordinput}</arg>
<doc>Waits until the element ``locator`` is visible.</doc>
<status status="PASS" start="2024-05-13T16:22:37.463292" elapsed="0.020246"/>
</kw>
<kw name="Input Password" owner="SeleniumLibrary">
<msg time="2024-05-13T16:22:37.484120" level="INFO">Typing password into text field '//input[contains(@type,'password')]'.</msg>
<msg time="2024-05-13T16:22:37.507606" level="INFO">Temporally setting log level to: NONE</msg>
<arg>locator=${passwordinput}</arg>
<arg>password=${password}</arg>
<doc>Types the given password into the text field identified by ``locator``.</doc>
<status status="PASS" start="2024-05-13T16:22:37.483769" elapsed="0.056515"/>
</kw>
<status status="PASS" start="2024-05-13T16:22:37.463014" elapsed="0.077367"/>
</kw>
<kw name="Passo 4 - Clicar em entrar" owner="FRONT">
<kw name="Wait Until Element Is Visible" owner="SeleniumLibrary">
<arg>locator=${buttomentrar}</arg>
<doc>Waits until the element ``locator`` is visible.</doc>
<status status="PASS" start="2024-05-13T16:22:37.540794" elapsed="0.015543"/>
</kw>
<kw name="Click Button" owner="SeleniumLibrary">
<msg time="2024-05-13T16:22:37.556717" level="INFO">Clicking button '//button[@class='MuiButtonBase-root MuiButton-root MuiButton-contained MuiButton-containedOrange MuiButton-sizeMedium MuiButton-containedSizeMedium MuiButton-root MuiButton-contained MuiButton-containedOrange MuiButton-sizeMedium MuiButton-containedSizeMedium css-ojf4v2'][contains(.,'Entrar')]'.</msg>
<arg>locator=${buttomentrar}</arg>
<doc>Clicks the button identified by ``locator``.</doc>
<status status="PASS" start="2024-05-13T16:22:37.556502" elapsed="0.053798"/>
</kw>
<kw name="Sleep" owner="BuiltIn">
<msg time="2024-05-13T16:22:40.610892" level="INFO">Slept 3 seconds.</msg>
<arg>3s</arg>
<doc>Pauses the test executed for the given time.</doc>
<status status="PASS" start="2024-05-13T16:22:37.610524" elapsed="3.000582"/>
</kw>
<status status="PASS" start="2024-05-13T16:22:37.540576" elapsed="3.070736"/>
</kw>
<kw name="Clicar no botão Logout" owner="FRONT">
<kw name="Wait Until Element Is Visible" owner="SeleniumLibrary">
<arg>locator=${buttonLogout}</arg>
<doc>Waits until the element ``locator`` is visible.</doc>
<status status="PASS" start="2024-05-13T16:22:40.612481" elapsed="0.033755"/>
</kw>
<kw name="Click Button" owner="SeleniumLibrary">
<msg time="2024-05-13T16:22:40.648241" level="INFO">Clicking button '//button[@class='css-1nvbq2d'][contains(.,'Logout')]'.</msg>
<arg>locator=${buttonLogout}</arg>
<doc>Clicks the button identified by ``locator``.</doc>
<status status="PASS" start="2024-05-13T16:22:40.647295" elapsed="0.031530"/>
</kw>
<status status="PASS" start="2024-05-13T16:22:40.611819" elapsed="0.067110"/>
</kw>
<kw name="Fechar o navegador" owner="FRONT" type="TEARDOWN">
<kw name="Close Browser" owner="SeleniumLibrary">
<doc>Closes the current browser.</doc>
<status status="PASS" start="2024-05-13T16:22:40.679479" elapsed="0.063137"/>
</kw>
<status status="PASS" start="2024-05-13T16:22:40.679205" elapsed="0.063564"/>
</kw>
<status status="PASS" start="2024-05-13T16:22:36.673920" elapsed="4.068985"/>
</test>
<status status="PASS" start="2024-05-13T16:22:36.671520" elapsed="4.071891"/>
</suite>
<suite id="s1-s3" name="Usuario&amp;Diretoria" source="/home/sami/academy/FRONTacademy/tests/usuario&amp;diretoria.robot">
<test id="s1-s3-t1" name="CT01: cadastro de usuário" line="8">
<kw name="Abrir o navegador" owner="FRONT" type="SETUP">
<kw name="Open Browser" owner="SeleniumLibrary">
<msg time="2024-05-13T16:22:40.750596" level="INFO">Opening browser 'headlesschrome' to base url 'None'.</msg>
<arg>browser=headlesschrome</arg>
<doc>Opens a new browser instance to the optional ``url``.</doc>
<status status="PASS" start="2024-05-13T16:22:40.750359" elapsed="0.386396"/>
</kw>
<kw name="Maximize Browser Window" owner="SeleniumLibrary">
<doc>Maximizes current browser window.</doc>
<status status="PASS" start="2024-05-13T16:22:41.136923" elapsed="0.014093"/>
</kw>
<status status="PASS" start="2024-05-13T16:22:40.749927" elapsed="0.401201"/>
</kw>
<kw name="Passo 1 - Acessar a página de login do academy" owner="FRONT">
<kw name="Go To" owner="SeleniumLibrary">
<msg time="2024-05-13T16:22:41.151836" level="INFO">Opening url 'https://automacao.qacoders-academy.com.br/login'</msg>
<arg>url=${URL}</arg>
<doc>Navigates the current browser window to the provided ``url``.</doc>
<status status="PASS" start="2024-05-13T16:22:41.151669" elapsed="0.285101"/>
</kw>
<status status="PASS" start="2024-05-13T16:22:41.151376" elapsed="0.285495"/>
</kw>
<kw name="Passo 2 - Digitar mail" owner="FRONT">
<kw name="Wait Until Element Is Visible" owner="SeleniumLibrary">
<arg>locator=${mailInput}</arg>
<doc>Waits until the element ``locator`` is visible.</doc>
<status status="PASS" start="2024-05-13T16:22:41.437361" elapsed="0.041313"/>
</kw>
<kw name="Input Text" owner="SeleniumLibrary">
<msg time="2024-05-13T16:22:41.479125" level="INFO">Typing text 'sysadmin@qacoders.com' into text field '//input[contains(@type,'text')]'.</msg>
<arg>locator=${mailInput}</arg>
<arg>text=${mailLogin}</arg>
<doc>Types the given ``text`` into the text field identified by ``locator``.</doc>
<status status="PASS" start="2024-05-13T16:22:41.478868" elapsed="0.101937"/>
</kw>
<status status="PASS" start="2024-05-13T16:22:41.437071" elapsed="0.143904"/>
</kw>
<kw name="Passo 3 - Digitar uma senha" owner="FRONT">
<kw name="Wait Until Element Is Visible" owner="SeleniumLibrary">
<arg>locator=${passwordinput}</arg>
<doc>Waits until the element ``locator`` is visible.</doc>
<status status="PASS" start="2024-05-13T16:22:41.581490" elapsed="0.032549"/>
</kw>
<kw name="Input Password" owner="SeleniumLibrary">
<msg time="2024-05-13T16:22:41.617495" level="INFO">Typing password into text field '//input[contains(@type,'password')]'.</msg>
<msg time="2024-05-13T16:22:41.636114" level="INFO">Temporally setting log level to: NONE</msg>
<arg>locator=${passwordinput}</arg>
<arg>password=${password}</arg>
<doc>Types the given password into the text field identified by ``locator``.</doc>
<status status="PASS" start="2024-05-13T16:22:41.615782" elapsed="0.054356"/>
</kw>
<status status="PASS" start="2024-05-13T16:22:41.581229" elapsed="0.089015"/>
</kw>
<kw name="Passo 4 - Clicar em entrar" owner="FRONT">
<kw name="Wait Until Element Is Visible" owner="SeleniumLibrary">
<arg>locator=${buttomentrar}</arg>
<doc>Waits until the element ``locator`` is visible.</doc>
<status status="PASS" start="2024-05-13T16:22:41.670663" elapsed="0.021815"/>
</kw>
<kw name="Click Button" owner="SeleniumLibrary">
<msg time="2024-05-13T16:22:41.693244" level="INFO">Clicking button '//button[@class='MuiButtonBase-root MuiButton-root MuiButton-contained MuiButton-containedOrange MuiButton-sizeMedium MuiButton-containedSizeMedium MuiButton-root MuiButton-contained MuiButton-containedOrange MuiButton-sizeMedium MuiButton-containedSizeMedium css-ojf4v2'][contains(.,'Entrar')]'.</msg>
<arg>locator=${buttomentrar}</arg>
<doc>Clicks the button identified by ``locator``.</doc>
<status status="PASS" start="2024-05-13T16:22:41.692924" elapsed="0.052044"/>
</kw>
<kw name="Sleep" owner="BuiltIn">
<msg time="2024-05-13T16:22:44.745598" level="INFO">Slept 3 seconds.</msg>
<arg>3s</arg>
<doc>Pauses the test executed for the given time.</doc>
<status status="PASS" start="2024-05-13T16:22:41.745235" elapsed="3.000555"/>
</kw>
<status status="PASS" start="2024-05-13T16:22:41.670451" elapsed="3.075533"/>
</kw>
<kw name="Passo 5 - Clicar em Cadastros" owner="FRONT">
<kw name="Wait Until Element Is Visible" owner="SeleniumLibrary">
<arg>locator=${cadastro}</arg>
<doc>Waits until the element ``locator`` is visible.</doc>
<status status="PASS" start="2024-05-13T16:22:44.747070" elapsed="0.035467"/>
</kw>
<kw name="Click Element" owner="SeleniumLibrary">
<msg time="2024-05-13T16:22:44.783314" level="INFO">Clicking element '//div[@id='Cadastros']/../..//div[@role='button']'.</msg>
<arg>locator=${cadastro}</arg>
<doc>Click the element identified by ``locator``.</doc>
<status status="PASS" start="2024-05-13T16:22:44.782928" elapsed="0.058042"/>
</kw>
<status status="PASS" start="2024-05-13T16:22:44.746474" elapsed="0.094604"/>
</kw>
<kw name="Passo 6 - Clicar em Usuários" owner="FRONT">
<kw name="Wait Until Element Is Visible" owner="SeleniumLibrary">
<arg>locator=${usuario}</arg>
<doc>Waits until the element ``locator`` is visible.</doc>
<status status="PASS" start="2024-05-13T16:22:44.841698" elapsed="0.014545"/>
</kw>
<kw name="Click Element" owner="SeleniumLibrary">
<msg time="2024-05-13T16:22:44.856616" level="INFO">Clicking element '//div[contains(@id,'Usuários')]'.</msg>
<arg>locator=${usuario}</arg>
<doc>Click the element identified by ``locator``.</doc>
<status status="PASS" start="2024-05-13T16:22:44.856409" elapsed="0.041253"/>
</kw>
<status status="PASS" start="2024-05-13T16:22:44.841337" elapsed="0.056482"/>
</kw>
<kw name="Passo 7 - Clicar no botão novo cadastro" owner="FRONT">
<kw name="Wait Until Element Is Visible" owner="SeleniumLibrary">
<arg>locator=${buttomnovocadastro}</arg>
<doc>Waits until the element ``locator`` is visible.</doc>
<status status="PASS" start="2024-05-13T16:22:44.898326" elapsed="0.231965"/>
</kw>
<kw name="Click Button" owner="SeleniumLibrary">
<msg time="2024-05-13T16:22:45.131265" level="INFO">Clicking button 'Novo Cadastro'.</msg>
<arg>locator=${buttomnovocadastro}</arg>
<doc>Clicks the button identified by ``locator``.</doc>
<status status="PASS" start="2024-05-13T16:22:45.130747" elapsed="0.052272"/>
</kw>
<status status="PASS" start="2024-05-13T16:22:44.898060" elapsed="0.285129"/>
</kw>
<kw name="Passo 8 - Digitar nome completo" owner="FRONT">
<kw name="Wait Until Element Is Visible" owner="SeleniumLibrary">
<arg>locator=${fullnameImput}</arg>
<doc>Waits until the element ``locator`` is visible.</doc>
<status status="PASS" start="2024-05-13T16:22:45.183914" elapsed="0.033172"/>
</kw>
<kw name="Input Text" owner="SeleniumLibrary">
<msg time="2024-05-13T16:22:45.217764" level="INFO">Typing text 'Jussara Park' into text field 'fullName'.</msg>
<arg>locator=${fullnameImput}</arg>
<arg>text=${nomeesobrenome}</arg>
<doc>Types the given ``text`` into the text field identified by ``locator``.</doc>
<status status="PASS" start="2024-05-13T16:22:45.217324" elapsed="0.069079"/>
</kw>
<status status="PASS" start="2024-05-13T16:22:45.183530" elapsed="0.102983"/>
</kw>
<kw name="Passo 9 - Digitar e-mail" owner="FRONT">
<kw name="Generate Random String" owner="String">
<msg time="2024-05-13T16:22:45.287260" level="INFO">${palavra_randomica} = QChzVnmL</msg>
<var>${palavra_randomica}</var>
<arg>8</arg>
<arg>chars=[LETTERS]</arg>
<doc>Generates a string with a desired ``length`` from the given ``chars``.</doc>
<status status="PASS" start="2024-05-13T16:22:45.286989" elapsed="0.000298"/>
</kw>
<kw name="Convert To Lower Case" owner="String">
<msg time="2024-05-13T16:22:45.287500" level="INFO">${palavra_randomica} = qchzvnml</msg>
<var>${palavra_randomica}</var>
<arg>${palavra_randomica}</arg>
<doc>Converts string to lower case.</doc>
<status status="PASS" start="2024-05-13T16:22:45.287387" elapsed="0.000129"/>
</kw>
<kw name="Set Test Variable" owner="BuiltIn">
<msg time="2024-05-13T16:22:45.288415" level="INFO">${EMAIL_TEST} = qchzvnml@hotmail.com</msg>
<arg>${EMAIL_TEST}</arg>
<arg>${palavra_randomica}@hotmail.com</arg>
<doc>Makes a variable available everywhere within the scope of the current test.</doc>
<status status="PASS" start="2024-05-13T16:22:45.287609" elapsed="0.000845"/>
</kw>
<kw name="Log" owner="BuiltIn">
<msg time="2024-05-13T16:22:45.288677" level="INFO">qchzvnml@hotmail.com</msg>
<arg>${EMAIL_TEST}</arg>
<doc>Logs the given message with the given level.</doc>
<status status="PASS" start="2024-05-13T16:22:45.288575" elapsed="0.000130"/>
</kw>
<kw name="Wait Until Element Is Visible" owner="SeleniumLibrary">
<arg>locator=${mailcadastroInput}</arg>
<doc>Waits until the element ``locator`` is visible.</doc>
<status status="PASS" start="2024-05-13T16:22:45.288787" elapsed="0.046323"/>
</kw>
<kw name="Input Text" owner="SeleniumLibrary">
<msg time="2024-05-13T16:22:45.335687" level="INFO">Typing text 'qchzvnml@hotmail.com' into text field 'mail'.</msg>
<arg>locator=${mailcadastroInput}</arg>
<arg>text=${EMAIL_TEST}</arg>
<doc>Types the given ``text`` into the text field identified by ``locator``.</doc>
<status status="PASS" start="2024-05-13T16:22:45.335340" elapsed="0.079047"/>
</kw>
<status status="PASS" start="2024-05-13T16:22:45.286759" elapsed="0.127760"/>
</kw>
<kw name="Passo 10 - Digitar perfil de acesso" owner="FRONT">
<kw name="Wait Until Element Is Visible" owner="SeleniumLibrary">
<arg>locator=${accesprofileInput}</arg>
<doc>Waits until the element ``locator`` is visible.</doc>
<status status="PASS" start="2024-05-13T16:22:45.415080" elapsed="0.017662"/>
</kw>
<kw name="Input Text" owner="SeleniumLibrary">
<msg time="2024-05-13T16:22:45.433204" level="INFO">Typing text 'ADMIN' into text field 'accessProfile'.</msg>
<arg>locator=${accesprofileInput}</arg>
<arg>text=${administrador}</arg>
<doc>Types the given ``text`` into the text field identified by ``locator``.</doc>
<status status="PASS" start="2024-05-13T16:22:45.432943" elapsed="0.069777"/>
</kw>
<status status="PASS" start="2024-05-13T16:22:45.414787" elapsed="0.088044"/>
</kw>
<kw name="Passo 11 - Digitar CPF" owner="FRONT">
<kw name="Generate Random String" owner="String">
<msg time="2024-05-13T16:22:45.503600" level="INFO">${cpf_randomico} = 31632128358</msg>
<var>${cpf_randomico}</var>
<arg>11</arg>
<arg>chars=[NUMBERS]</arg>
<doc>Generates a string with a desired ``length`` from the given ``chars``.</doc>
<status status="PASS" start="2024-05-13T16:22:45.503394" elapsed="0.000234"/>
</kw>
<kw name="Set Test Variable" owner="BuiltIn">
<msg time="2024-05-13T16:22:45.504515" level="INFO">${CPF} = 31632128358</msg>
<arg>${CPF}</arg>
<arg>${cpf_randomico}</arg>
<doc>Makes a variable available everywhere within the scope of the current test.</doc>
<status status="PASS" start="2024-05-13T16:22:45.503740" elapsed="0.000949"/>
</kw>
<kw name="Log" owner="BuiltIn">
<msg time="2024-05-13T16:22:45.505014" level="INFO">31632128358</msg>
<arg>${CPF}</arg>
<doc>Logs the given message with the given level.</doc>
<status status="PASS" start="2024-05-13T16:22:45.504870" elapsed="0.000184"/>
</kw>
<kw name="Wait Until Element Is Visible" owner="SeleniumLibrary">
<arg>locator=${cpfinput}</arg>
<doc>Waits until the element ``locator`` is visible.</doc>
<status status="PASS" start="2024-05-13T16:22:45.505158" elapsed="0.015579"/>
</kw>
<kw name="Input Text" owner="SeleniumLibrary">
<msg time="2024-05-13T16:22:45.521791" level="INFO">Typing text '31632128358' into text field 'cpf'.</msg>
<arg>locator=${cpfinput}</arg>
<arg>text=${CPF}</arg>
<doc>Types the given ``text`` into the text field identified by ``locator``.</doc>
<status status="PASS" start="2024-05-13T16:22:45.521098" elapsed="0.066812"/>
</kw>
<status status="PASS" start="2024-05-13T16:22:45.503109" elapsed="0.084903"/>
</kw>
<kw name="Passo 12 - Digitar senha" owner="FRONT">
<kw name="Wait Until Element Is Visible" owner="SeleniumLibrary">
<arg>locator=${passwordcadastroInput}</arg>
<doc>Waits until the element ``locator`` is visible.</doc>
<status status="PASS" start="2024-05-13T16:22:45.588513" elapsed="0.018267"/>
</kw>
<kw name="Input Password" owner="SeleniumLibrary">
<msg time="2024-05-13T16:22:45.607210" level="INFO">Typing password into text field 'password'.</msg>
<msg time="2024-05-13T16:22:45.639305" level="INFO">Temporally setting log level to: NONE</msg>
<arg>locator=${passwordcadastroInput}</arg>
<arg>password=${password}</arg>
<doc>Types the given password into the text field identified by ``locator``.</doc>
<status status="PASS" start="2024-05-13T16:22:45.606950" elapsed="0.068902"/>
</kw>
<status status="PASS" start="2024-05-13T16:22:45.588251" elapsed="0.087714"/>
</kw>
<kw name="Passo 13 - Digitar confirmar senha" owner="FRONT">
<kw name="Wait Until Element Is Visible" owner="SeleniumLibrary">
<arg>locator=${confirmpassword}</arg>
<doc>Waits until the element ``locator`` is visible.</doc>
<status status="PASS" start="2024-05-13T16:22:45.676417" elapsed="0.026113"/>
</kw>
<kw name="Input Password" owner="SeleniumLibrary">
<msg time="2024-05-13T16:22:45.705096" level="INFO">Typing password into text field 'confirmPassword'.</msg>
<msg time="2024-05-13T16:22:45.727529" level="INFO">Temporally setting log level to: NONE</msg>
<arg>locator=${confirmpassword}</arg>
<arg>password=${password}</arg>
<doc>Types the given password into the text field identified by ``locator``.</doc>
<status status="PASS" start="2024-05-13T16:22:45.703675" elapsed="0.062731"/>
</kw>
<status status="PASS" start="2024-05-13T16:22:45.676167" elapsed="0.090344"/>
</kw>
<kw name="Passo 14 - Clicar no Salvar Novo" owner="FRONT">
<kw name="Wait Until Element Is Visible" owner="SeleniumLibrary">
<arg>locator=${buttonsave}</arg>
<doc>Waits until the element ``locator`` is visible.</doc>
<status status="PASS" start="2024-05-13T16:22:45.767262" elapsed="0.028863"/>
</kw>
<kw name="Click Button" owner="SeleniumLibrary">
<msg time="2024-05-13T16:22:45.796765" level="INFO">Clicking button 'save'.</msg>
<arg>locator=${buttonsave}</arg>
<doc>Clicks the button identified by ``locator``.</doc>
<status status="PASS" start="2024-05-13T16:22:45.796415" elapsed="0.062406"/>
</kw>
<status status="PASS" start="2024-05-13T16:22:45.766788" elapsed="0.092178"/>
</kw>
<kw name="Fechar o navegador" owner="FRONT" type="TEARDOWN">
<kw name="Close Browser" owner="SeleniumLibrary">
<doc>Closes the current browser.</doc>
<status status="PASS" start="2024-05-13T16:22:45.859656" elapsed="0.055884"/>
</kw>
<status status="PASS" start="2024-05-13T16:22:45.859403" elapsed="0.056239"/>
</kw>
<status status="PASS" start="2024-05-13T16:22:40.749251" elapsed="5.166486"/>
</test>
<test id="s1-s3-t2" name="CT02 - preencher o campo fullname invalido" line="23">
<kw name="Abrir o navegador" owner="FRONT" type="SETUP">
<kw name="Open Browser" owner="SeleniumLibrary">
<msg time="2024-05-13T16:22:45.916581" level="INFO">Opening browser 'headlesschrome' to base url 'None'.</msg>
<arg>browser=headlesschrome</arg>
<doc>Opens a new browser instance to the optional ``url``.</doc>
<status status="PASS" start="2024-05-13T16:22:45.916462" elapsed="0.345491"/>
</kw>
<kw name="Maximize Browser Window" owner="SeleniumLibrary">
<doc>Maximizes current browser window.</doc>
<status status="PASS" start="2024-05-13T16:22:46.262127" elapsed="0.014491"/>
</kw>
<status status="PASS" start="2024-05-13T16:22:45.916251" elapsed="0.360461"/>
</kw>
<kw name="Passo 1 - Acessar a página de login do academy" owner="FRONT">
<kw name="Go To" owner="SeleniumLibrary">
<msg time="2024-05-13T16:22:46.277243" level="INFO">Opening url 'https://automacao.qacoders-academy.com.br/login'</msg>
<arg>url=${URL}</arg>
<doc>Navigates the current browser window to the provided ``url``.</doc>
<status status="PASS" start="2024-05-13T16:22:46.277120" elapsed="0.252814"/>
</kw>
<status status="PASS" start="2024-05-13T16:22:46.276911" elapsed="0.253136"/>
</kw>
<kw name="Passo 2 - Digitar mail" owner="FRONT">
<kw name="Wait Until Element Is Visible" owner="SeleniumLibrary">
<arg>locator=${mailInput}</arg>
<doc>Waits until the element ``locator`` is visible.</doc>
<status status="PASS" start="2024-05-13T16:22:46.530487" elapsed="0.043796"/>
</kw>
<kw name="Input Text" owner="SeleniumLibrary">
<msg time="2024-05-13T16:22:46.574701" level="INFO">Typing text 'sysadmin@qacoders.com' into text field '//input[contains(@type,'text')]'.</msg>
<arg>locator=${mailInput}</arg>
<arg>text=${mailLogin}</arg>
<doc>Types the given ``text`` into the text field identified by ``locator``.</doc>
<status status="PASS" start="2024-05-13T16:22:46.574462" elapsed="0.101431"/>
</kw>
<status status="PASS" start="2024-05-13T16:22:46.530265" elapsed="0.145740"/>
</kw>
<kw name="Passo 3 - Digitar uma senha" owner="FRONT">
<kw name="Wait Until Element Is Visible" owner="SeleniumLibrary">
<arg>locator=${passwordinput}</arg>
<doc>Waits until the element ``locator`` is visible.</doc>
<status status="PASS" start="2024-05-13T16:22:46.676445" elapsed="0.015493"/>
</kw>
<kw name="Input Password" owner="SeleniumLibrary">
<msg time="2024-05-13T16:22:46.692361" level="INFO">Typing password into text field '//input[contains(@type,'password')]'.</msg>
<msg time="2024-05-13T16:22:46.722109" level="INFO">Temporally setting log level to: NONE</msg>
<arg>locator=${passwordinput}</arg>
<arg>password=${password}</arg>
<doc>Types the given password into the text field identified by ``locator``.</doc>
<status status="PASS" start="2024-05-13T16:22:46.692117" elapsed="0.061991"/>
</kw>
<status status="PASS" start="2024-05-13T16:22:46.676217" elapsed="0.077993"/>
</kw>
<kw name="Passo 4 - Clicar em entrar" owner="FRONT">
<kw name="Wait Until Element Is Visible" owner="SeleniumLibrary">
<arg>locator=${buttomentrar}</arg>
<doc>Waits until the element ``locator`` is visible.</doc>
<status status="PASS" start="2024-05-13T16:22:46.754629" elapsed="0.019605"/>
</kw>
<kw name="Click Button" owner="SeleniumLibrary">
<msg time="2024-05-13T16:22:46.774767" level="INFO">Clicking button '//button[@class='MuiButtonBase-root MuiButton-root MuiButton-contained MuiButton-containedOrange MuiButton-sizeMedium MuiButton-containedSizeMedium MuiButton-root MuiButton-contained MuiButton-containedOrange MuiButton-sizeMedium MuiButton-containedSizeMedium css-ojf4v2'][contains(.,'Entrar')]'.</msg>
<arg>locator=${buttomentrar}</arg>
<doc>Clicks the button identified by ``locator``.</doc>
<status status="PASS" start="2024-05-13T16:22:46.774477" elapsed="0.058021"/>
</kw>
<kw name="Sleep" owner="BuiltIn">
<msg time="2024-05-13T16:22:49.833010" level="INFO">Slept 3 seconds.</msg>
<arg>3s</arg>
<doc>Pauses the test executed for the given time.</doc>
<status status="PASS" start="2024-05-13T16:22:46.832685" elapsed="3.000540"/>
</kw>
<status status="PASS" start="2024-05-13T16:22:46.754415" elapsed="3.079014"/>
</kw>
<kw name="Passo 5 - Clicar em Cadastros" owner="FRONT">
<kw name="Wait Until Element Is Visible" owner="SeleniumLibrary">
<arg>locator=${cadastro}</arg>
<doc>Waits until the element ``locator`` is visible.</doc>
<status status="PASS" start="2024-05-13T16:22:49.834759" elapsed="0.024895"/>
</kw>
<kw name="Click Element" owner="SeleniumLibrary">
<msg time="2024-05-13T16:22:49.860363" level="INFO">Clicking element '//div[@id='Cadastros']/../..//div[@role='button']'.</msg>
<arg>locator=${cadastro}</arg>
<doc>Click the element identified by ``locator``.</doc>
<status status="PASS" start="2024-05-13T16:22:49.859943" elapsed="0.032429"/>
</kw>
<status status="PASS" start="2024-05-13T16:22:49.833913" elapsed="0.058728"/>
</kw>
<kw name="Passo 6 - Clicar em Usuários" owner="FRONT">
<kw name="Wait Until Element Is Visible" owner="SeleniumLibrary">
<arg>locator=${usuario}</arg>
<doc>Waits until the element ``locator`` is visible.</doc>
<status status="PASS" start="2024-05-13T16:22:49.893391" elapsed="0.014049"/>
</kw>
<kw name="Click Element" owner="SeleniumLibrary">
<msg time="2024-05-13T16:22:49.907828" level="INFO">Clicking element '//div[contains(@id,'Usuários')]'.</msg>
<arg>locator=${usuario}</arg>
<doc>Click the element identified by ``locator``.</doc>
<status status="PASS" start="2024-05-13T16:22:49.907616" elapsed="0.038707"/>
</kw>
<status status="PASS" start="2024-05-13T16:22:49.892980" elapsed="0.053491"/>
</kw>
<kw name="Passo 7 - Clicar no botão novo cadastro" owner="FRONT">
<kw name="Wait Until Element Is Visible" owner="SeleniumLibrary">
<arg>locator=${buttomnovocadastro}</arg>
<doc>Waits until the element ``locator`` is visible.</doc>
<status status="PASS" start="2024-05-13T16:22:49.947056" elapsed="0.228480"/>
</kw>
<kw name="Click Button" owner="SeleniumLibrary">
<msg time="2024-05-13T16:22:50.176048" level="INFO">Clicking button 'Novo Cadastro'.</msg>
<arg>locator=${buttomnovocadastro}</arg>
<doc>Clicks the button identified by ``locator``.</doc>
<status status="PASS" start="2024-05-13T16:22:50.175755" elapsed="0.057391"/>
</kw>
<status status="PASS" start="2024-05-13T16:22:49.946757" elapsed="0.286539"/>
</kw>
<kw name="Campo FullName inválido" owner="FRONT">
<kw name="Wait Until Element Is Visible" owner="SeleniumLibrary">
<arg>locator=${fullnameImput}</arg>
<doc>Waits until the element ``locator`` is visible.</doc>
<status status="PASS" start="2024-05-13T16:22:50.233912" elapsed="0.029693"/>
</kw>
<kw name="Input Text" owner="SeleniumLibrary">
<msg time="2024-05-13T16:22:50.264033" level="INFO">Typing text 'saa saa' into text field 'fullName'.</msg>
<arg>locator=${fullnameImput}</arg>
<arg>text=${fullnameinvalido}</arg>
<doc>Types the given ``text`` into the text field identified by ``locator``.</doc>
<status status="PASS" start="2024-05-13T16:22:50.263780" elapsed="0.071172"/>
</kw>
<status status="PASS" start="2024-05-13T16:22:50.233584" elapsed="0.101490"/>
</kw>
<kw name="Passo 9 - Digitar e-mail" owner="FRONT">
<kw name="Generate Random String" owner="String">
<msg time="2024-05-13T16:22:50.336253" level="INFO">${palavra_randomica} = LCvGTOWP</msg>
<var>${palavra_randomica}</var>
<arg>8</arg>
<arg>chars=[LETTERS]</arg>
<doc>Generates a string with a desired ``length`` from the given ``chars``.</doc>
<status status="PASS" start="2024-05-13T16:22:50.335927" elapsed="0.000356"/>
</kw>
<kw name="Convert To Lower Case" owner="String">
<msg time="2024-05-13T16:22:50.336543" level="INFO">${palavra_randomica} = lcvgtowp</msg>
<var>${palavra_randomica}</var>
<arg>${palavra_randomica}</arg>
<doc>Converts string to lower case.</doc>
<status status="PASS" start="2024-05-13T16:22:50.336405" elapsed="0.000158"/>
</kw>
<kw name="Set Test Variable" owner="BuiltIn">
<msg time="2024-05-13T16:22:50.337546" level="INFO">${EMAIL_TEST} = lcvgtowp@hotmail.com</msg>
<arg>${EMAIL_TEST}</arg>
<arg>${palavra_randomica}@hotmail.com</arg>
<doc>Makes a variable available everywhere within the scope of the current test.</doc>
<status status="PASS" start="2024-05-13T16:22:50.336665" elapsed="0.000926"/>
</kw>
<kw name="Log" owner="BuiltIn">
<msg time="2024-05-13T16:22:50.337799" level="INFO">lcvgtowp@hotmail.com</msg>
<arg>${EMAIL_TEST}</arg>
<doc>Logs the given message with the given level.</doc>
<status status="PASS" start="2024-05-13T16:22:50.337695" elapsed="0.000134"/>
</kw>
<kw name="Wait Until Element Is Visible" owner="SeleniumLibrary">
<arg>locator=${mailcadastroInput}</arg>
<doc>Waits until the element ``locator`` is visible.</doc>
<status status="PASS" start="2024-05-13T16:22:50.337936" elapsed="0.022885"/>
</kw>
<kw name="Input Text" owner="SeleniumLibrary">
<msg time="2024-05-13T16:22:50.361830" level="INFO">Typing text 'lcvgtowp@hotmail.com' into text field 'mail'.</msg>
<arg>locator=${mailcadastroInput}</arg>
<arg>text=${EMAIL_TEST}</arg>
<doc>Types the given ``text`` into the text field identified by ``locator``.</doc>
<status status="PASS" start="2024-05-13T16:22:50.361248" elapsed="0.060802"/>
</kw>
<status status="PASS" start="2024-05-13T16:22:50.335448" elapsed="0.086871"/>
</kw>
<kw name="Passo 10 - Digitar perfil de acesso" owner="FRONT">
<kw name="Wait Until Element Is Visible" owner="SeleniumLibrary">
<arg>locator=${accesprofileInput}</arg>
<doc>Waits until the element ``locator`` is visible.</doc>
<status status="PASS" start="2024-05-13T16:22:50.423077" elapsed="0.043930"/>
</kw>
<kw name="Input Text" owner="SeleniumLibrary">
<msg time="2024-05-13T16:22:50.467523" level="INFO">Typing text 'ADMIN' into text field 'accessProfile'.</msg>
<arg>locator=${accesprofileInput}</arg>
<arg>text=${administrador}</arg>
<doc>Types the given ``text`` into the text field identified by ``locator``.</doc>
<status status="PASS" start="2024-05-13T16:22:50.467208" elapsed="0.063313"/>
</kw>
<status status="PASS" start="2024-05-13T16:22:50.422695" elapsed="0.107998"/>
</kw>
<kw name="Passo 11 - Digitar CPF" owner="FRONT">
<kw name="Generate Random String" owner="String">
<msg time="2024-05-13T16:22:50.532733" level="INFO">${cpf_randomico} = 42330123050</msg>
<var>${cpf_randomico}</var>
<arg>11</arg>
<arg>chars=[NUMBERS]</arg>
<doc>Generates a string with a desired ``length`` from the given ``chars``.</doc>
<status status="PASS" start="2024-05-13T16:22:50.531294" elapsed="0.001468"/>
</kw>
<kw name="Set Test Variable" owner="BuiltIn">
<msg time="2024-05-13T16:22:50.533508" level="INFO">${CPF} = 42330123050</msg>
<arg>${CPF}</arg>
<arg>${cpf_randomico}</arg>
<doc>Makes a variable available everywhere within the scope of the current test.</doc>
<status status="PASS" start="2024-05-13T16:22:50.532898" elapsed="0.000647"/>
</kw>
<kw name="Log" owner="BuiltIn">
<msg time="2024-05-13T16:22:50.533734" level="INFO">42330123050</msg>
<arg>${CPF}</arg>
<doc>Logs the given message with the given level.</doc>
<status status="PASS" start="2024-05-13T16:22:50.533640" elapsed="0.000125"/>
</kw>
<kw name="Wait Until Element Is Visible" owner="SeleniumLibrary">
<arg>locator=${cpfinput}</arg>
<doc>Waits until the element ``locator`` is visible.</doc>
<status status="PASS" start="2024-05-13T16:22:50.533930" elapsed="0.029449"/>
</kw>
<kw name="Input Text" owner="SeleniumLibrary">
<msg time="2024-05-13T16:22:50.568047" level="INFO">Typing text '42330123050' into text field 'cpf'.</msg>
<arg>locator=${cpfinput}</arg>
<arg>text=${CPF}</arg>
<doc>Types the given ``text`` into the text field identified by ``locator``.</doc>
<status status="PASS" start="2024-05-13T16:22:50.565596" elapsed="0.057359"/>
</kw>
<status status="PASS" start="2024-05-13T16:22:50.531004" elapsed="0.092057"/>
</kw>
<kw name="Passo 12 - Digitar senha" owner="FRONT">
<kw name="Wait Until Element Is Visible" owner="SeleniumLibrary">
<arg>locator=${passwordcadastroInput}</arg>
<doc>Waits until the element ``locator`` is visible.</doc>
<status status="PASS" start="2024-05-13T16:22:50.623507" elapsed="0.016111"/>
</kw>
<kw name="Input Password" owner="SeleniumLibrary">
<msg time="2024-05-13T16:22:50.640363" level="INFO">Typing password into text field 'password'.</msg>
<msg time="2024-05-13T16:22:50.678875" level="INFO">Temporally setting log level to: NONE</msg>
<arg>locator=${passwordcadastroInput}</arg>
<arg>password=${password}</arg>
<doc>Types the given password into the text field identified by ``locator``.</doc>
<status status="PASS" start="2024-05-13T16:22:50.639976" elapsed="0.081246"/>
</kw>
<status status="PASS" start="2024-05-13T16:22:50.623270" elapsed="0.098073"/>
</kw>
<kw name="Passo 13 - Digitar confirmar senha" owner="FRONT">
<kw name="Wait Until Element Is Visible" owner="SeleniumLibrary">
<arg>locator=${confirmpassword}</arg>
<doc>Waits until the element ``locator`` is visible.</doc>
<status status="PASS" start="2024-05-13T16:22:50.721803" elapsed="0.016890"/>
</kw>
<kw name="Input Password" owner="SeleniumLibrary">
<msg time="2024-05-13T16:22:50.739483" level="INFO">Typing password into text field 'confirmPassword'.</msg>
<msg time="2024-05-13T16:22:50.766150" level="INFO">Temporally setting log level to: NONE</msg>
<arg>locator=${confirmpassword}</arg>
<arg>password=${password}</arg>
<doc>Types the given password into the text field identified by ``locator``.</doc>
<status status="PASS" start="2024-05-13T16:22:50.738978" elapsed="0.059220"/>
</kw>
<status status="PASS" start="2024-05-13T16:22:50.721567" elapsed="0.076736"/>
</kw>
<kw name="Passo 14 - Clicar no Salvar Novo" owner="FRONT">
<kw name="Wait Until Element Is Visible" owner="SeleniumLibrary">
<arg>locator=${buttonsave}</arg>
<doc>Waits until the element ``locator`` is visible.</doc>
<status status="PASS" start="2024-05-13T16:22:50.798786" elapsed="0.027126"/>
</kw>
<kw name="Click Button" owner="SeleniumLibrary">
<msg time="2024-05-13T16:22:50.828517" level="INFO">Clicking button 'save'.</msg>
<arg>locator=${buttonsave}</arg>
<doc>Clicks the button identified by ``locator``.</doc>
<status status="PASS" start="2024-05-13T16:22:50.826463" elapsed="0.064658"/>
</kw>
<status status="PASS" start="2024-05-13T16:22:50.798547" elapsed="0.092910"/>
</kw>
<kw name="Fechar o navegador" owner="FRONT" type="TEARDOWN">
<kw name="Close Browser" owner="SeleniumLibrary">
<doc>Closes the current browser.</doc>
<status status="PASS" start="2024-05-13T16:22:50.892485" elapsed="0.056853"/>
</kw>
<status status="PASS" start="2024-05-13T16:22:50.892083" elapsed="0.057360"/>
</kw>
<status status="PASS" start="2024-05-13T16:22:45.915963" elapsed="5.033570"/>
</test>
<test id="s1-s3-t3" name="CT03 - preencher o campo email com email invalido" line="38">
<kw name="Abrir o navegador" owner="FRONT" type="SETUP">
<kw name="Open Browser" owner="SeleniumLibrary">
<msg time="2024-05-13T16:22:50.950443" level="INFO">Opening browser 'headlesschrome' to base url 'None'.</msg>
<arg>browser=headlesschrome</arg>
<doc>Opens a new browser instance to the optional ``url``.</doc>
<status status="PASS" start="2024-05-13T16:22:50.950317" elapsed="0.385176"/>
</kw>
<kw name="Maximize Browser Window" owner="SeleniumLibrary">
<doc>Maximizes current browser window.</doc>
<status status="PASS" start="2024-05-13T16:22:51.335650" elapsed="0.014927"/>
</kw>
<status status="PASS" start="2024-05-13T16:22:50.950075" elapsed="0.400601"/>
</kw>
<kw name="Passo 1 - Acessar a página de login do academy" owner="FRONT">
<kw name="Go To" owner="SeleniumLibrary">
<msg time="2024-05-13T16:22:51.351282" level="INFO">Opening url 'https://automacao.qacoders-academy.com.br/login'</msg>
<arg>url=${URL}</arg>
<doc>Navigates the current browser window to the provided ``url``.</doc>
<status status="PASS" start="2024-05-13T16:22:51.351150" elapsed="0.307700"/>
</kw>
<status status="PASS" start="2024-05-13T16:22:51.350919" elapsed="0.308075"/>
</kw>
<kw name="Passo 2 - Digitar mail" owner="FRONT">
<kw name="Wait Until Element Is Visible" owner="SeleniumLibrary">
<arg>locator=${mailInput}</arg>
<doc>Waits until the element ``locator`` is visible.</doc>
<status status="PASS" start="2024-05-13T16:22:51.659560" elapsed="0.033147"/>
</kw>
<kw name="Input Text" owner="SeleniumLibrary">
<msg time="2024-05-13T16:22:51.693370" level="INFO">Typing text 'sysadmin@qacoders.com' into text field '//input[contains(@type,'text')]'.</msg>
<arg>locator=${mailInput}</arg>
<arg>text=${mailLogin}</arg>
<doc>Types the given ``text`` into the text field identified by ``locator``.</doc>
<status status="PASS" start="2024-05-13T16:22:51.692962" elapsed="0.099444"/>
</kw>
<status status="PASS" start="2024-05-13T16:22:51.659229" elapsed="0.133297"/>
</kw>
<kw name="Passo 3 - Digitar uma senha" owner="FRONT">
<kw name="Wait Until Element Is Visible" owner="SeleniumLibrary">
<arg>locator=${passwordinput}</arg>
<doc>Waits until the element ``locator`` is visible.</doc>
<status status="PASS" start="2024-05-13T16:22:51.793085" elapsed="0.035726"/>
</kw>
<kw name="Input Password" owner="SeleniumLibrary">
<msg time="2024-05-13T16:22:51.829610" level="INFO">Typing password into text field '//input[contains(@type,'password')]'.</msg>
<msg time="2024-05-13T16:22:51.845488" level="INFO">Temporally setting log level to: NONE</msg>
<arg>locator=${passwordinput}</arg>
<arg>password=${password}</arg>
<doc>Types the given password into the text field identified by ``locator``.</doc>
<status status="PASS" start="2024-05-13T16:22:51.829099" elapsed="0.048750"/>
</kw>
<status status="PASS" start="2024-05-13T16:22:51.792827" elapsed="0.085134"/>
</kw>
<kw name="Passo 4 - Clicar em entrar" owner="FRONT">
<kw name="Wait Until Element Is Visible" owner="SeleniumLibrary">
<arg>locator=${buttomentrar}</arg>
<doc>Waits until the element ``locator`` is visible.</doc>
<status status="PASS" start="2024-05-13T16:22:51.878431" elapsed="0.014530"/>
</kw>
<kw name="Click Button" owner="SeleniumLibrary">
<msg time="2024-05-13T16:22:51.895369" level="INFO">Clicking button '//button[@class='MuiButtonBase-root MuiButton-root MuiButton-contained MuiButton-containedOrange MuiButton-sizeMedium MuiButton-containedSizeMedium MuiButton-root MuiButton-contained MuiButton-containedOrange MuiButton-sizeMedium MuiButton-containedSizeMedium css-ojf4v2'][contains(.,'Entrar')]'.</msg>
<arg>locator=${buttomentrar}</arg>
<doc>Clicks the button identified by ``locator``.</doc>
<status status="PASS" start="2024-05-13T16:22:51.893831" elapsed="0.056487"/>
</kw>
<kw name="Sleep" owner="BuiltIn">
<msg time="2024-05-13T16:22:54.950872" level="INFO">Slept 3 seconds.</msg>
<arg>3s</arg>
<doc>Pauses the test executed for the given time.</doc>
<status status="PASS" start="2024-05-13T16:22:51.950511" elapsed="3.000580"/>
</kw>
<status status="PASS" start="2024-05-13T16:22:51.878212" elapsed="3.073088"/>
</kw>
<kw name="Passo 5 - Clicar em Cadastros" owner="FRONT">
<kw name="Wait Until Element Is Visible" owner="SeleniumLibrary">
<arg>locator=${cadastro}</arg>
<doc>Waits until the element ``locator`` is visible.</doc>
<status status="PASS" start="2024-05-13T16:22:54.952400" elapsed="0.031287"/>
</kw>
<kw name="Click Element" owner="SeleniumLibrary">
<msg time="2024-05-13T16:22:54.984136" level="INFO">Clicking element '//div[@id='Cadastros']/../..//div[@role='button']'.</msg>
<arg>locator=${cadastro}</arg>
<doc>Click the element identified by ``locator``.</doc>
<status status="PASS" start="2024-05-13T16:22:54.983887" elapsed="0.029639"/>
</kw>
<status status="PASS" start="2024-05-13T16:22:54.951772" elapsed="0.061856"/>
</kw>
<kw name="Passo 6 - Clicar em Usuários" owner="FRONT">
<kw name="Wait Until Element Is Visible" owner="SeleniumLibrary">
<arg>locator=${usuario}</arg>
<doc>Waits until the element ``locator`` is visible.</doc>
<status status="PASS" start="2024-05-13T16:22:55.014205" elapsed="0.021946"/>
</kw>
<kw name="Click Element" owner="SeleniumLibrary">
<msg time="2024-05-13T16:22:55.037791" level="INFO">Clicking element '//div[contains(@id,'Usuários')]'.</msg>
<arg>locator=${usuario}</arg>
<doc>Click the element identified by ``locator``.</doc>
<status status="PASS" start="2024-05-13T16:22:55.036855" elapsed="0.035113"/>
</kw>
<status status="PASS" start="2024-05-13T16:22:55.013886" elapsed="0.058213"/>
</kw>
<kw name="Passo 7 - Clicar no botão novo cadastro" owner="FRONT">
<kw name="Wait Until Element Is Visible" owner="SeleniumLibrary">
<arg>locator=${buttomnovocadastro}</arg>
<doc>Waits until the element ``locator`` is visible.</doc>
<status status="PASS" start="2024-05-13T16:22:55.072593" elapsed="0.042787"/>
</kw>
<kw name="Click Button" owner="SeleniumLibrary">
<msg time="2024-05-13T16:22:55.116009" level="INFO">Clicking button 'Novo Cadastro'.</msg>
<arg>locator=${buttomnovocadastro}</arg>
<doc>Clicks the button identified by ``locator``.</doc>
<status status="PASS" start="2024-05-13T16:22:55.115654" elapsed="0.049274"/>
</kw>
<status status="PASS" start="2024-05-13T16:22:55.072354" elapsed="0.092713"/>
</kw>
<kw name="Passo 8 - Digitar nome completo" owner="FRONT">
<kw name="Wait Until Element Is Visible" owner="SeleniumLibrary">
<arg>locator=${fullnameImput}</arg>
<doc>Waits until the element ``locator`` is visible.</doc>
<status status="PASS" start="2024-05-13T16:22:55.165805" elapsed="0.042830"/>
</kw>
<kw name="Input Text" owner="SeleniumLibrary">
<msg time="2024-05-13T16:22:55.209084" level="INFO">Typing text 'Jussara Park' into text field 'fullName'.</msg>
<arg>locator=${fullnameImput}</arg>
<arg>text=${nomeesobrenome}</arg>
<doc>Types the given ``text`` into the text field identified by ``locator``.</doc>
<status status="PASS" start="2024-05-13T16:22:55.208828" elapsed="0.075049"/>
</kw>
<status status="PASS" start="2024-05-13T16:22:55.165451" elapsed="0.118531"/>
</kw>
<kw name="Digitar email invalido do usuário" owner="FRONT">
<kw name="Wait Until Element Is Visible" owner="SeleniumLibrary">
<arg>locator=${mailcadastroInput}</arg>
<doc>Waits until the element ``locator`` is visible.</doc>
<status status="PASS" start="2024-05-13T16:22:55.284504" elapsed="0.016392"/>
</kw>
<kw name="Input Text" owner="SeleniumLibrary">
<msg time="2024-05-13T16:22:55.301616" level="INFO">Typing text 'sasa.com' into text field 'mail'.</msg>
<arg>locator=${mailcadastroInput}</arg>
<arg>text=${emailinvalidousu}</arg>
<doc>Types the given ``text`` into the text field identified by ``locator``.</doc>
<status status="PASS" start="2024-05-13T16:22:55.301225" elapsed="0.064372"/>
</kw>
<status status="PASS" start="2024-05-13T16:22:55.284242" elapsed="0.081477"/>
</kw>
<kw name="Passo 10 - Digitar perfil de acesso" owner="FRONT">
<kw name="Wait Until Element Is Visible" owner="SeleniumLibrary">
<arg>locator=${accesprofileInput}</arg>
<doc>Waits until the element ``locator`` is visible.</doc>
<status status="PASS" start="2024-05-13T16:22:55.366362" elapsed="0.016564"/>
</kw>
<kw name="Input Text" owner="SeleniumLibrary">
<msg time="2024-05-13T16:22:55.383483" level="INFO">Typing text 'ADMIN' into text field 'accessProfile'.</msg>
<arg>locator=${accesprofileInput}</arg>
<arg>text=${administrador}</arg>
<doc>Types the given ``text`` into the text field identified by ``locator``.</doc>
<status status="PASS" start="2024-05-13T16:22:55.383192" elapsed="0.061457"/>
</kw>
<status status="PASS" start="2024-05-13T16:22:55.366064" elapsed="0.078720"/>
</kw>
<kw name="Passo 11 - Digitar CPF" owner="FRONT">
<kw name="Generate Random String" owner="String">
<msg time="2024-05-13T16:22:55.445627" level="INFO">${cpf_randomico} = 81745493460</msg>
<var>${cpf_randomico}</var>
<arg>11</arg>
<arg>chars=[NUMBERS]</arg>
<doc>Generates a string with a desired ``length`` from the given ``chars``.</doc>
<status status="PASS" start="2024-05-13T16:22:55.445421" elapsed="0.000232"/>
</kw>
<kw name="Set Test Variable" owner="BuiltIn">
<msg time="2024-05-13T16:22:55.446338" level="INFO">${CPF} = 81745493460</msg>
<arg>${CPF}</arg>
<arg>${cpf_randomico}</arg>
<doc>Makes a variable available everywhere within the scope of the current test.</doc>
<status status="PASS" start="2024-05-13T16:22:55.445755" elapsed="0.000617"/>
</kw>
<kw name="Log" owner="BuiltIn">
<msg time="2024-05-13T16:22:55.446548" level="INFO">81745493460</msg>
<arg>${CPF}</arg>
<doc>Logs the given message with the given level.</doc>
<status status="PASS" start="2024-05-13T16:22:55.446462" elapsed="0.000115"/>
</kw>
<kw name="Wait Until Element Is Visible" owner="SeleniumLibrary">
<arg>locator=${cpfinput}</arg>
<doc>Waits until the element ``locator`` is visible.</doc>
<status status="PASS" start="2024-05-13T16:22:55.446653" elapsed="0.019118"/>
</kw>
<kw name="Input Text" owner="SeleniumLibrary">
<msg time="2024-05-13T16:22:55.467152" level="INFO">Typing text '81745493460' into text field 'cpf'.</msg>
<arg>locator=${cpfinput}</arg>
<arg>text=${CPF}</arg>
<doc>Types the given ``text`` into the text field identified by ``locator``.</doc>
<status status="PASS" start="2024-05-13T16:22:55.466076" elapsed="0.083820"/>
</kw>
<status status="PASS" start="2024-05-13T16:22:55.445107" elapsed="0.104926"/>
</kw>
<kw name="Passo 12 - Digitar senha" owner="FRONT">
<kw name="Wait Until Element Is Visible" owner="SeleniumLibrary">
<arg>locator=${passwordcadastroInput}</arg>
<doc>Waits until the element ``locator`` is visible.</doc>
<status status="PASS" start="2024-05-13T16:22:55.550611" elapsed="0.019442"/>
</kw>
<kw name="Input Password" owner="SeleniumLibrary">
<msg time="2024-05-13T16:22:55.572258" level="INFO">Typing password into text field 'password'.</msg>
<msg time="2024-05-13T16:22:55.607142" level="INFO">Temporally setting log level to: NONE</msg>
<arg>locator=${passwordcadastroInput}</arg>
<arg>password=${password}</arg>
<doc>Types the given password into the text field identified by ``locator``.</doc>
<status status="PASS" start="2024-05-13T16:22:55.571127" elapsed="0.073240"/>
</kw>
<status status="PASS" start="2024-05-13T16:22:55.550298" elapsed="0.094344"/>
</kw>
<kw name="Passo 13 - Digitar confirmar senha" owner="FRONT">
<kw name="Wait Until Element Is Visible" owner="SeleniumLibrary">
<arg>locator=${confirmpassword}</arg>
<doc>Waits until the element ``locator`` is visible.</doc>
<status status="PASS" start="2024-05-13T16:22:55.645259" elapsed="0.019692"/>
</kw>
<kw name="Input Password" owner="SeleniumLibrary">
<msg time="2024-05-13T16:22:55.667258" level="INFO">Typing password into text field 'confirmPassword'.</msg>
<msg time="2024-05-13T16:22:55.694145" level="INFO">Temporally setting log level to: NONE</msg>
<arg>locator=${confirmpassword}</arg>
<arg>password=${password}</arg>
<doc>Types the given password into the text field identified by ``locator``.</doc>
<status status="PASS" start="2024-05-13T16:22:55.666262" elapsed="0.077244"/>
</kw>
<status status="PASS" start="2024-05-13T16:22:55.644930" elapsed="0.098761"/>
</kw>
<kw name="Clicar no botão salvar novo usuario" owner="FRONT">
<kw name="Wait Until Element Is Visible" owner="SeleniumLibrary">
<arg>locator=${buttonsave}</arg>
<doc>Waits until the element ``locator`` is visible.</doc>
<status status="PASS" start="2024-05-13T16:22:55.745085" elapsed="0.029162"/>
</kw>
<kw name="Click Button" owner="SeleniumLibrary">
<msg time="2024-05-13T16:22:55.776606" level="INFO">Clicking button 'save'.</msg>
<arg>locator=${buttonsave}</arg>
<doc>Clicks the button identified by ``locator``.</doc>
<status status="PASS" start="2024-05-13T16:22:55.775178" elapsed="0.069384"/>
</kw>
<kw name="Capture Element Screenshot" owner="SeleniumLibrary">
<msg time="2024-05-13T16:22:55.962108" level="INFO" html="true">&lt;/td&gt;&lt;/tr&gt;&lt;tr&gt;&lt;td colspan="3"&gt;&lt;a href="selenium-element-screenshot-64.png"&gt;&lt;img src="selenium-element-screenshot-64.png" width="400px"&gt;&lt;/a&gt;</msg>
<arg>locator=${teladocadastrodousuario}</arg>
<doc>Captures a screenshot from the element identified by ``locator`` and embeds it into log file.</doc>
<status status="PASS" start="2024-05-13T16:22:55.844846" elapsed="0.117364"/>
</kw>
<status status="PASS" start="2024-05-13T16:22:55.744327" elapsed="0.217983"/>
</kw>
<kw name="Fechar o navegador" owner="FRONT" type="TEARDOWN">
<kw name="Close Browser" owner="SeleniumLibrary">
<doc>Closes the current browser.</doc>
<status status="PASS" start="2024-05-13T16:22:55.962840" elapsed="0.068061"/>
</kw>
<status status="PASS" start="2024-05-13T16:22:55.962604" elapsed="0.068472"/>
</kw>
<status status="PASS" start="2024-05-13T16:22:50.949751" elapsed="5.081461"/>
</test>
<test id="s1-s3-t4" name="CT04 - campos obrigatorios em branco" line="54">
<kw name="Abrir o navegador" owner="FRONT" type="SETUP">
<kw name="Open Browser" owner="SeleniumLibrary">
<msg time="2024-05-13T16:22:56.034655" level="INFO">Opening browser 'headlesschrome' to base url 'None'.</msg>
<arg>browser=headlesschrome</arg>
<doc>Opens a new browser instance to the optional ``url``.</doc>
<status status="PASS" start="2024-05-13T16:22:56.034427" elapsed="0.324364"/>
</kw>
<kw name="Maximize Browser Window" owner="SeleniumLibrary">
<doc>Maximizes current browser window.</doc>
<status status="PASS" start="2024-05-13T16:22:56.358940" elapsed="0.012746"/>
</kw>
<status status="PASS" start="2024-05-13T16:22:56.033891" elapsed="0.337893"/>
</kw>
<kw name="Passo 1 - Acessar a página de login do academy" owner="FRONT">
<kw name="Go To" owner="SeleniumLibrary">
<msg time="2024-05-13T16:22:56.372458" level="INFO">Opening url 'https://automacao.qacoders-academy.com.br/login'</msg>
<arg>url=${URL}</arg>
<doc>Navigates the current browser window to the provided ``url``.</doc>
<status status="PASS" start="2024-05-13T16:22:56.372336" elapsed="0.243583"/>
</kw>
<status status="PASS" start="2024-05-13T16:22:56.372118" elapsed="0.243903"/>
</kw>
<kw name="Passo 2 - Digitar mail" owner="FRONT">
<kw name="Wait Until Element Is Visible" owner="SeleniumLibrary">
<arg>locator=${mailInput}</arg>
<doc>Waits until the element ``locator`` is visible.</doc>
<status status="PASS" start="2024-05-13T16:22:56.616494" elapsed="0.031953"/>
</kw>
<kw name="Input Text" owner="SeleniumLibrary">
<msg time="2024-05-13T16:22:56.648878" level="INFO">Typing text 'sysadmin@qacoders.com' into text field '//input[contains(@type,'text')]'.</msg>
<arg>locator=${mailInput}</arg>
<arg>text=${mailLogin}</arg>
<doc>Types the given ``text`` into the text field identified by ``locator``.</doc>
<status status="PASS" start="2024-05-13T16:22:56.648632" elapsed="0.114698"/>
</kw>
<status status="PASS" start="2024-05-13T16:22:56.616249" elapsed="0.147241"/>
</kw>
<kw name="Passo 3 - Digitar uma senha" owner="FRONT">
<kw name="Wait Until Element Is Visible" owner="SeleniumLibrary">
<arg>locator=${passwordinput}</arg>
<doc>Waits until the element ``locator`` is visible.</doc>
<status status="PASS" start="2024-05-13T16:22:56.763999" elapsed="0.018124"/>
</kw>
<kw name="Input Password" owner="SeleniumLibrary">
<msg time="2024-05-13T16:22:56.782875" level="INFO">Typing password into text field '//input[contains(@type,'password')]'.</msg>
<msg time="2024-05-13T16:22:56.822610" level="INFO">Temporally setting log level to: NONE</msg>
<arg>locator=${passwordinput}</arg>
<arg>password=${password}</arg>
<doc>Types the given password into the text field identified by ``locator``.</doc>
<status status="PASS" start="2024-05-13T16:22:56.782331" elapsed="0.071847"/>
</kw>
<status status="PASS" start="2024-05-13T16:22:56.763756" elapsed="0.090521"/>
</kw>
<kw name="Passo 4 - Clicar em entrar" owner="FRONT">
<kw name="Wait Until Element Is Visible" owner="SeleniumLibrary">
<arg>locator=${buttomentrar}</arg>
<doc>Waits until the element ``locator`` is visible.</doc>
<status status="PASS" start="2024-05-13T16:22:56.854709" elapsed="0.021462"/>
</kw>
<kw name="Click Button" owner="SeleniumLibrary">
<msg time="2024-05-13T16:22:56.877097" level="INFO">Clicking button '//button[@class='MuiButtonBase-root MuiButton-root MuiButton-contained MuiButton-containedOrange MuiButton-sizeMedium MuiButton-containedSizeMedium MuiButton-root MuiButton-contained MuiButton-containedOrange MuiButton-sizeMedium MuiButton-containedSizeMedium css-ojf4v2'][contains(.,'Entrar')]'.</msg>
<arg>locator=${buttomentrar}</arg>
<doc>Clicks the button identified by ``locator``.</doc>
<status status="PASS" start="2024-05-13T16:22:56.876445" elapsed="0.048998"/>
</kw>
<kw name="Sleep" owner="BuiltIn">
<msg time="2024-05-13T16:22:59.926009" level="INFO">Slept 3 seconds.</msg>
<arg>3s</arg>
<doc>Pauses the test executed for the given time.</doc>
<status status="PASS" start="2024-05-13T16:22:56.925610" elapsed="3.000638"/>
</kw>
<status status="PASS" start="2024-05-13T16:22:56.854494" elapsed="3.071972"/>
</kw>
<kw name="Passo 5 - Clicar em Cadastros" owner="FRONT">
<kw name="Wait Until Element Is Visible" owner="SeleniumLibrary">
<arg>locator=${cadastro}</arg>
<doc>Waits until the element ``locator`` is visible.</doc>
<status status="PASS" start="2024-05-13T16:22:59.927535" elapsed="0.031165"/>
</kw>
<kw name="Click Element" owner="SeleniumLibrary">
<msg time="2024-05-13T16:22:59.959100" level="INFO">Clicking element '//div[@id='Cadastros']/../..//div[@role='button']'.</msg>
<arg>locator=${cadastro}</arg>
<doc>Click the element identified by ``locator``.</doc>
<status status="PASS" start="2024-05-13T16:22:59.958878" elapsed="0.032245"/>
</kw>
<status status="PASS" start="2024-05-13T16:22:59.926957" elapsed="0.064328"/>
</kw>
<kw name="Passo 6 - Clicar em Usuários" owner="FRONT">
<kw name="Wait Until Element Is Visible" owner="SeleniumLibrary">
<arg>locator=${usuario}</arg>
<doc>Waits until the element ``locator`` is visible.</doc>
<status status="PASS" start="2024-05-13T16:22:59.992071" elapsed="0.016099"/>
</kw>
<kw name="Click Element" owner="SeleniumLibrary">
<msg time="2024-05-13T16:23:00.008647" level="INFO">Clicking element '//div[contains(@id,'Usuários')]'.</msg>
<arg>locator=${usuario}</arg>
<doc>Click the element identified by ``locator``.</doc>
<status status="PASS" start="2024-05-13T16:23:00.008386" elapsed="0.036970"/>
</kw>
<status status="PASS" start="2024-05-13T16:22:59.991644" elapsed="0.053871"/>
</kw>
<kw name="Passo 7 - Clicar no botão novo cadastro" owner="FRONT">
<kw name="Wait Until Element Is Visible" owner="SeleniumLibrary">
<arg>locator=${buttomnovocadastro}</arg>
<doc>Waits until the element ``locator`` is visible.</doc>
<status status="PASS" start="2024-05-13T16:23:00.046210" elapsed="0.275777"/>
</kw>
<kw name="Click Button" owner="SeleniumLibrary">
<msg time="2024-05-13T16:23:00.324678" level="INFO">Clicking button 'Novo Cadastro'.</msg>
<arg>locator=${buttomnovocadastro}</arg>
<doc>Clicks the button identified by ``locator``.</doc>
<status status="PASS" start="2024-05-13T16:23:00.323299" elapsed="0.534706"/>
</kw>
<status status="PASS" start="2024-05-13T16:23:00.045819" elapsed="0.812493"/>
</kw>
<kw name="FullName em branco" owner="FRONT">
<kw name="Wait Until Element Is Visible" owner="SeleniumLibrary">
<arg>locator=${fullnameImput}</arg>
<doc>Waits until the element ``locator`` is visible.</doc>
<status status="PASS" start="2024-05-13T16:23:00.859225" elapsed="0.117891"/>
</kw>
<kw name="Input Text" owner="SeleniumLibrary">
<msg time="2024-05-13T16:23:00.977514" level="INFO">Typing text '' into text field 'fullName'.</msg>
<arg>locator=${fullnameImput}</arg>
<arg>text=</arg>
<doc>Types the given ``text`` into the text field identified by ``locator``.</doc>
<status status="PASS" start="2024-05-13T16:23:00.977288" elapsed="0.052467"/>
</kw>
<status status="PASS" start="2024-05-13T16:23:00.858783" elapsed="0.171093"/>
</kw>
<kw name=" Email em branco" owner="FRONT">
<kw name="Wait Until Element Is Visible" owner="SeleniumLibrary">
<arg>locator=${mailcadastroInput}</arg>
<doc>Waits until the element ``locator`` is visible.</doc>
<status status="PASS" start="2024-05-13T16:23:01.030329" elapsed="0.019640"/>
</kw>
<kw name="Input Text" owner="SeleniumLibrary">
<msg time="2024-05-13T16:23:01.050442" level="INFO">Typing text '' into text field 'mail'.</msg>
<arg>locator=${mailcadastroInput}</arg>
<arg>text=</arg>
<doc>Types the given ``text`` into the text field identified by ``locator``.</doc>
<status status="PASS" start="2024-05-13T16:23:01.050203" elapsed="0.084167"/>
</kw>
<status status="PASS" start="2024-05-13T16:23:01.030105" elapsed="0.104448"/>
</kw>
<kw name="Perfil de acesso em branco" owner="FRONT">
<kw name="Wait Until Element Is Visible" owner="SeleniumLibrary">
<arg>locator=${accesprofileInput}</arg>
<doc>Waits until the element ``locator`` is visible.</doc>
<status status="PASS" start="2024-05-13T16:23:01.135063" elapsed="0.021816"/>
</kw>
<kw name="Input Text" owner="SeleniumLibrary">
<msg time="2024-05-13T16:23:01.158989" level="INFO">Typing text '' into text field 'accessProfile'.</msg>
<arg>locator=${accesprofileInput}</arg>
<arg>text=</arg>
<doc>Types the given ``text`` into the text field identified by ``locator``.</doc>
<status status="PASS" start="2024-05-13T16:23:01.157689" elapsed="0.079038"/>
</kw>
<status status="PASS" start="2024-05-13T16:23:01.134824" elapsed="0.102025"/>
</kw>
<kw name="CPF em branco" owner="FRONT">
<kw name="Wait Until Element Is Visible" owner="SeleniumLibrary">
<arg>locator=${cpfinput}</arg>
<doc>Waits until the element ``locator`` is visible.</doc>
<status status="PASS" start="2024-05-13T16:23:01.237628" elapsed="0.027450"/>
</kw>
<kw name="Input Text" owner="SeleniumLibrary">
<msg time="2024-05-13T16:23:01.268293" level="INFO">Typing text '' into text field 'cpf'.</msg>
<arg>locator=${cpfinput}</arg>
<arg>text=</arg>
<doc>Types the given ``text`` into the text field identified by ``locator``.</doc>
<status status="PASS" start="2024-05-13T16:23:01.266540" elapsed="0.216007"/>
</kw>
<status status="PASS" start="2024-05-13T16:23:01.237156" elapsed="0.245609"/>
</kw>
<kw name="Senha em branco" owner="FRONT">
<kw name="Wait Until Element Is Visible" owner="SeleniumLibrary">
<arg>locator=${passwordcadastroInput}</arg>
<doc>Waits until the element ``locator`` is visible.</doc>
<status status="PASS" start="2024-05-13T16:23:01.483829" elapsed="0.074453"/>
</kw>
<kw name="Input Password" owner="SeleniumLibrary">
<msg time="2024-05-13T16:23:01.562319" level="INFO">Typing password into text field 'password'.</msg>
<msg time="2024-05-13T16:23:01.694557" level="INFO">Temporally setting log level to: NONE</msg>
<arg>locator=${passwordcadastroInput}</arg>
<arg>password=</arg>
<doc>Types the given password into the text field identified by ``locator``.</doc>
<status status="PASS" start="2024-05-13T16:23:01.559694" elapsed="0.299369"/>
</kw>
<status status="PASS" start="2024-05-13T16:23:01.483113" elapsed="0.376559"/>
</kw>
<kw name="Confimar senha branco" owner="FRONT">
<kw name="Wait Until Element Is Visible" owner="SeleniumLibrary">
<arg>locator=${confirmpassword}</arg>
<doc>Waits until the element ``locator`` is visible.</doc>
<status status="PASS" start="2024-05-13T16:23:01.862766" elapsed="0.086748"/>
</kw>
<kw name="Input Password" owner="SeleniumLibrary">
<msg time="2024-05-13T16:23:01.953651" level="INFO">Typing password into text field 'confirmPassword'.</msg>
<msg time="2024-05-13T16:23:02.065673" level="INFO">Temporally setting log level to: NONE</msg>
<arg>locator=${confirmpassword}</arg>
<arg>password=</arg>
<doc>Types the given password into the text field identified by ``locator``.</doc>
<status status="PASS" start="2024-05-13T16:23:01.951355" elapsed="0.148036"/>
</kw>
<status status="PASS" start="2024-05-13T16:23:01.860905" elapsed="0.238585"/>
</kw>
<kw name="Clicar no botão salvar novo usuario" owner="FRONT">
<kw name="Wait Until Element Is Visible" owner="SeleniumLibrary">
<arg>locator=${buttonsave}</arg>
<doc>Waits until the element ``locator`` is visible.</doc>
<status status="PASS" start="2024-05-13T16:23:02.099922" elapsed="0.017346"/>
</kw>
<kw name="Click Button" owner="SeleniumLibrary">
<msg time="2024-05-13T16:23:02.117741" level="INFO">Clicking button 'save'.</msg>
<arg>locator=${buttonsave}</arg>
<doc>Clicks the button identified by ``locator``.</doc>
<status status="PASS" start="2024-05-13T16:23:02.117460" elapsed="0.058800"/>
</kw>
<kw name="Capture Element Screenshot" owner="SeleniumLibrary">
<msg time="2024-05-13T16:23:02.266125" level="INFO" html="true">&lt;/td&gt;&lt;/tr&gt;&lt;tr&gt;&lt;td colspan="3"&gt;&lt;a href="selenium-element-screenshot-65.png"&gt;&lt;img src="selenium-element-screenshot-65.png" width="400px"&gt;&lt;/a&gt;</msg>
<arg>locator=${teladocadastrodousuario}</arg>
<doc>Captures a screenshot from the element identified by ``locator`` and embeds it into log file.</doc>
<status status="PASS" start="2024-05-13T16:23:02.176531" elapsed="0.089756"/>
</kw>
<status status="PASS" start="2024-05-13T16:23:02.099701" elapsed="0.166700"/>
</kw>
<kw name="Fechar o navegador" owner="FRONT" type="TEARDOWN">
<kw name="Close Browser" owner="SeleniumLibrary">
<doc>Closes the current browser.</doc>
<status status="PASS" start="2024-05-13T16:23:02.267082" elapsed="0.056236"/>
</kw>
<status status="PASS" start="2024-05-13T16:23:02.266763" elapsed="0.056651"/>
</kw>
<status status="PASS" start="2024-05-13T16:22:56.031574" elapsed="6.291913"/>
</test>
<test id="s1-s3-t5" name="CT05 - cadastrar diretoria" line="69">
<kw name="Abrir o navegador" owner="FRONT" type="SETUP">
<kw name="Open Browser" owner="SeleniumLibrary">
<msg time="2024-05-13T16:23:02.324291" level="INFO">Opening browser 'headlesschrome' to base url 'None'.</msg>
<arg>browser=headlesschrome</arg>
<doc>Opens a new browser instance to the optional ``url``.</doc>
<status status="PASS" start="2024-05-13T16:23:02.324170" elapsed="0.375651"/>
</kw>
<kw name="Maximize Browser Window" owner="SeleniumLibrary">
<doc>Maximizes current browser window.</doc>
<status status="PASS" start="2024-05-13T16:23:02.699990" elapsed="0.014875"/>
</kw>
<status status="PASS" start="2024-05-13T16:23:02.323958" elapsed="0.391017"/>
</kw>
<kw name="Passo 1 - Acessar a página de login do academy" owner="FRONT">
<kw name="Go To" owner="SeleniumLibrary">
<msg time="2024-05-13T16:23:02.715642" level="INFO">Opening url 'https://automacao.qacoders-academy.com.br/login'</msg>
<arg>url=${URL}</arg>
<doc>Navigates the current browser window to the provided ``url``.</doc>
<status status="PASS" start="2024-05-13T16:23:02.715494" elapsed="0.281416"/>
</kw>
<status status="PASS" start="2024-05-13T16:23:02.715242" elapsed="0.281814"/>
</kw>
<kw name="Passo 2 - Digitar mail" owner="FRONT">
<kw name="Wait Until Element Is Visible" owner="SeleniumLibrary">
<arg>locator=${mailInput}</arg>
<doc>Waits until the element ``locator`` is visible.</doc>
<status status="PASS" start="2024-05-13T16:23:02.997597" elapsed="0.036424"/>
</kw>
<kw name="Input Text" owner="SeleniumLibrary">
<msg time="2024-05-13T16:23:03.034436" level="INFO">Typing text 'sysadmin@qacoders.com' into text field '//input[contains(@type,'text')]'.</msg>
<arg>locator=${mailInput}</arg>
<arg>text=${mailLogin}</arg>
<doc>Types the given ``text`` into the text field identified by ``locator``.</doc>
<status status="PASS" start="2024-05-13T16:23:03.034191" elapsed="0.101735"/>
</kw>
<status status="PASS" start="2024-05-13T16:23:02.997323" elapsed="0.138704"/>
</kw>
<kw name="Passo 3 - Digitar uma senha" owner="FRONT">
<kw name="Wait Until Element Is Visible" owner="SeleniumLibrary">
<arg>locator=${passwordinput}</arg>
<doc>Waits until the element ``locator`` is visible.</doc>
<status status="PASS" start="2024-05-13T16:23:03.136445" elapsed="0.024140"/>
</kw>
<kw name="Input Password" owner="SeleniumLibrary">
<msg time="2024-05-13T16:23:03.163667" level="INFO">Typing password into text field '//input[contains(@type,'password')]'.</msg>
<msg time="2024-05-13T16:23:03.186885" level="INFO">Temporally setting log level to: NONE</msg>
<arg>locator=${passwordinput}</arg>
<arg>password=${password}</arg>
<doc>Types the given password into the text field identified by ``locator``.</doc>
<status status="PASS" start="2024-05-13T16:23:03.161840" elapsed="0.056759"/>
</kw>
<status status="PASS" start="2024-05-13T16:23:03.136228" elapsed="0.082488"/>
</kw>
<kw name="Passo 4 - Clicar em entrar" owner="FRONT">
<kw name="Wait Until Element Is Visible" owner="SeleniumLibrary">
<arg>locator=${buttomentrar}</arg>
<doc>Waits until the element ``locator`` is visible.</doc>
<status status="PASS" start="2024-05-13T16:23:03.219177" elapsed="0.018330"/>
</kw>
<kw name="Click Button" owner="SeleniumLibrary">
<msg time="2024-05-13T16:23:03.239620" level="INFO">Clicking button '//button[@class='MuiButtonBase-root MuiButton-root MuiButton-contained MuiButton-containedOrange MuiButton-sizeMedium MuiButton-containedSizeMedium MuiButton-root MuiButton-contained MuiButton-containedOrange MuiButton-sizeMedium MuiButton-containedSizeMedium css-ojf4v2'][contains(.,'Entrar')]'.</msg>
<arg>locator=${buttomentrar}</arg>
<doc>Clicks the button identified by ``locator``.</doc>
<status status="PASS" start="2024-05-13T16:23:03.238446" elapsed="0.052194"/>
</kw>
<kw name="Sleep" owner="BuiltIn">
<msg time="2024-05-13T16:23:06.291307" level="INFO">Slept 3 seconds.</msg>
<arg>3s</arg>
<doc>Pauses the test executed for the given time.</doc>
<status status="PASS" start="2024-05-13T16:23:03.290858" elapsed="3.000773"/>
</kw>
<status status="PASS" start="2024-05-13T16:23:03.218947" elapsed="3.073104"/>
</kw>
<kw name="Passo 5 - Clicar em Cadastros" owner="FRONT">
<kw name="Wait Until Element Is Visible" owner="SeleniumLibrary">
<arg>locator=${cadastro}</arg>
<doc>Waits until the element ``locator`` is visible.</doc>
<status status="PASS" start="2024-05-13T16:23:06.293717" elapsed="0.077543"/>
</kw>
<kw name="Click Element" owner="SeleniumLibrary">
<msg time="2024-05-13T16:23:06.376098" level="INFO">Clicking element '//div[@id='Cadastros']/../..//div[@role='button']'.</msg>
<arg>locator=${cadastro}</arg>
<doc>Click the element identified by ``locator``.</doc>
<status status="PASS" start="2024-05-13T16:23:06.373400" elapsed="0.268497"/>
</kw>
<status status="PASS" start="2024-05-13T16:23:06.292809" elapsed="0.349308"/>
</kw>
<kw name="Clicar em diretorias" owner="FRONT">
<kw name="Wait Until Element Is Visible" owner="SeleniumLibrary">
<arg>locator=${diretoria}</arg>
<doc>Waits until the element ``locator`` is visible.</doc>
<status status="PASS" start="2024-05-13T16:23:06.650725" elapsed="0.119784"/>
</kw>
<kw name="Click Element" owner="SeleniumLibrary">
<msg time="2024-05-13T16:23:06.775750" level="INFO">Clicking element '//span[@class='MuiTypography-root MuiTypography-body1 MuiListItemText-primary css-yb0lig'][contains(.,'Diretorias')]'.</msg>
<arg>locator=${diretoria}</arg>
<doc>Click the element identified by ``locator``.</doc>
<status status="PASS" start="2024-05-13T16:23:06.771579" elapsed="0.244265"/>
</kw>
<status status="PASS" start="2024-05-13T16:23:06.646603" elapsed="0.369417"/>
</kw>
<kw name="Clicar em novo cadastro" owner="FRONT">
<kw name="Wait Until Element Is Visible" owner="SeleniumLibrary">
<arg>locator=${novocadastrobuttomdire}</arg>
<doc>Waits until the element ``locator`` is visible.</doc>
<status status="PASS" start="2024-05-13T16:23:07.017688" elapsed="0.221721"/>
</kw>
<kw name="Click Button" owner="SeleniumLibrary">
<msg time="2024-05-13T16:23:07.240116" level="INFO">Clicking button 'Novo Cadastro'.</msg>
<arg>locator=${novocadastrobuttomdire}</arg>
<doc>Clicks the button identified by ``locator``.</doc>
<status status="PASS" start="2024-05-13T16:23:07.239747" elapsed="0.195334"/>
</kw>
<status status="PASS" start="2024-05-13T16:23:07.016508" elapsed="0.419035"/>
</kw>
<kw name="digitar dados da diretoria" owner="FRONT">
<kw name="Generate Random String" owner="String">
<msg time="2024-05-13T16:23:07.443952" level="INFO">${board_randomica} = RbpxzsWZ</msg>
<var>${board_randomica}</var>
<arg>8</arg>
<arg>chars=[LETTERS]</arg>
<doc>Generates a string with a desired ``length`` from the given ``chars``.</doc>
<status status="PASS" start="2024-05-13T16:23:07.438751" elapsed="0.005285"/>
</kw>
<kw name="Convert To Lower Case" owner="String">
<msg time="2024-05-13T16:23:07.447489" level="INFO">${board_randomica} = rbpxzswz</msg>
<var>${board_randomica}</var>
<arg>${board_randomica}</arg>
<doc>Converts string to lower case.</doc>
<status status="PASS" start="2024-05-13T16:23:07.445739" elapsed="0.001839"/>
</kw>
<kw name="Set Test Variable" owner="BuiltIn">
<msg time="2024-05-13T16:23:07.451113" level="INFO">${nomedoboard} = rbpxzswz</msg>
<arg>${nomedoboard}</arg>
<arg>${board_randomica}</arg>
<doc>Makes a variable available everywhere within the scope of the current test.</doc>
<status status="PASS" start="2024-05-13T16:23:07.448433" elapsed="0.002816"/>
</kw>
<kw name="Log" owner="BuiltIn">
<msg time="2024-05-13T16:23:07.452635" level="INFO">rbpxzswz</msg>
<arg>${nomedoboard}</arg>
<doc>Logs the given message with the given level.</doc>
<status status="PASS" start="2024-05-13T16:23:07.451592" elapsed="0.001270"/>
</kw>
<kw name="Wait Until Element Is Visible" owner="SeleniumLibrary">
<arg>locator=${boardname}</arg>
<doc>Waits until the element ``locator`` is visible.</doc>
<status status="PASS" start="2024-05-13T16:23:07.453506" elapsed="0.337882"/>
</kw>
<kw name="Input Text" owner="SeleniumLibrary">
<msg time="2024-05-13T16:23:07.793446" level="INFO">Typing text 'rbpxzswz' into text field 'boardName'.</msg>
<arg>locator=${boardname}</arg>
<arg>text=${nomedoboard}</arg>
<doc>Types the given ``text`` into the text field identified by ``locator``.</doc>
<status status="PASS" start="2024-05-13T16:23:07.792115" elapsed="0.136110"/>
</kw>
<status status="PASS" start="2024-05-13T16:23:07.437181" elapsed="0.491151"/>
</kw>
<kw name="Clicar no botão salvar novo" owner="FRONT">
<kw name="Wait Until Element Is Visible" owner="SeleniumLibrary">
<arg>locator=${bottonsalvarnovo}</arg>
<doc>Waits until the element ``locator`` is visible.</doc>
<status status="PASS" start="2024-05-13T16:23:07.928937" elapsed="0.021159"/>
</kw>
<kw name="Click Button" owner="SeleniumLibrary">
<msg time="2024-05-13T16:23:07.950641" level="INFO">Clicking button 'save'.</msg>
<arg>locator=${bottonsalvarnovo}</arg>
<doc>Clicks the button identified by ``locator``.</doc>
<status status="PASS" start="2024-05-13T16:23:07.950346" elapsed="0.049457"/>
</kw>
<status status="PASS" start="2024-05-13T16:23:07.928653" elapsed="0.071541"/>
</kw>
<kw name="Fechar o navegador" owner="FRONT" type="TEARDOWN">
<kw name="Close Browser" owner="SeleniumLibrary">
<doc>Closes the current browser.</doc>
<status status="PASS" start="2024-05-13T16:23:08.001426" elapsed="0.057626"/>
</kw>
<status status="PASS" start="2024-05-13T16:23:08.000907" elapsed="0.058252"/>
</kw>
<status status="PASS" start="2024-05-13T16:23:02.323699" elapsed="5.735572"/>
</test>
<test id="s1-s3-t6" name="CT06 - Editar diretorias" line="79">
<kw name="Abrir o navegador" owner="FRONT" type="SETUP">
<kw name="Open Browser" owner="SeleniumLibrary">
<msg time="2024-05-13T16:23:08.060127" level="INFO">Opening browser 'headlesschrome' to base url 'None'.</msg>
<arg>browser=headlesschrome</arg>
<doc>Opens a new browser instance to the optional ``url``.</doc>
<status status="PASS" start="2024-05-13T16:23:08.060001" elapsed="0.355487"/>
</kw>
<kw name="Maximize Browser Window" owner="SeleniumLibrary">
<doc>Maximizes current browser window.</doc>
<status status="PASS" start="2024-05-13T16:23:08.415733" elapsed="0.012948"/>
</kw>
<status status="PASS" start="2024-05-13T16:23:08.059785" elapsed="0.369022"/>
</kw>
<kw name="Passo 1 - Acessar a página de login do academy" owner="FRONT">
<kw name="Go To" owner="SeleniumLibrary">
<msg time="2024-05-13T16:23:08.429375" level="INFO">Opening url 'https://automacao.qacoders-academy.com.br/login'</msg>
<arg>url=${URL}</arg>
<doc>Navigates the current browser window to the provided ``url``.</doc>
<status status="PASS" start="2024-05-13T16:23:08.429245" elapsed="0.265133"/>
</kw>
<status status="PASS" start="2024-05-13T16:23:08.429026" elapsed="0.265454"/>
</kw>
<kw name="Passo 2 - Digitar mail" owner="FRONT">
<kw name="Wait Until Element Is Visible" owner="SeleniumLibrary">
<arg>locator=${mailInput}</arg>
<doc>Waits until the element ``locator`` is visible.</doc>
<status status="PASS" start="2024-05-13T16:23:08.694953" elapsed="0.038343"/>
</kw>
<kw name="Input Text" owner="SeleniumLibrary">
<msg time="2024-05-13T16:23:08.733708" level="INFO">Typing text 'sysadmin@qacoders.com' into text field '//input[contains(@type,'text')]'.</msg>
<arg>locator=${mailInput}</arg>
<arg>text=${mailLogin}</arg>
<doc>Types the given ``text`` into the text field identified by ``locator``.</doc>
<status status="PASS" start="2024-05-13T16:23:08.733465" elapsed="0.107559"/>
</kw>
<status status="PASS" start="2024-05-13T16:23:08.694701" elapsed="0.146431"/>
</kw>
<kw name="Passo 3 - Digitar uma senha" owner="FRONT">
<kw name="Wait Until Element Is Visible" owner="SeleniumLibrary">
<arg>locator=${passwordinput}</arg>
<doc>Waits until the element ``locator`` is visible.</doc>
<status status="PASS" start="2024-05-13T16:23:08.841589" elapsed="0.027713"/>
</kw>
<kw name="Input Password" owner="SeleniumLibrary">
<msg time="2024-05-13T16:23:08.871130" level="INFO">Typing password into text field '//input[contains(@type,'password')]'.</msg>
<msg time="2024-05-13T16:23:08.893329" level="INFO">Temporally setting log level to: NONE</msg>
<arg>locator=${passwordinput}</arg>
<arg>password=${password}</arg>
<doc>Types the given password into the text field identified by ``locator``.</doc>
<status status="PASS" start="2024-05-13T16:23:08.870024" elapsed="0.055194"/>
</kw>
<status status="PASS" start="2024-05-13T16:23:08.841353" elapsed="0.083969"/>
</kw>
<kw name="Passo 4 - Clicar em entrar" owner="FRONT">
<kw name="Wait Until Element Is Visible" owner="SeleniumLibrary">
<arg>locator=${buttomentrar}</arg>
<doc>Waits until the element ``locator`` is visible.</doc>
<status status="PASS" start="2024-05-13T16:23:08.925747" elapsed="0.014859"/>
</kw>
<kw name="Click Button" owner="SeleniumLibrary">
<msg time="2024-05-13T16:23:08.940990" level="INFO">Clicking button '//button[@class='MuiButtonBase-root MuiButton-root MuiButton-contained MuiButton-containedOrange MuiButton-sizeMedium MuiButton-containedSizeMedium MuiButton-root MuiButton-contained MuiButton-containedOrange MuiButton-sizeMedium MuiButton-containedSizeMedium css-ojf4v2'][contains(.,'Entrar')]'.</msg>
<arg>locator=${buttomentrar}</arg>
<doc>Clicks the button identified by ``locator``.</doc>
<status status="PASS" start="2024-05-13T16:23:08.940772" elapsed="0.056880"/>
</kw>
<kw name="Sleep" owner="BuiltIn">
<msg time="2024-05-13T16:23:11.998366" level="INFO">Slept 3 seconds.</msg>
<arg>3s</arg>
<doc>Pauses the test executed for the given time.</doc>
<status status="PASS" start="2024-05-13T16:23:08.997867" elapsed="3.000742"/>
</kw>
<status status="PASS" start="2024-05-13T16:23:08.925531" elapsed="3.073293"/>
</kw>
<kw name="Passo 5 - Clicar em Cadastros" owner="FRONT">
<kw name="Wait Until Element Is Visible" owner="SeleniumLibrary">
<arg>locator=${cadastro}</arg>
<doc>Waits until the element ``locator`` is visible.</doc>
<status status="PASS" start="2024-05-13T16:23:11.999993" elapsed="0.037416"/>
</kw>
<kw name="Click Element" owner="SeleniumLibrary">
<msg time="2024-05-13T16:23:12.037828" level="INFO">Clicking element '//div[@id='Cadastros']/../..//div[@role='button']'.</msg>
<arg>locator=${cadastro}</arg>
<doc>Click the element identified by ``locator``.</doc>
<status status="PASS" start="2024-05-13T16:23:12.037577" elapsed="0.028901"/>
</kw>
<status status="PASS" start="2024-05-13T16:23:11.999293" elapsed="0.067292"/>
</kw>
<kw name="Clicar em diretorias" owner="FRONT">
<kw name="Wait Until Element Is Visible" owner="SeleniumLibrary">
<arg>locator=${diretoria}</arg>
<doc>Waits until the element ``locator`` is visible.</doc>
<status status="PASS" start="2024-05-13T16:23:12.067112" elapsed="0.014077"/>
</kw>
<kw name="Click Element" owner="SeleniumLibrary">
<msg time="2024-05-13T16:23:12.081597" level="INFO">Clicking element '//span[@class='MuiTypography-root MuiTypography-body1 MuiListItemText-primary css-yb0lig'][contains(.,'Diretorias')]'.</msg>
<arg>locator=${diretoria}</arg>
<doc>Click the element identified by ``locator``.</doc>
<status status="PASS" start="2024-05-13T16:23:12.081378" elapsed="0.041641"/>
</kw>
<status status="PASS" start="2024-05-13T16:23:12.066798" elapsed="0.056365"/>
</kw>
<kw name="Clicar no editar" owner="FRONT">
<kw name="Wait Until Element Is Visible" owner="SeleniumLibrary">
<arg>locator=${buttoneditar}</arg>
<doc>Waits until the element ``locator`` is visible.</doc>
<status status="PASS" start="2024-05-13T16:23:12.123792" elapsed="0.437272"/>
</kw>
<kw name="Click Button" owner="SeleniumLibrary">
<msg time="2024-05-13T16:23:12.561434" level="INFO">Clicking button '(//button[contains(@id,'edit')])[1]'.</msg>
<arg>locator=${buttoneditar}</arg>
<doc>Clicks the button identified by ``locator``.</doc>
<status status="PASS" start="2024-05-13T16:23:12.561223" elapsed="0.038098"/>
</kw>
<status status="PASS" start="2024-05-13T16:23:12.123473" elapsed="0.476004"/>
</kw>
<kw name="Alterar o dado do cadastro" owner="FRONT">
<kw name="Generate Random String" owner="String">
<msg time="2024-05-13T16:23:12.600504" level="INFO">${editar_randomica} = RugfHEjx</msg>
<var>${editar_randomica}</var>
<arg>8</arg>
<arg>chars=[LETTERS]</arg>
<doc>Generates a string with a desired ``length`` from the given ``chars``.</doc>
<status status="PASS" start="2024-05-13T16:23:12.600103" elapsed="0.000444"/>
</kw>
<kw name="Convert To Lower Case" owner="String">
<msg time="2024-05-13T16:23:12.600891" level="INFO">${editar_randomica} = rugfhejx</msg>
<var>${editar_randomica}</var>
<arg>${editar_randomica}</arg>
<doc>Converts string to lower case.</doc>
<status status="PASS" start="2024-05-13T16:23:12.600711" elapsed="0.000208"/>
</kw>
<kw name="Set Test Variable" owner="BuiltIn">
<msg time="2024-05-13T16:23:12.602190" level="INFO">${editardoboard} = rugfhejx</msg>
<arg>${editardoboard}</arg>
<arg>${editar_randomica}</arg>
<doc>Makes a variable available everywhere within the scope of the current test.</doc>
<status status="PASS" start="2024-05-13T16:23:12.601043" elapsed="0.001223"/>
</kw>
<kw name="Log" owner="BuiltIn">
<msg time="2024-05-13T16:23:12.602631" level="INFO">rugfhejx</msg>
<arg>${editardoboard}</arg>
<doc>Logs the given message with the given level.</doc>
<status status="PASS" start="2024-05-13T16:23:12.602445" elapsed="0.000240"/>
</kw>
<kw name="Wait Until Element Is Visible" owner="SeleniumLibrary">
<arg>locator=${editardiretoria}</arg>
<doc>Waits until the element ``locator`` is visible.</doc>
<status status="PASS" start="2024-05-13T16:23:12.602834" elapsed="0.028189"/>
</kw>
<kw name="Input Text" owner="SeleniumLibrary">
<msg time="2024-05-13T16:23:12.631612" level="INFO">Typing text 'rugfhejx' into text field 'boardName'.</msg>
<arg>locator=${editardiretoria}</arg>
<arg>text=${editardoboard}</arg>
<doc>Types the given ``text`` into the text field identified by ``locator``.</doc>
<status status="PASS" start="2024-05-13T16:23:12.631260" elapsed="0.075720"/>
</kw>
<kw name="Wait Until Element Is Visible" owner="SeleniumLibrary">
<arg>locator=${editardiretoria}</arg>
<doc>Waits until the element ``locator`` is visible.</doc>
<status status="PASS" start="2024-05-13T16:23:12.707173" elapsed="0.009980"/>
</kw>
<kw name="Input Text" owner="SeleniumLibrary">
<msg time="2024-05-13T16:23:12.717733" level="INFO">Typing text 'rugfhejx' into text field 'boardName'.</msg>
<arg>locator=${editardiretoria}</arg>
<arg>text=${editardoboard}</arg>
<doc>Types the given ``text`` into the text field identified by ``locator``.</doc>
<status status="PASS" start="2024-05-13T16:23:12.717393" elapsed="0.060952"/>
</kw>
<status status="PASS" start="2024-05-13T16:23:12.599759" elapsed="0.178840"/>
</kw>
<kw name="Clicar em salvar alterações" owner="FRONT">
<kw name="Wait Until Element Is Visible" owner="SeleniumLibrary">
<arg>locator=${buttomsalvaralteracao}</arg>
<doc>Waits until the element ``locator`` is visible.</doc>
<status status="PASS" start="2024-05-13T16:23:12.779419" elapsed="0.021500"/>
</kw>
<kw name="Click Button" owner="SeleniumLibrary">
<msg time="2024-05-13T16:23:12.801569" level="INFO">Clicking button 'save'.</msg>
<arg>locator=${buttomsalvaralteracao}</arg>
<doc>Clicks the button identified by ``locator``.</doc>
<status status="PASS" start="2024-05-13T16:23:12.801130" elapsed="0.072873"/>
</kw>
<status status="PASS" start="2024-05-13T16:23:12.779029" elapsed="0.095095"/>
</kw>
<kw name="Fechar o navegador" owner="FRONT" type="TEARDOWN">
<kw name="Close Browser" owner="SeleniumLibrary">
<doc>Closes the current browser.</doc>
<status status="PASS" start="2024-05-13T16:23:12.874817" elapsed="0.056075"/>
</kw>
<status status="PASS" start="2024-05-13T16:23:12.874513" elapsed="0.056511"/>
</kw>
<status status="PASS" start="2024-05-13T16:23:08.059533" elapsed="4.871600"/>
</test>
<status status="PASS" start="2024-05-13T16:22:40.744053" elapsed="32.187452"/>
</suite>
<status status="PASS" start="2024-05-13T16:22:24.350566" elapsed="48.581497"/>
</suite>
<statistics>
<total>
<stat pass="10" fail="0" skip="0">All Tests</stat>
</total>
<tag>
</tag>
<suite>
<stat pass="10" fail="0" skip="0" id="s1" name="Tests">Tests</stat>
<stat pass="3" fail="0" skip="0" id="s1-s1" name="Login">Tests.Login</stat>
<stat pass="1" fail="0" skip="0" id="s1-s2" name="Logout">Tests.Logout</stat>
<stat pass="6" fail="0" skip="0" id="s1-s3" name="Usuario&amp;Diretoria">Tests.Usuario&amp;Diretoria</stat>
</suite>
</statistics>
<errors>
</errors>
</robot>
